;  LST file generated by mikroListExporter - v.2.0 
; Date/Time: 24.10.2018. 12:58:54
;----------------------------------------------

;Address Opcode 	ASM
0x0000	0x0000000409E8  	GOTO	_main
0x0004	0x000000  	0
0x0006	0x000000  	0
0x0008	0x000000  	0
0x000A	0x000000  	0
0x000C	0x000000  	0
0x000E	0x000000  	0
0x0010	0x000000  	0
0x0012	0x000000  	0
0x0014	0x000000  	0
0x0016	0x000000  	0
0x0018	0x000000  	0
0x001A	0x000000  	0
0x001C	0x000000  	0
0x001E	0x000000  	0
0x0020	0x000000  	0
0x0022	0x000000  	0
0x0024	0x000000  	0
0x0026	0x000000  	0
0x0028	0x000000  	0
0x002A	0x000000  	0
0x002C	0x000000  	0
0x002E	0x000000  	0
0x0030	0x000000  	0
0x0032	0x000000  	0
0x0034	0x000000  	0
0x0036	0x000000  	0
0x0038	0x000000  	0
0x003A	0x000000  	0
0x003C	0x000000  	0
0x003E	0x000000  	0
0x0040	0x000000  	0
0x0042	0x000000  	0
0x0044	0x000000  	0
0x0046	0x000000  	0
0x0048	0x000000  	0
0x004A	0x000000  	0
0x004C	0x000000  	0
0x004E	0x000000  	0
0x0050	0x000000  	0
0x0052	0x000000  	0
0x0054	0x000000  	0
0x0056	0x000000  	0
0x0058	0x000000  	0
0x005A	0x000000  	0
0x005C	0x000000  	0
0x005E	0x000000  	0
0x0060	0x000000  	0
0x0062	0x000000  	0
0x0064	0x000000  	0
0x0066	0x000000  	0
0x0068	0x000000  	0
0x006A	0x000000  	0
0x006C	0x000000  	0
0x006E	0x000000  	0
0x0070	0x000000  	0
0x0072	0x000000  	0
0x0074	0x000000  	0
0x0076	0x000000  	0
0x0078	0x000000  	0
0x007A	0x000000  	0
0x007C	0x000000  	0
0x007E	0x000000  	0
0x0080	0x000000  	0
0x0082	0x000000  	0
0x0084	0x000000  	0
0x0086	0x000000  	0
0x0088	0x000000  	0
0x008A	0x000000  	0
0x008C	0x000000  	0
0x008E	0x000000  	0
0x0090	0x000000  	0
0x0092	0x000000  	0
0x0094	0x000000  	0
0x0096	0x000000  	0
0x0098	0x000000  	0
0x009A	0x000000  	0
0x009C	0x000000  	0
0x009E	0x000000  	0
0x00A0	0x000000  	0
0x00A2	0x000000  	0
0x00A4	0x000000  	0
0x00A6	0x000000  	0
0x00A8	0x000000  	0
0x00AA	0x000000  	0
0x00AC	0x000000  	0
0x00AE	0x000000  	0
0x00B0	0x000000  	0
0x00B2	0x000000  	0
0x00B4	0x000000  	0
0x00B6	0x000000  	0
0x00B8	0x000000  	0
0x00BA	0x000000  	0
0x00BC	0x000000  	0
0x00BE	0x000000  	0
0x00C0	0x000000  	0
0x00C2	0x000000  	0
0x00C4	0x000000  	0
0x00C6	0x000000  	0
0x00C8	0x000000  	0
0x00CA	0x000000  	0
0x00CC	0x000000  	0
0x00CE	0x000000  	0
0x00D0	0x000000  	0
0x00D2	0x000000  	0
0x00D4	0x000000  	0
0x00D6	0x000000  	0
0x00D8	0x000000  	0
0x00DA	0x000000  	0
0x00DC	0x000000  	0
0x00DE	0x000000  	0
0x00E0	0x000000  	0
0x00E2	0x000000  	0
0x00E4	0x000000  	0
0x00E6	0x000000  	0
0x00E8	0x000000  	0
0x00EA	0x000000  	0
0x00EC	0x000000  	0
0x00EE	0x000000  	0
0x00F0	0x000000  	0
0x00F2	0x000000  	0
0x00F4	0x000000  	0
0x00F6	0x000000  	0
0x00F8	0x000000  	0
0x00FA	0x000000  	0
0x00FC	0x000000  	0
0x00FE	0x000000  	0
0x0100	0x000000  	0
0x0102	0x000000  	0
0x0104	0x000000  	0
0x0106	0x000000  	0
0x0108	0x000000  	0
0x010A	0x000000  	0
0x010C	0x000000  	0
0x010E	0x000000  	0
0x0110	0x000000  	0
0x0112	0x000000  	0
0x0114	0x000000  	0
0x0116	0x000000  	0
0x0118	0x000000  	0
0x011A	0x000000  	0
0x011C	0x000000  	0
0x011E	0x000000  	0
0x0120	0x000000  	0
0x0122	0x000000  	0
0x0124	0x000000  	0
0x0126	0x000000  	0
0x0128	0x000000  	0
0x012A	0x000000  	0
0x012C	0x000000  	0
0x012E	0x000000  	0
0x0130	0x000000  	0
0x0132	0x000000  	0
0x0134	0x000000  	0
0x0136	0x000000  	0
0x0138	0x000000  	0
0x013A	0x000000  	0
0x013C	0x000000  	0
0x013E	0x000000  	0
0x0140	0x000000  	0
0x0142	0x000000  	0
0x0144	0x000000  	0
0x0146	0x000000  	0
0x0148	0x000000  	0
0x014A	0x000000  	0
0x014C	0x000000  	0
0x014E	0x000000  	0
0x0150	0x000000  	0
0x0152	0x000000  	0
0x0154	0x000000  	0
0x0156	0x000000  	0
0x0158	0x000000  	0
0x015A	0x000000  	0
0x015C	0x000000  	0
0x015E	0x000000  	0
0x0160	0x000000  	0
0x0162	0x000000  	0
0x0164	0x000000  	0
0x0166	0x000000  	0
0x0168	0x000000  	0
0x016A	0x000000  	0
0x016C	0x000000  	0
0x016E	0x000000  	0
0x0170	0x000000  	0
0x0172	0x000000  	0
0x0174	0x000000  	0
0x0176	0x000000  	0
0x0178	0x000000  	0
0x017A	0x000000  	0
0x017C	0x000000  	0
0x017E	0x000000  	0
0x0180	0x000000  	0
0x0182	0x000000  	0
0x0184	0x000000  	0
0x0186	0x000000  	0
0x0188	0x000000  	0
0x018A	0x000000  	0
0x018C	0x000000  	0
0x018E	0x000000  	0
0x0190	0x000000  	0
0x0192	0x000000  	0
0x0194	0x000000  	0
0x0196	0x000000  	0
0x0198	0x000000  	0
0x019A	0x000000  	0
0x019C	0x000000  	0
0x019E	0x000000  	0
0x01A0	0x000000  	0
0x01A2	0x000000  	0
0x01A4	0x000000  	0
0x01A6	0x000000  	0
0x01A8	0x000000  	0
0x01AA	0x000000  	0
0x01AC	0x000000  	0
0x01AE	0x000000  	0
0x01B0	0x000000  	0
0x01B2	0x000000  	0
0x01B4	0x000000  	0
0x01B6	0x000000  	0
0x01B8	0x000000  	0
0x01BA	0x000000  	0
0x01BC	0x000000  	0
0x01BE	0x000000  	0
0x01C0	0x000000  	0
0x01C2	0x000000  	0
0x01C4	0x000000  	0
0x01C6	0x000000  	0
0x01C8	0x000000  	0
0x01CA	0x000000  	0
0x01CC	0x000000  	0
0x01CE	0x000000  	0
0x01D0	0x000000  	0
0x01D2	0x000000  	0
0x01D4	0x000000  	0
0x01D6	0x000000  	0
0x01D8	0x000000  	0
0x01DA	0x000000  	0
0x01DC	0x000000  	0
0x01DE	0x000000  	0
0x01E0	0x000000  	0
0x01E2	0x000000  	0
0x01E4	0x000000  	0
0x01E6	0x000000  	0
0x01E8	0x000000  	0
0x01EA	0x000000  	0
0x01EC	0x000000  	0
0x01EE	0x000000  	0
0x01F0	0x000000  	0
0x01F2	0x000000  	0
0x01F4	0x000000  	0
0x01F6	0x000000  	0
0x01F8	0x000000  	0
0x01FA	0x000000  	0
0x01FC	0x000000  	0
0x01FE	0x000000  	0
_main:
0x09E8	0x208A0F  	MOV	#2208, W15
0x09EA	0x27FFF0  	MOV	#32767, W0
0x09EC	0xB7A020  	MOV	WREG, SPLIM
0x09EE	0x200010  	MOV	#1, W0
0x09F0	0xB7A034  	MOV	WREG, PSVPAG
0x09F2	0x200040  	MOV	#4, W0
0x09F4	0xB72044  	IOR	CORCON
0x09F6	0x000000020A08  	CALL	2568
0x09FA	0x000000020A12  	CALL	2578
;Click_Slider2_DSPIC.c,66 :: 		void main()
;Click_Slider2_DSPIC.c,68 :: 		systemInit();
0x09FE	0x07FFB0  	RCALL	_systemInit
;Click_Slider2_DSPIC.c,69 :: 		applicationInit();
0x0A00	0x07FFCB  	RCALL	_applicationInit
;Click_Slider2_DSPIC.c,71 :: 		while (1)
L_main4:
;Click_Slider2_DSPIC.c,73 :: 		applicationTask();
0x0A02	0x07FFD9  	RCALL	_applicationTask
;Click_Slider2_DSPIC.c,74 :: 		}
0x0A04	0x37FFFE  	BRA	L_main4
;Click_Slider2_DSPIC.c,75 :: 		}
L_end_main:
L__main_end_loop:
0x0A06	0x37FFFF  	BRA	L__main_end_loop
; end of _main
_systemInit:
;Click_Slider2_DSPIC.c,33 :: 		void systemInit()
;Click_Slider2_DSPIC.c,35 :: 		mikrobus_gpioInit( _MIKROBUS1, _MIKROBUS_PWM_PIN, _GPIO_OUTPUT );
0x0960	0x781F8A  	PUSH	W10
0x0962	0x781F8B  	PUSH	W11
0x0964	0x781F8C  	PUSH	W12
0x0966	0xEF2018  	CLR	W12
0x0968	0xB3C06B  	MOV.B	#6, W11
0x096A	0xEF2014  	CLR	W10
0x096C	0x07FF44  	RCALL	_mikrobus_gpioInit
;Click_Slider2_DSPIC.c,36 :: 		mikrobus_gpioInit( _MIKROBUS1, _MIKROBUS_CS_PIN, _GPIO_OUTPUT );
0x096E	0xEF2018  	CLR	W12
0x0970	0xB3C02B  	MOV.B	#2, W11
0x0972	0xEF2014  	CLR	W10
0x0974	0x07FF40  	RCALL	_mikrobus_gpioInit
;Click_Slider2_DSPIC.c,37 :: 		mikrobus_logInit( _LOG_USBUART_A, 9600 );
0x0976	0x22580B  	MOV	#9600, W11
0x0978	0x20000C  	MOV	#0, W12
0x097A	0xB3C20A  	MOV.B	#32, W10
0x097C	0x07FF90  	RCALL	_mikrobus_logInit
;Click_Slider2_DSPIC.c,38 :: 		mikrobus_logWrite("--- System Init ---", _LOG_LINE);
0x097E	0xB3C02B  	MOV.B	#2, W11
0x0980	0x20800A  	MOV	#lo_addr(?lstr1_Click_Slider2_DSPIC), W10
0x0982	0x07FFB2  	RCALL	_mikrobus_logWrite
;Click_Slider2_DSPIC.c,39 :: 		Delay_ms( 100 );
0x0984	0x200038  	MOV	#3, W8
0x0986	0x208D57  	MOV	#2261, W7
L_systemInit0:
0x0988	0xED200E  	DEC	W7
0x098A	0x3AFFFE  	BRA NZ	L_systemInit0
0x098C	0xED2010  	DEC	W8
0x098E	0x3AFFFC  	BRA NZ	L_systemInit0
;Click_Slider2_DSPIC.c,40 :: 		}
L_end_systemInit:
0x0990	0x78064F  	POP	W12
0x0992	0x7805CF  	POP	W11
0x0994	0x78054F  	POP	W10
0x0996	0x060000  	RETURN
; end of _systemInit
_mikrobus_gpioInit:
;easypicfusion_v7_P33FJ256GP710A.c,162 :: 		T_mikrobus_ret mikrobus_gpioInit(T_mikrobus_soc bus, T_mikrobus_pin pin, T_gpio_dir direction)
;easypicfusion_v7_P33FJ256GP710A.c,164 :: 		switch( bus )
0x07F6	0x781F8A  	PUSH	W10
0x07F8	0x781F8B  	PUSH	W11
0x07FA	0x37000A  	BRA	L_mikrobus_gpioInit30
;easypicfusion_v7_P33FJ256GP710A.c,167 :: 		case _MIKROBUS1 : return _gpioInit_1(pin, direction);
L_mikrobus_gpioInit32:
0x07FC	0x78450B  	MOV.B	W11, W10
0x07FE	0x78458C  	MOV.B	W12, W11
0x0800	0x07FF12  	RCALL	easypicfusion_v7_P33FJ256GP710A__gpioInit_1
0x0802	0x37000B  	BRA	L_end_mikrobus_gpioInit
;easypicfusion_v7_P33FJ256GP710A.c,170 :: 		case _MIKROBUS2 : return _gpioInit_2(pin, direction);
L_mikrobus_gpioInit33:
0x0804	0x78450B  	MOV.B	W11, W10
0x0806	0x78458C  	MOV.B	W12, W11
0x0808	0x07FF6E  	RCALL	easypicfusion_v7_P33FJ256GP710A__gpioInit_2
0x080A	0x370007  	BRA	L_end_mikrobus_gpioInit
;easypicfusion_v7_P33FJ256GP710A.c,184 :: 		default : return _MIKROBUS_ERR_BUS;
L_mikrobus_gpioInit34:
0x080C	0xB3C010  	MOV.B	#1, W0
0x080E	0x370005  	BRA	L_end_mikrobus_gpioInit
;easypicfusion_v7_P33FJ256GP710A.c,185 :: 		}
L_mikrobus_gpioInit30:
0x0810	0xE15460  	CP.B	W10, #0
0x0812	0x32FFF4  	BRA Z	L_mikrobus_gpioInit32
L__mikrobus_gpioInit132:
0x0814	0xE15461  	CP.B	W10, #1
0x0816	0x32FFF6  	BRA Z	L_mikrobus_gpioInit33
L__mikrobus_gpioInit133:
0x0818	0x37FFF9  	BRA	L_mikrobus_gpioInit34
;easypicfusion_v7_P33FJ256GP710A.c,187 :: 		}
L_end_mikrobus_gpioInit:
0x081A	0x7805CF  	POP	W11
0x081C	0x78054F  	POP	W10
0x081E	0x060000  	RETURN
; end of _mikrobus_gpioInit
easypicfusion_v7_P33FJ256GP710A__gpioInit_1:
;__epf_33fj256gp710a_gpio.c,81 :: 		static T_mikrobus_ret _gpioInit_1(T_mikrobus_pin pin, T_gpio_dir dir)
;__epf_33fj256gp710a_gpio.c,83 :: 		AD1PCFGH = 0xFFFF;
0x0626	0x2FFFF0  	MOV	#65535, W0
0x0628	0xB7A32A  	MOV	WREG, AD1PCFGH
;__epf_33fj256gp710a_gpio.c,84 :: 		AD1PCFGL = 0xFFFF;
0x062A	0x2FFFF0  	MOV	#65535, W0
0x062C	0xB7A32C  	MOV	WREG, AD1PCFGL
;__epf_33fj256gp710a_gpio.c,85 :: 		AD2PCFGL = 0xFFFF;
0x062E	0x2FFFF0  	MOV	#65535, W0
0x0630	0xB7A36C  	MOV	WREG, AD2PCFGL
;__epf_33fj256gp710a_gpio.c,86 :: 		switch( pin )
0x0632	0x37003E  	BRA	L_easypicfusion_v7_P33FJ256GP710A__gpioInit_10
;__epf_33fj256gp710a_gpio.c,88 :: 		case _MIKROBUS_AN_PIN    : TRISB8_bit = dir; break;
L_easypicfusion_v7_P33FJ256GP710A__gpioInit_12:
0x0634	0xAE0016  	BTSS	W11, #0
0x0636	0xA902C7  	BCLR	TRISB8_bit, BitPos(TRISB8_bit+0)
0x0638	0xAF0016  	BTSC	W11, #0
0x063A	0xA802C7  	BSET	TRISB8_bit, BitPos(TRISB8_bit+0)
0x063C	0x370052  	BRA	L_easypicfusion_v7_P33FJ256GP710A__gpioInit_11
;__epf_33fj256gp710a_gpio.c,89 :: 		case _MIKROBUS_RST_PIN   : TRISC1_bit = dir; break;
L_easypicfusion_v7_P33FJ256GP710A__gpioInit_13:
0x063E	0xAE0016  	BTSS	W11, #0
0x0640	0xA922CC  	BCLR	TRISC1_bit, BitPos(TRISC1_bit+0)
0x0642	0xAF0016  	BTSC	W11, #0
0x0644	0xA822CC  	BSET	TRISC1_bit, BitPos(TRISC1_bit+0)
0x0646	0x37004D  	BRA	L_easypicfusion_v7_P33FJ256GP710A__gpioInit_11
;__epf_33fj256gp710a_gpio.c,90 :: 		case _MIKROBUS_CS_PIN    : TRISC2_bit = dir; break;
L_easypicfusion_v7_P33FJ256GP710A__gpioInit_14:
0x0648	0xAE0016  	BTSS	W11, #0
0x064A	0xA942CC  	BCLR	TRISC2_bit, BitPos(TRISC2_bit+0)
0x064C	0xAF0016  	BTSC	W11, #0
0x064E	0xA842CC  	BSET	TRISC2_bit, BitPos(TRISC2_bit+0)
0x0650	0x370048  	BRA	L_easypicfusion_v7_P33FJ256GP710A__gpioInit_11
;__epf_33fj256gp710a_gpio.c,91 :: 		case _MIKROBUS_SCK_PIN   : TRISF6_bit = dir; break;
L_easypicfusion_v7_P33FJ256GP710A__gpioInit_15:
0x0652	0xAE0016  	BTSS	W11, #0
0x0654	0xA9C2DE  	BCLR	TRISF6_bit, BitPos(TRISF6_bit+0)
0x0656	0xAF0016  	BTSC	W11, #0
0x0658	0xA8C2DE  	BSET	TRISF6_bit, BitPos(TRISF6_bit+0)
0x065A	0x370043  	BRA	L_easypicfusion_v7_P33FJ256GP710A__gpioInit_11
;__epf_33fj256gp710a_gpio.c,92 :: 		case _MIKROBUS_MISO_PIN  : TRISF7_bit = dir; break;
L_easypicfusion_v7_P33FJ256GP710A__gpioInit_16:
0x065C	0xAE0016  	BTSS	W11, #0
0x065E	0xA9E2DE  	BCLR	TRISF7_bit, BitPos(TRISF7_bit+0)
0x0660	0xAF0016  	BTSC	W11, #0
0x0662	0xA8E2DE  	BSET	TRISF7_bit, BitPos(TRISF7_bit+0)
0x0664	0x37003E  	BRA	L_easypicfusion_v7_P33FJ256GP710A__gpioInit_11
;__epf_33fj256gp710a_gpio.c,93 :: 		case _MIKROBUS_MOSI_PIN  : TRISF8_bit = dir; break;
L_easypicfusion_v7_P33FJ256GP710A__gpioInit_17:
0x0666	0xAE0016  	BTSS	W11, #0
0x0668	0xA902DF  	BCLR	TRISF8_bit, BitPos(TRISF8_bit+0)
0x066A	0xAF0016  	BTSC	W11, #0
0x066C	0xA802DF  	BSET	TRISF8_bit, BitPos(TRISF8_bit+0)
0x066E	0x370039  	BRA	L_easypicfusion_v7_P33FJ256GP710A__gpioInit_11
;__epf_33fj256gp710a_gpio.c,94 :: 		case _MIKROBUS_PWM_PIN   : TRISD0_bit = dir; break;
L_easypicfusion_v7_P33FJ256GP710A__gpioInit_18:
0x0670	0xAE0016  	BTSS	W11, #0
0x0672	0xA902D2  	BCLR	TRISD0_bit, BitPos(TRISD0_bit+0)
0x0674	0xAF0016  	BTSC	W11, #0
0x0676	0xA802D2  	BSET	TRISD0_bit, BitPos(TRISD0_bit+0)
0x0678	0x370034  	BRA	L_easypicfusion_v7_P33FJ256GP710A__gpioInit_11
;__epf_33fj256gp710a_gpio.c,95 :: 		case _MIKROBUS_INT_PIN   : TRISA12_bit = dir; break;
L_easypicfusion_v7_P33FJ256GP710A__gpioInit_19:
0x067A	0xAE0016  	BTSS	W11, #0
0x067C	0xA982C1  	BCLR	TRISA12_bit, BitPos(TRISA12_bit+0)
0x067E	0xAF0016  	BTSC	W11, #0
0x0680	0xA882C1  	BSET	TRISA12_bit, BitPos(TRISA12_bit+0)
0x0682	0x37002F  	BRA	L_easypicfusion_v7_P33FJ256GP710A__gpioInit_11
;__epf_33fj256gp710a_gpio.c,96 :: 		case _MIKROBUS_RX_PIN    : TRISF4_bit = dir; break;
L_easypicfusion_v7_P33FJ256GP710A__gpioInit_110:
0x0684	0xAE0016  	BTSS	W11, #0
0x0686	0xA982DE  	BCLR	TRISF4_bit, BitPos(TRISF4_bit+0)
0x0688	0xAF0016  	BTSC	W11, #0
0x068A	0xA882DE  	BSET	TRISF4_bit, BitPos(TRISF4_bit+0)
0x068C	0x37002A  	BRA	L_easypicfusion_v7_P33FJ256GP710A__gpioInit_11
;__epf_33fj256gp710a_gpio.c,97 :: 		case _MIKROBUS_TX_PIN    : TRISF5_bit = dir; break;
L_easypicfusion_v7_P33FJ256GP710A__gpioInit_111:
0x068E	0xAE0016  	BTSS	W11, #0
0x0690	0xA9A2DE  	BCLR	TRISF5_bit, BitPos(TRISF5_bit+0)
0x0692	0xAF0016  	BTSC	W11, #0
0x0694	0xA8A2DE  	BSET	TRISF5_bit, BitPos(TRISF5_bit+0)
0x0696	0x370025  	BRA	L_easypicfusion_v7_P33FJ256GP710A__gpioInit_11
;__epf_33fj256gp710a_gpio.c,98 :: 		case _MIKROBUS_SCL_PIN   : TRISA2_bit = dir; break;
L_easypicfusion_v7_P33FJ256GP710A__gpioInit_112:
0x0698	0xAE0016  	BTSS	W11, #0
0x069A	0xA942C0  	BCLR	TRISA2_bit, BitPos(TRISA2_bit+0)
0x069C	0xAF0016  	BTSC	W11, #0
0x069E	0xA842C0  	BSET	TRISA2_bit, BitPos(TRISA2_bit+0)
0x06A0	0x370020  	BRA	L_easypicfusion_v7_P33FJ256GP710A__gpioInit_11
;__epf_33fj256gp710a_gpio.c,99 :: 		case _MIKROBUS_SDA_PIN   : TRISA3_bit = dir; break;
L_easypicfusion_v7_P33FJ256GP710A__gpioInit_113:
0x06A2	0xAE0016  	BTSS	W11, #0
0x06A4	0xA962C0  	BCLR	TRISA3_bit, BitPos(TRISA3_bit+0)
0x06A6	0xAF0016  	BTSC	W11, #0
0x06A8	0xA862C0  	BSET	TRISA3_bit, BitPos(TRISA3_bit+0)
0x06AA	0x37001B  	BRA	L_easypicfusion_v7_P33FJ256GP710A__gpioInit_11
;__epf_33fj256gp710a_gpio.c,100 :: 		default                  : return _MIKROBUS_ERR_PIN;
L_easypicfusion_v7_P33FJ256GP710A__gpioInit_114:
0x06AC	0xB3C010  	MOV.B	#1, W0
0x06AE	0x37001A  	BRA	L_end__gpioInit_1
;__epf_33fj256gp710a_gpio.c,101 :: 		}
L_easypicfusion_v7_P33FJ256GP710A__gpioInit_10:
0x06B0	0xE15460  	CP.B	W10, #0
0x06B2	0x32FFC0  	BRA Z	L_easypicfusion_v7_P33FJ256GP710A__gpioInit_12
L_easypicfusion_v7_P33FJ256GP710A__gpioInit_1101:
0x06B4	0xE15461  	CP.B	W10, #1
0x06B6	0x32FFC3  	BRA Z	L_easypicfusion_v7_P33FJ256GP710A__gpioInit_13
L_easypicfusion_v7_P33FJ256GP710A__gpioInit_1102:
0x06B8	0xE15462  	CP.B	W10, #2
0x06BA	0x32FFC6  	BRA Z	L_easypicfusion_v7_P33FJ256GP710A__gpioInit_14
L_easypicfusion_v7_P33FJ256GP710A__gpioInit_1103:
0x06BC	0xE15463  	CP.B	W10, #3
0x06BE	0x32FFC9  	BRA Z	L_easypicfusion_v7_P33FJ256GP710A__gpioInit_15
L_easypicfusion_v7_P33FJ256GP710A__gpioInit_1104:
0x06C0	0xE15464  	CP.B	W10, #4
0x06C2	0x32FFCC  	BRA Z	L_easypicfusion_v7_P33FJ256GP710A__gpioInit_16
L_easypicfusion_v7_P33FJ256GP710A__gpioInit_1105:
0x06C4	0xE15465  	CP.B	W10, #5
0x06C6	0x32FFCF  	BRA Z	L_easypicfusion_v7_P33FJ256GP710A__gpioInit_17
L_easypicfusion_v7_P33FJ256GP710A__gpioInit_1106:
0x06C8	0xE15466  	CP.B	W10, #6
0x06CA	0x32FFD2  	BRA Z	L_easypicfusion_v7_P33FJ256GP710A__gpioInit_18
L_easypicfusion_v7_P33FJ256GP710A__gpioInit_1107:
0x06CC	0xE15467  	CP.B	W10, #7
0x06CE	0x32FFD5  	BRA Z	L_easypicfusion_v7_P33FJ256GP710A__gpioInit_19
L_easypicfusion_v7_P33FJ256GP710A__gpioInit_1108:
0x06D0	0xE15468  	CP.B	W10, #8
0x06D2	0x32FFD8  	BRA Z	L_easypicfusion_v7_P33FJ256GP710A__gpioInit_110
L_easypicfusion_v7_P33FJ256GP710A__gpioInit_1109:
0x06D4	0xE15469  	CP.B	W10, #9
0x06D6	0x32FFDB  	BRA Z	L_easypicfusion_v7_P33FJ256GP710A__gpioInit_111
L_easypicfusion_v7_P33FJ256GP710A__gpioInit_1110:
0x06D8	0xE1546A  	CP.B	W10, #10
0x06DA	0x32FFDE  	BRA Z	L_easypicfusion_v7_P33FJ256GP710A__gpioInit_112
L_easypicfusion_v7_P33FJ256GP710A__gpioInit_1111:
0x06DC	0xE1546B  	CP.B	W10, #11
0x06DE	0x32FFE1  	BRA Z	L_easypicfusion_v7_P33FJ256GP710A__gpioInit_113
L_easypicfusion_v7_P33FJ256GP710A__gpioInit_1112:
0x06E0	0x37FFE5  	BRA	L_easypicfusion_v7_P33FJ256GP710A__gpioInit_114
L_easypicfusion_v7_P33FJ256GP710A__gpioInit_11:
;__epf_33fj256gp710a_gpio.c,102 :: 		return _MIKROBUS_OK;
0x06E2	0xB3C000  	MOV.B	#0, W0
;__epf_33fj256gp710a_gpio.c,103 :: 		}
L_end__gpioInit_1:
0x06E4	0x060000  	RETURN
; end of easypicfusion_v7_P33FJ256GP710A__gpioInit_1
easypicfusion_v7_P33FJ256GP710A__gpioInit_2:
;__epf_33fj256gp710a_gpio.c,105 :: 		static T_mikrobus_ret _gpioInit_2(T_mikrobus_pin pin, T_gpio_dir dir)
;__epf_33fj256gp710a_gpio.c,107 :: 		AD1PCFGH = 0xFFFF;
0x06E6	0x2FFFF0  	MOV	#65535, W0
0x06E8	0xB7A32A  	MOV	WREG, AD1PCFGH
;__epf_33fj256gp710a_gpio.c,108 :: 		AD1PCFGL = 0xFFFF;
0x06EA	0x2FFFF0  	MOV	#65535, W0
0x06EC	0xB7A32C  	MOV	WREG, AD1PCFGL
;__epf_33fj256gp710a_gpio.c,109 :: 		AD2PCFGL = 0xFFFF;
0x06EE	0x2FFFF0  	MOV	#65535, W0
0x06F0	0xB7A36C  	MOV	WREG, AD2PCFGL
;__epf_33fj256gp710a_gpio.c,110 :: 		switch( pin )
0x06F2	0x37003E  	BRA	L_easypicfusion_v7_P33FJ256GP710A__gpioInit_215
;__epf_33fj256gp710a_gpio.c,112 :: 		case _MIKROBUS_AN_PIN    : TRISB9_bit = dir; break;
L_easypicfusion_v7_P33FJ256GP710A__gpioInit_217:
0x06F4	0xAE0016  	BTSS	W11, #0
0x06F6	0xA922C7  	BCLR	TRISB9_bit, BitPos(TRISB9_bit+0)
0x06F8	0xAF0016  	BTSC	W11, #0
0x06FA	0xA822C7  	BSET	TRISB9_bit, BitPos(TRISB9_bit+0)
0x06FC	0x370052  	BRA	L_easypicfusion_v7_P33FJ256GP710A__gpioInit_216
;__epf_33fj256gp710a_gpio.c,113 :: 		case _MIKROBUS_RST_PIN   : TRISC3_bit = dir; break;
L_easypicfusion_v7_P33FJ256GP710A__gpioInit_218:
0x06FE	0xAE0016  	BTSS	W11, #0
0x0700	0xA962CC  	BCLR	TRISC3_bit, BitPos(TRISC3_bit+0)
0x0702	0xAF0016  	BTSC	W11, #0
0x0704	0xA862CC  	BSET	TRISC3_bit, BitPos(TRISC3_bit+0)
0x0706	0x37004D  	BRA	L_easypicfusion_v7_P33FJ256GP710A__gpioInit_216
;__epf_33fj256gp710a_gpio.c,114 :: 		case _MIKROBUS_CS_PIN    : TRISC4_bit = dir; break;
L_easypicfusion_v7_P33FJ256GP710A__gpioInit_219:
0x0708	0xAE0016  	BTSS	W11, #0
0x070A	0xA982CC  	BCLR	TRISC4_bit, BitPos(TRISC4_bit+0)
0x070C	0xAF0016  	BTSC	W11, #0
0x070E	0xA882CC  	BSET	TRISC4_bit, BitPos(TRISC4_bit+0)
0x0710	0x370048  	BRA	L_easypicfusion_v7_P33FJ256GP710A__gpioInit_216
;__epf_33fj256gp710a_gpio.c,115 :: 		case _MIKROBUS_SCK_PIN   : TRISF6_bit = dir; break;
L_easypicfusion_v7_P33FJ256GP710A__gpioInit_220:
0x0712	0xAE0016  	BTSS	W11, #0
0x0714	0xA9C2DE  	BCLR	TRISF6_bit, BitPos(TRISF6_bit+0)
0x0716	0xAF0016  	BTSC	W11, #0
0x0718	0xA8C2DE  	BSET	TRISF6_bit, BitPos(TRISF6_bit+0)
0x071A	0x370043  	BRA	L_easypicfusion_v7_P33FJ256GP710A__gpioInit_216
;__epf_33fj256gp710a_gpio.c,116 :: 		case _MIKROBUS_MISO_PIN  : TRISF7_bit = dir; break;
L_easypicfusion_v7_P33FJ256GP710A__gpioInit_221:
0x071C	0xAE0016  	BTSS	W11, #0
0x071E	0xA9E2DE  	BCLR	TRISF7_bit, BitPos(TRISF7_bit+0)
0x0720	0xAF0016  	BTSC	W11, #0
0x0722	0xA8E2DE  	BSET	TRISF7_bit, BitPos(TRISF7_bit+0)
0x0724	0x37003E  	BRA	L_easypicfusion_v7_P33FJ256GP710A__gpioInit_216
;__epf_33fj256gp710a_gpio.c,117 :: 		case _MIKROBUS_MOSI_PIN  : TRISF8_bit = dir; break;
L_easypicfusion_v7_P33FJ256GP710A__gpioInit_222:
0x0726	0xAE0016  	BTSS	W11, #0
0x0728	0xA902DF  	BCLR	TRISF8_bit, BitPos(TRISF8_bit+0)
0x072A	0xAF0016  	BTSC	W11, #0
0x072C	0xA802DF  	BSET	TRISF8_bit, BitPos(TRISF8_bit+0)
0x072E	0x370039  	BRA	L_easypicfusion_v7_P33FJ256GP710A__gpioInit_216
;__epf_33fj256gp710a_gpio.c,118 :: 		case _MIKROBUS_PWM_PIN   : TRISD1_bit = dir; break;
L_easypicfusion_v7_P33FJ256GP710A__gpioInit_223:
0x0730	0xAE0016  	BTSS	W11, #0
0x0732	0xA922D2  	BCLR	TRISD1_bit, BitPos(TRISD1_bit+0)
0x0734	0xAF0016  	BTSC	W11, #0
0x0736	0xA822D2  	BSET	TRISD1_bit, BitPos(TRISD1_bit+0)
0x0738	0x370034  	BRA	L_easypicfusion_v7_P33FJ256GP710A__gpioInit_216
;__epf_33fj256gp710a_gpio.c,119 :: 		case _MIKROBUS_INT_PIN   : TRISA13_bit = dir; break;
L_easypicfusion_v7_P33FJ256GP710A__gpioInit_224:
0x073A	0xAE0016  	BTSS	W11, #0
0x073C	0xA9A2C1  	BCLR	TRISA13_bit, BitPos(TRISA13_bit+0)
0x073E	0xAF0016  	BTSC	W11, #0
0x0740	0xA8A2C1  	BSET	TRISA13_bit, BitPos(TRISA13_bit+0)
0x0742	0x37002F  	BRA	L_easypicfusion_v7_P33FJ256GP710A__gpioInit_216
;__epf_33fj256gp710a_gpio.c,120 :: 		case _MIKROBUS_RX_PIN    : TRISF12_bit = dir; break;
L_easypicfusion_v7_P33FJ256GP710A__gpioInit_225:
0x0744	0xAE0016  	BTSS	W11, #0
0x0746	0xA982DF  	BCLR	TRISF12_bit, BitPos(TRISF12_bit+0)
0x0748	0xAF0016  	BTSC	W11, #0
0x074A	0xA882DF  	BSET	TRISF12_bit, BitPos(TRISF12_bit+0)
0x074C	0x37002A  	BRA	L_easypicfusion_v7_P33FJ256GP710A__gpioInit_216
;__epf_33fj256gp710a_gpio.c,121 :: 		case _MIKROBUS_TX_PIN    : TRISF13_bit = dir; break;
L_easypicfusion_v7_P33FJ256GP710A__gpioInit_226:
0x074E	0xAE0016  	BTSS	W11, #0
0x0750	0xA9A2DF  	BCLR	TRISF13_bit, BitPos(TRISF13_bit+0)
0x0752	0xAF0016  	BTSC	W11, #0
0x0754	0xA8A2DF  	BSET	TRISF13_bit, BitPos(TRISF13_bit+0)
0x0756	0x370025  	BRA	L_easypicfusion_v7_P33FJ256GP710A__gpioInit_216
;__epf_33fj256gp710a_gpio.c,122 :: 		case _MIKROBUS_SCL_PIN   : TRISA2_bit  = dir; break;
L_easypicfusion_v7_P33FJ256GP710A__gpioInit_227:
0x0758	0xAE0016  	BTSS	W11, #0
0x075A	0xA942C0  	BCLR	TRISA2_bit, BitPos(TRISA2_bit+0)
0x075C	0xAF0016  	BTSC	W11, #0
0x075E	0xA842C0  	BSET	TRISA2_bit, BitPos(TRISA2_bit+0)
0x0760	0x370020  	BRA	L_easypicfusion_v7_P33FJ256GP710A__gpioInit_216
;__epf_33fj256gp710a_gpio.c,123 :: 		case _MIKROBUS_SDA_PIN   : TRISA3_bit  = dir; break;
L_easypicfusion_v7_P33FJ256GP710A__gpioInit_228:
0x0762	0xAE0016  	BTSS	W11, #0
0x0764	0xA962C0  	BCLR	TRISA3_bit, BitPos(TRISA3_bit+0)
0x0766	0xAF0016  	BTSC	W11, #0
0x0768	0xA862C0  	BSET	TRISA3_bit, BitPos(TRISA3_bit+0)
0x076A	0x37001B  	BRA	L_easypicfusion_v7_P33FJ256GP710A__gpioInit_216
;__epf_33fj256gp710a_gpio.c,124 :: 		default                  : return _MIKROBUS_ERR_PIN;
L_easypicfusion_v7_P33FJ256GP710A__gpioInit_229:
0x076C	0xB3C010  	MOV.B	#1, W0
0x076E	0x37001A  	BRA	L_end__gpioInit_2
;__epf_33fj256gp710a_gpio.c,125 :: 		}
L_easypicfusion_v7_P33FJ256GP710A__gpioInit_215:
0x0770	0xE15460  	CP.B	W10, #0
0x0772	0x32FFC0  	BRA Z	L_easypicfusion_v7_P33FJ256GP710A__gpioInit_217
L_easypicfusion_v7_P33FJ256GP710A__gpioInit_2114:
0x0774	0xE15461  	CP.B	W10, #1
0x0776	0x32FFC3  	BRA Z	L_easypicfusion_v7_P33FJ256GP710A__gpioInit_218
L_easypicfusion_v7_P33FJ256GP710A__gpioInit_2115:
0x0778	0xE15462  	CP.B	W10, #2
0x077A	0x32FFC6  	BRA Z	L_easypicfusion_v7_P33FJ256GP710A__gpioInit_219
L_easypicfusion_v7_P33FJ256GP710A__gpioInit_2116:
0x077C	0xE15463  	CP.B	W10, #3
0x077E	0x32FFC9  	BRA Z	L_easypicfusion_v7_P33FJ256GP710A__gpioInit_220
L_easypicfusion_v7_P33FJ256GP710A__gpioInit_2117:
0x0780	0xE15464  	CP.B	W10, #4
0x0782	0x32FFCC  	BRA Z	L_easypicfusion_v7_P33FJ256GP710A__gpioInit_221
L_easypicfusion_v7_P33FJ256GP710A__gpioInit_2118:
0x0784	0xE15465  	CP.B	W10, #5
0x0786	0x32FFCF  	BRA Z	L_easypicfusion_v7_P33FJ256GP710A__gpioInit_222
L_easypicfusion_v7_P33FJ256GP710A__gpioInit_2119:
0x0788	0xE15466  	CP.B	W10, #6
0x078A	0x32FFD2  	BRA Z	L_easypicfusion_v7_P33FJ256GP710A__gpioInit_223
L_easypicfusion_v7_P33FJ256GP710A__gpioInit_2120:
0x078C	0xE15467  	CP.B	W10, #7
0x078E	0x32FFD5  	BRA Z	L_easypicfusion_v7_P33FJ256GP710A__gpioInit_224
L_easypicfusion_v7_P33FJ256GP710A__gpioInit_2121:
0x0790	0xE15468  	CP.B	W10, #8
0x0792	0x32FFD8  	BRA Z	L_easypicfusion_v7_P33FJ256GP710A__gpioInit_225
L_easypicfusion_v7_P33FJ256GP710A__gpioInit_2122:
0x0794	0xE15469  	CP.B	W10, #9
0x0796	0x32FFDB  	BRA Z	L_easypicfusion_v7_P33FJ256GP710A__gpioInit_226
L_easypicfusion_v7_P33FJ256GP710A__gpioInit_2123:
0x0798	0xE1546A  	CP.B	W10, #10
0x079A	0x32FFDE  	BRA Z	L_easypicfusion_v7_P33FJ256GP710A__gpioInit_227
L_easypicfusion_v7_P33FJ256GP710A__gpioInit_2124:
0x079C	0xE1546B  	CP.B	W10, #11
0x079E	0x32FFE1  	BRA Z	L_easypicfusion_v7_P33FJ256GP710A__gpioInit_228
L_easypicfusion_v7_P33FJ256GP710A__gpioInit_2125:
0x07A0	0x37FFE5  	BRA	L_easypicfusion_v7_P33FJ256GP710A__gpioInit_229
L_easypicfusion_v7_P33FJ256GP710A__gpioInit_216:
;__epf_33fj256gp710a_gpio.c,126 :: 		return _MIKROBUS_OK;
0x07A2	0xB3C000  	MOV.B	#0, W0
;__epf_33fj256gp710a_gpio.c,127 :: 		}
L_end__gpioInit_2:
0x07A4	0x060000  	RETURN
; end of easypicfusion_v7_P33FJ256GP710A__gpioInit_2
_mikrobus_logInit:
;easypicfusion_v7_P33FJ256GP710A.c,283 :: 		T_mikrobus_ret mikrobus_logInit(T_log_bus port, const uint32_t baud)
;easypicfusion_v7_P33FJ256GP710A.c,285 :: 		switch( port )
0x089E	0x781F8A  	PUSH	W10
0x08A0	0x781F8B  	PUSH	W11
0x08A2	0x781F8C  	PUSH	W12
0x08A4	0x370012  	BRA	L_mikrobus_logInit35
;easypicfusion_v7_P33FJ256GP710A.c,288 :: 		case _MIKROBUS1 : return _log_init1( baud );
L_mikrobus_logInit37:
0x08A6	0x78050B  	MOV	W11, W10
0x08A8	0x78058C  	MOV	W12, W11
0x08AA	0x07FF7D  	RCALL	easypicfusion_v7_P33FJ256GP710A__log_init1
0x08AC	0x370019  	BRA	L_end_mikrobus_logInit
;easypicfusion_v7_P33FJ256GP710A.c,291 :: 		case _MIKROBUS2: return _log_init2( baud );
L_mikrobus_logInit38:
0x08AE	0x78050B  	MOV	W11, W10
0x08B0	0x78058C  	MOV	W12, W11
0x08B2	0x07FEB7  	RCALL	easypicfusion_v7_P33FJ256GP710A__log_init2
0x08B4	0x370015  	BRA	L_end_mikrobus_logInit
;easypicfusion_v7_P33FJ256GP710A.c,309 :: 		case _LOG_USBUART_A : return _log_initUartA( baud );
L_mikrobus_logInit39:
0x08B6	0x78050B  	MOV	W11, W10
0x08B8	0x78058C  	MOV	W12, W11
0x08BA	0x07FEA2  	RCALL	easypicfusion_v7_P33FJ256GP710A__log_initUartA
0x08BC	0x370011  	BRA	L_end_mikrobus_logInit
;easypicfusion_v7_P33FJ256GP710A.c,312 :: 		case _LOG_USBUART_B : return _log_initUartB( baud );
L_mikrobus_logInit40:
0x08BE	0x78050B  	MOV	W11, W10
0x08C0	0x78058C  	MOV	W12, W11
0x08C2	0x07FEA3  	RCALL	easypicfusion_v7_P33FJ256GP710A__log_initUartB
0x08C4	0x37000D  	BRA	L_end_mikrobus_logInit
;easypicfusion_v7_P33FJ256GP710A.c,314 :: 		default : return _MIKROBUS_ERR_BUS;
L_mikrobus_logInit41:
0x08C6	0xB3C010  	MOV.B	#1, W0
0x08C8	0x37000B  	BRA	L_end_mikrobus_logInit
;easypicfusion_v7_P33FJ256GP710A.c,315 :: 		}
L_mikrobus_logInit35:
0x08CA	0xE15460  	CP.B	W10, #0
0x08CC	0x32FFEC  	BRA Z	L_mikrobus_logInit37
L__mikrobus_logInit135:
0x08CE	0xE15461  	CP.B	W10, #1
0x08D0	0x32FFEE  	BRA Z	L_mikrobus_logInit38
L__mikrobus_logInit136:
0x08D2	0xB3C200  	MOV.B	#32, W0
0x08D4	0xE15400  	CP.B	W10, W0
0x08D6	0x32FFEF  	BRA Z	L_mikrobus_logInit39
L__mikrobus_logInit137:
0x08D8	0xB3C300  	MOV.B	#48, W0
0x08DA	0xE15400  	CP.B	W10, W0
0x08DC	0x32FFF0  	BRA Z	L_mikrobus_logInit40
L__mikrobus_logInit138:
0x08DE	0x37FFF3  	BRA	L_mikrobus_logInit41
;easypicfusion_v7_P33FJ256GP710A.c,317 :: 		}
L_end_mikrobus_logInit:
0x08E0	0x78064F  	POP	W12
0x08E2	0x7805CF  	POP	W11
0x08E4	0x78054F  	POP	W10
0x08E6	0x060000  	RETURN
; end of _mikrobus_logInit
easypicfusion_v7_P33FJ256GP710A__log_init1:
;__epf_33fj256gp710a_log.c,23 :: 		static T_mikrobus_ret _log_init1(uint32_t baud)
;__epf_33fj256gp710a_log.c,25 :: 		UART2_Init(baud);
0x07A6	0x07FE25  	RCALL	_UART2_Init
;__epf_33fj256gp710a_log.c,26 :: 		logger = UART2_Write;
0x07A8	0x203D60  	MOV	#lo_addr(_UART2_Write), W0
0x07AA	0x8844F0  	MOV	W0, _logger
;__epf_33fj256gp710a_log.c,27 :: 		return 0;
0x07AC	0xEF2000  	CLR	W0
;__epf_33fj256gp710a_log.c,28 :: 		}
L_end__log_init1:
0x07AE	0x060000  	RETURN
; end of easypicfusion_v7_P33FJ256GP710A__log_init1
_UART2_Init:
0x03F2	0xFA0008  	LNK	#8
;__Lib_UART_12_p24_p33.c,380 :: 		
;__Lib_UART_12_p24_p33.c,383 :: 		
0x03F4	0x203D60  	MOV	#lo_addr(_UART2_Write), W0
0x03F6	0x8841A0  	MOV	W0, _UART_Wr_Ptr
;__Lib_UART_12_p24_p33.c,384 :: 		
0x03F8	0x2FFFF0  	MOV	#lo_addr(_UART2_Read), W0
0x03FA	0x884190  	MOV	W0, _UART_Rd_Ptr
;__Lib_UART_12_p24_p33.c,385 :: 		
0x03FC	0x2FFFF0  	MOV	#lo_addr(_UART2_Data_Ready), W0
0x03FE	0x884150  	MOV	W0, _UART_Rdy_Ptr
;__Lib_UART_12_p24_p33.c,386 :: 		
0x0400	0x2FFFF0  	MOV	#lo_addr(_UART2_Tx_Idle), W0
0x0402	0x884160  	MOV	W0, _UART_Tx_Idle_Ptr
;__Lib_UART_12_p24_p33.c,391 :: 		
0x0404	0xEF2230  	CLR	U2MODE
;__Lib_UART_12_p24_p33.c,392 :: 		
0x0406	0x280000  	MOV	#32768, W0
0x0408	0xB7A232  	MOV	WREG, U2STA
;__Lib_UART_12_p24_p33.c,396 :: 		
0x040A	0xA96230  	BCLR.B	U2MODE, #3
;__Lib_UART_12_p24_p33.c,397 :: 		
0x040C	0x07FF02  	RCALL	_Get_Fosc_kHz
; tmp start address is: 4 (W2)
0x040E	0xBE0100  	MOV.D	W0, W2
;__Lib_UART_12_p24_p33.c,399 :: 		
0x0410	0x203E80  	MOV	#1000, W0
0x0412	0x200001  	MOV	#0, W1
0x0414	0x07FF56  	RCALL	__Multiply_32x32
0x0416	0xBE0100  	MOV.D	W0, W2
;__Lib_UART_12_p24_p33.c,401 :: 		
0x0418	0x07FEFA  	RCALL	_Get_Fosc_Per_Cyc
0x041A	0xDE0041  	LSR	W0, #1, W0
0x041C	0x400064  	ADD	W0, #4, W0
0x041E	0x780080  	MOV	W0, W1
0x0420	0x470060  	ADD	W14, #0, W0
0x0422	0xBE880A  	MOV.D	W10, [W0]
L__UART2_Init120:
0x0424	0xE90081  	DEC	W1, W1
0x0426	0x350003  	BRA LT	L__UART2_Init121
0x0428	0xD01810  	SL	[W0], [W0++]
0x042A	0xD29010  	RLC	[W0], [W0--]
0x042C	0x37FFFB  	BRA	L__UART2_Init120
L__UART2_Init121:
;__Lib_UART_12_p24_p33.c,403 :: 		
0x042E	0xBE9F82  	PUSH.D	W2
0x0430	0xBE9F8A  	PUSH.D	W10
0x0432	0xBE0002  	MOV.D	W2, W0
0x0434	0x90010E  	MOV	[W14+0], W2
0x0436	0x90019E  	MOV	[W14+2], W3
0x0438	0xEB0200  	CLR	W4
0x043A	0x07FF17  	RCALL	__Modulus_32x32
0x043C	0xBE054F  	POP.D	W10
0x043E	0xBE014F  	POP.D	W2
0x0440	0x980720  	MOV	W0, [W14+4]
0x0442	0x980731  	MOV	W1, [W14+6]
;__Lib_UART_12_p24_p33.c,404 :: 		
0x0444	0xBE9F8A  	PUSH.D	W10
; tmp end address is: 4 (W2)
0x0446	0xBE0002  	MOV.D	W2, W0
0x0448	0x90010E  	MOV	[W14+0], W2
0x044A	0x90019E  	MOV	[W14+2], W3
0x044C	0xEB0200  	CLR	W4
0x044E	0x07FEE4  	RCALL	__Divide_32x32
0x0450	0xBE054F  	POP.D	W10
; tmp start address is: 6 (W3)
0x0452	0x780180  	MOV	W0, W3
0x0454	0x780201  	MOV	W1, W4
;__Lib_UART_12_p24_p33.c,406 :: 		
0x0456	0x470060  	ADD	W14, #0, W0
0x0458	0xD10150  	LSR	[++W0], W2
0x045A	0xD380C0  	RRC	[--W0], W1
0x045C	0x470064  	ADD	W14, #4, W0
0x045E	0xE10830  	CP	W1, [W0++]
0x0460	0xE19020  	CPB	W2, [W0--]
0x0462	0x310007  	BRA GEU	L__UART2_Init66
L__UART2_Init122:
;__Lib_UART_12_p24_p33.c,407 :: 		
0x0464	0x418061  	ADD	W3, #1, W0
0x0466	0x4A00E0  	ADDC	W4, #0, W1
; tmp end address is: 6 (W3)
; tmp start address is: 10 (W5)
0x0468	0x780280  	MOV	W0, W5
0x046A	0x780301  	MOV	W1, W6
; tmp end address is: 10 (W5)
0x046C	0x780105  	MOV	W5, W2
0x046E	0x780186  	MOV	W6, W3
0x0470	0x370002  	BRA	L_UART2_Init38
L__UART2_Init66:
;__Lib_UART_12_p24_p33.c,406 :: 		
0x0472	0x780103  	MOV	W3, W2
0x0474	0x780184  	MOV	W4, W3
;__Lib_UART_12_p24_p33.c,407 :: 		
L_UART2_Init38:
;__Lib_UART_12_p24_p33.c,410 :: 		
; tmp start address is: 4 (W2)
0x0476	0x718002  	IOR	W3, W2, W0
0x0478	0x3A0033  	BRA NZ	L__UART2_Init68
L__UART2_Init123:
; tmp end address is: 4 (W2)
;__Lib_UART_12_p24_p33.c,412 :: 		
0x047A	0x07FECB  	RCALL	_Get_Fosc_kHz
; tmp start address is: 4 (W2)
0x047C	0xBE0100  	MOV.D	W0, W2
;__Lib_UART_12_p24_p33.c,414 :: 		
0x047E	0x203E80  	MOV	#1000, W0
0x0480	0x200001  	MOV	#0, W1
0x0482	0x07FF1F  	RCALL	__Multiply_32x32
0x0484	0xBE0100  	MOV.D	W0, W2
;__Lib_UART_12_p24_p33.c,416 :: 		
0x0486	0x07FEC3  	RCALL	_Get_Fosc_Per_Cyc
0x0488	0xDE0041  	LSR	W0, #1, W0
0x048A	0xECA000  	INC2	W0
0x048C	0x780080  	MOV	W0, W1
0x048E	0x470060  	ADD	W14, #0, W0
0x0490	0xBE880A  	MOV.D	W10, [W0]
L__UART2_Init124:
0x0492	0xE90081  	DEC	W1, W1
0x0494	0x350003  	BRA LT	L__UART2_Init125
0x0496	0xD01810  	SL	[W0], [W0++]
0x0498	0xD29010  	RLC	[W0], [W0--]
0x049A	0x37FFFB  	BRA	L__UART2_Init124
L__UART2_Init125:
;__Lib_UART_12_p24_p33.c,418 :: 		
0x049C	0xBE9F82  	PUSH.D	W2
0x049E	0xBE0002  	MOV.D	W2, W0
0x04A0	0x90010E  	MOV	[W14+0], W2
0x04A2	0x90019E  	MOV	[W14+2], W3
0x04A4	0xEB0200  	CLR	W4
0x04A6	0x07FEE1  	RCALL	__Modulus_32x32
0x04A8	0xBE014F  	POP.D	W2
0x04AA	0x980720  	MOV	W0, [W14+4]
0x04AC	0x980731  	MOV	W1, [W14+6]
;__Lib_UART_12_p24_p33.c,419 :: 		
0x04AE	0xBE0002  	MOV.D	W2, W0
0x04B0	0x90010E  	MOV	[W14+0], W2
0x04B2	0x90019E  	MOV	[W14+2], W3
0x04B4	0xEB0200  	CLR	W4
0x04B6	0x07FEB0  	RCALL	__Divide_32x32
; tmp end address is: 4 (W2)
; tmp start address is: 6 (W3)
0x04B8	0x780180  	MOV	W0, W3
0x04BA	0x780201  	MOV	W1, W4
;__Lib_UART_12_p24_p33.c,421 :: 		
0x04BC	0x470060  	ADD	W14, #0, W0
0x04BE	0xD10150  	LSR	[++W0], W2
0x04C0	0xD380C0  	RRC	[--W0], W1
0x04C2	0x470064  	ADD	W14, #4, W0
0x04C4	0xE10830  	CP	W1, [W0++]
0x04C6	0xE19020  	CPB	W2, [W0--]
0x04C8	0x310007  	BRA GEU	L__UART2_Init67
L__UART2_Init126:
;__Lib_UART_12_p24_p33.c,422 :: 		
0x04CA	0x418061  	ADD	W3, #1, W0
0x04CC	0x4A00E0  	ADDC	W4, #0, W1
; tmp end address is: 6 (W3)
; tmp start address is: 10 (W5)
0x04CE	0x780280  	MOV	W0, W5
0x04D0	0x780301  	MOV	W1, W6
; tmp end address is: 10 (W5)
0x04D2	0x780105  	MOV	W5, W2
0x04D4	0x780186  	MOV	W6, W3
0x04D6	0x370002  	BRA	L_UART2_Init40
L__UART2_Init67:
;__Lib_UART_12_p24_p33.c,421 :: 		
0x04D8	0x780103  	MOV	W3, W2
0x04DA	0x780184  	MOV	W4, W3
;__Lib_UART_12_p24_p33.c,422 :: 		
L_UART2_Init40:
;__Lib_UART_12_p24_p33.c,424 :: 		
; tmp start address is: 4 (W2)
0x04DC	0xA86230  	BSET.B	U2MODE, #3
; tmp end address is: 4 (W2)
;__Lib_UART_12_p24_p33.c,425 :: 		
0x04DE	0x370000  	BRA	L_UART2_Init39
L__UART2_Init68:
;__Lib_UART_12_p24_p33.c,410 :: 		
;__Lib_UART_12_p24_p33.c,425 :: 		
L_UART2_Init39:
;__Lib_UART_12_p24_p33.c,427 :: 		
; tmp start address is: 4 (W2)
0x04E0	0x510061  	SUB	W2, #1, W0
0x04E2	0x5980E0  	SUBB	W3, #0, W1
; tmp end address is: 4 (W2)
; tmp start address is: 0 (W0)
0x04E4	0x8811C0  	MOV	W0, U2BRG
; tmp end address is: 0 (W0)
;__Lib_UART_12_p24_p33.c,430 :: 		
0x04E6	0xA92232  	BCLR.B	U2STA, #1
;__Lib_UART_12_p24_p33.c,432 :: 		
0x04E8	0xA8E231  	BSET	U2MODE, #15
;__Lib_UART_12_p24_p33.c,433 :: 		
0x04EA	0xA84233  	BSET	U2STA, #10
;__Lib_UART_12_p24_p33.c,435 :: 		
0x04EC	0x07FE89  	RCALL	_Delay_100ms
0x04EE	0x07FE88  	RCALL	_Delay_100ms
;__Lib_UART_12_p24_p33.c,437 :: 		
L_end_UART2_Init:
0x04F0	0xFA8000  	ULNK
0x04F2	0x060000  	RETURN
; end of _UART2_Init
_Get_Fosc_kHz:
;__Lib_Delays.c,38 :: 		unsigned long Get_Fosc_kHz() {
;__Lib_Delays.c,39 :: 		return Clock_kHz();
0x0212	0x21F400  	MOV	#8000, W0
0x0214	0x200001  	MOV	#0, W1
;__Lib_Delays.c,40 :: 		}
L_end_Get_Fosc_kHz:
0x0216	0x060000  	RETURN
; end of _Get_Fosc_kHz
_Get_Fosc_Per_Cyc:
;__Lib_Delays.c,63 :: 		unsigned int Get_Fosc_Per_Cyc() {
;__Lib_Delays.c,64 :: 		return __FOSC_PER_CYC;
0x020E	0x200020  	MOV	#2, W0
;__Lib_Delays.c,65 :: 		}
L_end_Get_Fosc_Per_Cyc:
0x0210	0x060000  	RETURN
; end of _Get_Fosc_Per_Cyc
_Delay_100ms:
;__Lib_Delays.c,666 :: 		void Delay_100ms()
;__Lib_Delays.c,668 :: 		Delay_ms(100);
0x0200	0x200038  	MOV	#3, W8
0x0202	0x208D57  	MOV	#2261, W7
L_Delay_100ms31:
0x0204	0xED200E  	DEC	W7
0x0206	0x3AFFFE  	BRA NZ	L_Delay_100ms31
0x0208	0xED2010  	DEC	W8
0x020A	0x3AFFFC  	BRA NZ	L_Delay_100ms31
;__Lib_Delays.c,669 :: 		}
L_end_Delay_100ms:
0x020C	0x060000  	RETURN
; end of _Delay_100ms
__Multiply_32x32:
0x02C2	0xFA0000  	LNK	#0
;__Lib_Math.c,43 :: 		
;__Lib_Math.c,46 :: 		
0x02C4	0xB80A02  	MUL.UU	W1, W2, W4
;__Lib_Math.c,47 :: 		
0x02C6	0x880050  	MOV	W0, W5
;__Lib_Math.c,48 :: 		
0x02C8	0xB80002  	MUL.UU	W0, W2, W0
;__Lib_Math.c,49 :: 		
0x02CA	0x420081  	ADD	W4, W1, W1
;__Lib_Math.c,50 :: 		
0x02CC	0xB82A03  	MUL.UU	W5, W3, W4
;__Lib_Math.c,51 :: 		
0x02CE	0x420081  	ADD	W4, W1, W1
;__Lib_Math.c,54 :: 		
L_end__Multiply_32x32:
0x02D0	0xFA8000  	ULNK
0x02D2	0x060000  	RETURN
; end of __Multiply_32x32
__Modulus_32x32:
0x026A	0xFA0000  	LNK	#0
;__Lib_Math.c,162 :: 		
;__Lib_Math.c,164 :: 		
0x026C	0x070002  	RCALL	Modulus_32x32___testsus
;__Lib_Math.c,166 :: 		
0x026E	0x0000000402BE  	GOTO	the_end_Modulus_32x32
;__Lib_Math.c,171 :: 		
Modulus_32x32___testsus:
;__Lib_Math.c,172 :: 		
0x0272	0xE20008  	CP0	W4
;__Lib_Math.c,173 :: 		
0x0274	0x3A0002  	BRA NZ	Modulus_32x32___modsi3
;__Lib_Math.c,175 :: 		
0x0276	0x070010  	RCALL	Modulus_32x32___umodsi3
;__Lib_Math.c,176 :: 		
0x0278	0x060000  	RETURN
;__Lib_Math.c,178 :: 		
Modulus_32x32___modsi3:
;__Lib_Math.c,179 :: 		
0x027A	0x781F81  	MOV	W1, [W15++]
;__Lib_Math.c,180 :: 		
0x027C	0xE20002  	CP0	W1
;__Lib_Math.c,181 :: 		
0x027E	0x3D0002  	BRA GE	Modulus_32x32_modtestb
;__Lib_Math.c,182 :: 		
0x0280	0x100060  	SUBR	W0, #0, W0
;__Lib_Math.c,183 :: 		
0x0282	0x1880E0  	SUBBR	W1, #0, W1
;__Lib_Math.c,184 :: 		
Modulus_32x32_modtestb:
;__Lib_Math.c,185 :: 		
0x0284	0xE20006  	CP0	W3
;__Lib_Math.c,186 :: 		
0x0286	0x3D0002  	BRA GE	Modulus_32x32_calcrem
;__Lib_Math.c,187 :: 		
0x0288	0x110160  	SUBR	W2, #0, W2
;__Lib_Math.c,188 :: 		
0x028A	0x1981E0  	SUBBR	W3, #0, W3
;__Lib_Math.c,189 :: 		
Modulus_32x32_calcrem:
;__Lib_Math.c,190 :: 		
0x028C	0x070005  	RCALL	Modulus_32x32___umodsi3
;__Lib_Math.c,191 :: 		
0x028E	0xE0004F  	CP0	[--W15]
;__Lib_Math.c,192 :: 		
0x0290	0x3B0002  	BRA NN	Modulus_32x32_exitr
;__Lib_Math.c,193 :: 		
0x0292	0x100060  	SUBR	W0, #0, W0
;__Lib_Math.c,194 :: 		
0x0294	0x1880E0  	SUBBR	W1, #0, W1
;__Lib_Math.c,195 :: 		
Modulus_32x32_exitr:
;__Lib_Math.c,196 :: 		
0x0296	0x060000  	RETURN
;__Lib_Math.c,197 :: 		
Modulus_32x32___umodsi3:
;__Lib_Math.c,198 :: 		
0x0298	0x070002  	RCALL	Modulus_32x32___udivsi3
;__Lib_Math.c,199 :: 		
0x029A	0xBE8004  	MOV.D	W4, W0
;__Lib_Math.c,200 :: 		
0x029C	0x060000  	RETURN
;__Lib_Math.c,201 :: 		
Modulus_32x32___udivsi3:
;__Lib_Math.c,202 :: 		
0x029E	0xB82260  	MUL.UU	W4, #0, W4
;__Lib_Math.c,203 :: 		
0x02A0	0x200206  	MOV	#32, W6
;__Lib_Math.c,204 :: 		
Modulus_32x32_nextbit:
;__Lib_Math.c,205 :: 		
0x02A2	0xD00000  	SL	W0, W0
;__Lib_Math.c,206 :: 		
0x02A4	0xD28081  	RLC	W1, W1
;__Lib_Math.c,207 :: 		
0x02A6	0xD28204  	RLC	W4, W4
;__Lib_Math.c,208 :: 		
0x02A8	0xD28285  	RLC	W5, W5
;__Lib_Math.c,209 :: 		
0x02AA	0xA80000  	BSET	W0, #0
;__Lib_Math.c,210 :: 		
0x02AC	0x520202  	SUB	W4, W2, W4
;__Lib_Math.c,211 :: 		
0x02AE	0x5A8283  	SUBB	W5, W3, W5
;__Lib_Math.c,212 :: 		
0x02B0	0x3B0003  	BRA NN	Modulus_32x32_iterate
;__Lib_Math.c,213 :: 		
0x02B2	0x420202  	ADD	W4, W2, W4
;__Lib_Math.c,214 :: 		
0x02B4	0x4A8283  	ADDC	W5, W3, W5
;__Lib_Math.c,215 :: 		
0x02B6	0xA10000  	BCLR	W0, #0
;__Lib_Math.c,216 :: 		
Modulus_32x32_iterate:
;__Lib_Math.c,217 :: 		
0x02B8	0xE90306  	DEC	W6, W6
;__Lib_Math.c,218 :: 		
0x02BA	0x3AFFF3  	BRA NZ	Modulus_32x32_nextbit
;__Lib_Math.c,219 :: 		
0x02BC	0x060000  	RETURN
;__Lib_Math.c,222 :: 		
the_end_Modulus_32x32:
;__Lib_Math.c,225 :: 		
L_end__Modulus_32x32:
0x02BE	0xFA8000  	ULNK
0x02C0	0x060000  	RETURN
; end of __Modulus_32x32
__Divide_32x32:
0x0218	0xFA0000  	LNK	#0
;__Lib_Math.c,78 :: 		
;__Lib_Math.c,81 :: 		
0x021A	0x070002  	RCALL	Divide_32x32___testsus
;__Lib_Math.c,83 :: 		
0x021C	0x000000040266  	GOTO	the_end_Divide_32x32
;__Lib_Math.c,88 :: 		
Divide_32x32___testsus:
;__Lib_Math.c,89 :: 		
0x0220	0xE20008  	CP0	W4
;__Lib_Math.c,90 :: 		
0x0222	0x3A0002  	BRA NZ	Divide_32x32___divsi3
;__Lib_Math.c,92 :: 		
0x0224	0x070010  	RCALL	Divide_32x32___udivsi3
;__Lib_Math.c,93 :: 		
0x0226	0x060000  	RETURN
;__Lib_Math.c,95 :: 		
Divide_32x32___divsi3:
;__Lib_Math.c,96 :: 		
0x0228	0x689F83  	XOR	W1, W3, [W15++]
;__Lib_Math.c,97 :: 		
0x022A	0xE20002  	CP0	W1
;__Lib_Math.c,98 :: 		
0x022C	0x3D0002  	BRA GE	Divide_32x32_divtestb
;__Lib_Math.c,99 :: 		
0x022E	0x100060  	SUBR	W0, #0, W0
;__Lib_Math.c,100 :: 		
0x0230	0x1880E0  	SUBBR	W1, #0, W1
;__Lib_Math.c,101 :: 		
Divide_32x32_divtestb:
;__Lib_Math.c,102 :: 		
0x0232	0xE20006  	CP0	W3
;__Lib_Math.c,103 :: 		
0x0234	0x3D0002  	BRA GE	Divide_32x32_calcquot
;__Lib_Math.c,104 :: 		
0x0236	0x110160  	SUBR	W2, #0, W2
;__Lib_Math.c,105 :: 		
0x0238	0x1981E0  	SUBBR	W3, #0, W3
;__Lib_Math.c,106 :: 		
Divide_32x32_calcquot:
;__Lib_Math.c,107 :: 		
0x023A	0x070005  	RCALL	Divide_32x32___udivsi3
;__Lib_Math.c,108 :: 		
0x023C	0xE0004F  	CP0	[--W15]
;__Lib_Math.c,109 :: 		
0x023E	0x3B0002  	BRA NN	Divide_32x32_returnq
;__Lib_Math.c,110 :: 		
0x0240	0x100060  	SUBR	W0, #0, W0
;__Lib_Math.c,111 :: 		
0x0242	0x1880E0  	SUBBR	W1, #0, W1
;__Lib_Math.c,112 :: 		
Divide_32x32_returnq:
;__Lib_Math.c,113 :: 		
0x0244	0x060000  	RETURN
;__Lib_Math.c,114 :: 		
Divide_32x32___udivsi3:
;__Lib_Math.c,115 :: 		
0x0246	0xB82260  	MUL.UU	W4, #0, W4
;__Lib_Math.c,116 :: 		
0x0248	0x200206  	MOV	#32, W6
;__Lib_Math.c,117 :: 		
Divide_32x32_nextbit:
;__Lib_Math.c,118 :: 		
0x024A	0xD00000  	SL	W0, W0
;__Lib_Math.c,119 :: 		
0x024C	0xD28081  	RLC	W1, W1
;__Lib_Math.c,120 :: 		
0x024E	0xD28204  	RLC	W4, W4
;__Lib_Math.c,121 :: 		
0x0250	0xD28285  	RLC	W5, W5
;__Lib_Math.c,122 :: 		
0x0252	0xA80000  	BSET	W0, #0
;__Lib_Math.c,123 :: 		
0x0254	0x520202  	SUB	W4, W2, W4
;__Lib_Math.c,124 :: 		
0x0256	0x5A8283  	SUBB	W5, W3, W5
;__Lib_Math.c,125 :: 		
0x0258	0x3B0003  	BRA NN	Divide_32x32_iterate
;__Lib_Math.c,126 :: 		
0x025A	0x420202  	ADD	W4, W2, W4
;__Lib_Math.c,127 :: 		
0x025C	0x4A8283  	ADDC	W5, W3, W5
;__Lib_Math.c,128 :: 		
0x025E	0xA10000  	BCLR	W0, #0
;__Lib_Math.c,129 :: 		
Divide_32x32_iterate:
;__Lib_Math.c,130 :: 		
0x0260	0xE90306  	DEC	W6, W6
;__Lib_Math.c,131 :: 		
0x0262	0x3AFFF3  	BRA NZ	Divide_32x32_nextbit
;__Lib_Math.c,132 :: 		
0x0264	0x060000  	RETURN
;__Lib_Math.c,135 :: 		
the_end_Divide_32x32:
;__Lib_Math.c,138 :: 		
L_end__Divide_32x32:
0x0266	0xFA8000  	ULNK
0x0268	0x060000  	RETURN
; end of __Divide_32x32
easypicfusion_v7_P33FJ256GP710A__log_init2:
;__epf_33fj256gp710a_log.c,30 :: 		static T_mikrobus_ret _log_init2(uint32_t baud)
;__epf_33fj256gp710a_log.c,32 :: 		return _MIKROBUS_ERR_LOG;
0x0622	0xB3C060  	MOV.B	#6, W0
;__epf_33fj256gp710a_log.c,33 :: 		}
L_end__log_init2:
0x0624	0x060000  	RETURN
; end of easypicfusion_v7_P33FJ256GP710A__log_init2
easypicfusion_v7_P33FJ256GP710A__log_initUartA:
;__epf_33fj256gp710a_log.c,35 :: 		static T_mikrobus_ret _log_initUartA(uint32_t baud)
;__epf_33fj256gp710a_log.c,37 :: 		UART2_Init(baud);
0x0600	0x07FEF8  	RCALL	_UART2_Init
;__epf_33fj256gp710a_log.c,38 :: 		logger = UART2_Write;
0x0602	0x203D60  	MOV	#lo_addr(_UART2_Write), W0
0x0604	0x8844F0  	MOV	W0, _logger
;__epf_33fj256gp710a_log.c,39 :: 		return 0;
0x0606	0xEF2000  	CLR	W0
;__epf_33fj256gp710a_log.c,40 :: 		}
L_end__log_initUartA:
0x0608	0x060000  	RETURN
; end of easypicfusion_v7_P33FJ256GP710A__log_initUartA
easypicfusion_v7_P33FJ256GP710A__log_initUartB:
;__epf_33fj256gp710a_log.c,42 :: 		static T_mikrobus_ret _log_initUartB(uint32_t baud)
;__epf_33fj256gp710a_log.c,44 :: 		UART1_Init(baud);
0x060A	0x07FE64  	RCALL	_UART1_Init
;__epf_33fj256gp710a_log.c,45 :: 		logger = UART1_Write;
0x060C	0x203E40  	MOV	#lo_addr(_UART1_Write), W0
0x060E	0x8844F0  	MOV	W0, _logger
;__epf_33fj256gp710a_log.c,46 :: 		return 0;
0x0610	0xEF2000  	CLR	W0
;__epf_33fj256gp710a_log.c,47 :: 		}
L_end__log_initUartB:
0x0612	0x060000  	RETURN
; end of easypicfusion_v7_P33FJ256GP710A__log_initUartB
_UART1_Init:
0x02D4	0xFA0008  	LNK	#8
;__Lib_UART_12_p24_p33.c,145 :: 		
;__Lib_UART_12_p24_p33.c,148 :: 		
0x02D6	0x203E40  	MOV	#lo_addr(_UART1_Write), W0
0x02D8	0x8841A0  	MOV	W0, _UART_Wr_Ptr
;__Lib_UART_12_p24_p33.c,149 :: 		
0x02DA	0x2FFFF0  	MOV	#lo_addr(_UART1_Read), W0
0x02DC	0x884190  	MOV	W0, _UART_Rd_Ptr
;__Lib_UART_12_p24_p33.c,150 :: 		
0x02DE	0x2FFFF0  	MOV	#lo_addr(_UART1_Data_Ready), W0
0x02E0	0x884150  	MOV	W0, _UART_Rdy_Ptr
;__Lib_UART_12_p24_p33.c,151 :: 		
0x02E2	0x2FFFF0  	MOV	#lo_addr(_UART1_Tx_Idle), W0
0x02E4	0x884160  	MOV	W0, _UART_Tx_Idle_Ptr
;__Lib_UART_12_p24_p33.c,156 :: 		
0x02E6	0xEF2220  	CLR	U1MODE
;__Lib_UART_12_p24_p33.c,157 :: 		
0x02E8	0x280000  	MOV	#32768, W0
0x02EA	0xB7A222  	MOV	WREG, U1STA
;__Lib_UART_12_p24_p33.c,161 :: 		
0x02EC	0xA96220  	BCLR.B	U1MODE, #3
;__Lib_UART_12_p24_p33.c,162 :: 		
0x02EE	0x07FF91  	RCALL	_Get_Fosc_kHz
; tmp start address is: 4 (W2)
0x02F0	0xBE0100  	MOV.D	W0, W2
;__Lib_UART_12_p24_p33.c,164 :: 		
0x02F2	0x203E80  	MOV	#1000, W0
0x02F4	0x200001  	MOV	#0, W1
0x02F6	0x07FFE5  	RCALL	__Multiply_32x32
0x02F8	0xBE0100  	MOV.D	W0, W2
;__Lib_UART_12_p24_p33.c,166 :: 		
0x02FA	0x07FF89  	RCALL	_Get_Fosc_Per_Cyc
0x02FC	0xDE0041  	LSR	W0, #1, W0
0x02FE	0x400064  	ADD	W0, #4, W0
0x0300	0x780080  	MOV	W0, W1
0x0302	0x470060  	ADD	W14, #0, W0
0x0304	0xBE880A  	MOV.D	W10, [W0]
L__UART1_Init83:
0x0306	0xE90081  	DEC	W1, W1
0x0308	0x350003  	BRA LT	L__UART1_Init84
0x030A	0xD01810  	SL	[W0], [W0++]
0x030C	0xD29010  	RLC	[W0], [W0--]
0x030E	0x37FFFB  	BRA	L__UART1_Init83
L__UART1_Init84:
;__Lib_UART_12_p24_p33.c,168 :: 		
0x0310	0xBE9F82  	PUSH.D	W2
0x0312	0xBE9F8A  	PUSH.D	W10
0x0314	0xBE0002  	MOV.D	W2, W0
0x0316	0x90010E  	MOV	[W14+0], W2
0x0318	0x90019E  	MOV	[W14+2], W3
0x031A	0xEB0200  	CLR	W4
0x031C	0x07FFA6  	RCALL	__Modulus_32x32
0x031E	0xBE054F  	POP.D	W10
0x0320	0xBE014F  	POP.D	W2
0x0322	0x980720  	MOV	W0, [W14+4]
0x0324	0x980731  	MOV	W1, [W14+6]
;__Lib_UART_12_p24_p33.c,169 :: 		
0x0326	0xBE9F8A  	PUSH.D	W10
; tmp end address is: 4 (W2)
0x0328	0xBE0002  	MOV.D	W2, W0
0x032A	0x90010E  	MOV	[W14+0], W2
0x032C	0x90019E  	MOV	[W14+2], W3
0x032E	0xEB0200  	CLR	W4
0x0330	0x07FF73  	RCALL	__Divide_32x32
0x0332	0xBE054F  	POP.D	W10
; tmp start address is: 6 (W3)
0x0334	0x780180  	MOV	W0, W3
0x0336	0x780201  	MOV	W1, W4
;__Lib_UART_12_p24_p33.c,171 :: 		
0x0338	0x470060  	ADD	W14, #0, W0
0x033A	0xD10150  	LSR	[++W0], W2
0x033C	0xD380C0  	RRC	[--W0], W1
0x033E	0x470064  	ADD	W14, #4, W0
0x0340	0xE10830  	CP	W1, [W0++]
0x0342	0xE19020  	CPB	W2, [W0--]
0x0344	0x310007  	BRA GEU	L__UART1_Init62
L__UART1_Init85:
;__Lib_UART_12_p24_p33.c,172 :: 		
0x0346	0x418061  	ADD	W3, #1, W0
0x0348	0x4A00E0  	ADDC	W4, #0, W1
; tmp end address is: 6 (W3)
; tmp start address is: 10 (W5)
0x034A	0x780280  	MOV	W0, W5
0x034C	0x780301  	MOV	W1, W6
; tmp end address is: 10 (W5)
0x034E	0x780105  	MOV	W5, W2
0x0350	0x780186  	MOV	W6, W3
0x0352	0x370002  	BRA	L_UART1_Init13
L__UART1_Init62:
;__Lib_UART_12_p24_p33.c,171 :: 		
0x0354	0x780103  	MOV	W3, W2
0x0356	0x780184  	MOV	W4, W3
;__Lib_UART_12_p24_p33.c,172 :: 		
L_UART1_Init13:
;__Lib_UART_12_p24_p33.c,175 :: 		
; tmp start address is: 4 (W2)
0x0358	0x718002  	IOR	W3, W2, W0
0x035A	0x3A0033  	BRA NZ	L__UART1_Init64
L__UART1_Init86:
; tmp end address is: 4 (W2)
;__Lib_UART_12_p24_p33.c,177 :: 		
0x035C	0x07FF5A  	RCALL	_Get_Fosc_kHz
; tmp start address is: 4 (W2)
0x035E	0xBE0100  	MOV.D	W0, W2
;__Lib_UART_12_p24_p33.c,179 :: 		
0x0360	0x203E80  	MOV	#1000, W0
0x0362	0x200001  	MOV	#0, W1
0x0364	0x07FFAE  	RCALL	__Multiply_32x32
0x0366	0xBE0100  	MOV.D	W0, W2
;__Lib_UART_12_p24_p33.c,181 :: 		
0x0368	0x07FF52  	RCALL	_Get_Fosc_Per_Cyc
0x036A	0xDE0041  	LSR	W0, #1, W0
0x036C	0xECA000  	INC2	W0
0x036E	0x780080  	MOV	W0, W1
0x0370	0x470060  	ADD	W14, #0, W0
0x0372	0xBE880A  	MOV.D	W10, [W0]
L__UART1_Init87:
0x0374	0xE90081  	DEC	W1, W1
0x0376	0x350003  	BRA LT	L__UART1_Init88
0x0378	0xD01810  	SL	[W0], [W0++]
0x037A	0xD29010  	RLC	[W0], [W0--]
0x037C	0x37FFFB  	BRA	L__UART1_Init87
L__UART1_Init88:
;__Lib_UART_12_p24_p33.c,183 :: 		
0x037E	0xBE9F82  	PUSH.D	W2
0x0380	0xBE0002  	MOV.D	W2, W0
0x0382	0x90010E  	MOV	[W14+0], W2
0x0384	0x90019E  	MOV	[W14+2], W3
0x0386	0xEB0200  	CLR	W4
0x0388	0x07FF70  	RCALL	__Modulus_32x32
0x038A	0xBE014F  	POP.D	W2
0x038C	0x980720  	MOV	W0, [W14+4]
0x038E	0x980731  	MOV	W1, [W14+6]
;__Lib_UART_12_p24_p33.c,184 :: 		
0x0390	0xBE0002  	MOV.D	W2, W0
0x0392	0x90010E  	MOV	[W14+0], W2
0x0394	0x90019E  	MOV	[W14+2], W3
0x0396	0xEB0200  	CLR	W4
0x0398	0x07FF3F  	RCALL	__Divide_32x32
; tmp end address is: 4 (W2)
; tmp start address is: 6 (W3)
0x039A	0x780180  	MOV	W0, W3
0x039C	0x780201  	MOV	W1, W4
;__Lib_UART_12_p24_p33.c,186 :: 		
0x039E	0x470060  	ADD	W14, #0, W0
0x03A0	0xD10150  	LSR	[++W0], W2
0x03A2	0xD380C0  	RRC	[--W0], W1
0x03A4	0x470064  	ADD	W14, #4, W0
0x03A6	0xE10830  	CP	W1, [W0++]
0x03A8	0xE19020  	CPB	W2, [W0--]
0x03AA	0x310007  	BRA GEU	L__UART1_Init63
L__UART1_Init89:
;__Lib_UART_12_p24_p33.c,187 :: 		
0x03AC	0x418061  	ADD	W3, #1, W0
0x03AE	0x4A00E0  	ADDC	W4, #0, W1
; tmp end address is: 6 (W3)
; tmp start address is: 10 (W5)
0x03B0	0x780280  	MOV	W0, W5
0x03B2	0x780301  	MOV	W1, W6
; tmp end address is: 10 (W5)
0x03B4	0x780105  	MOV	W5, W2
0x03B6	0x780186  	MOV	W6, W3
0x03B8	0x370002  	BRA	L_UART1_Init15
L__UART1_Init63:
;__Lib_UART_12_p24_p33.c,186 :: 		
0x03BA	0x780103  	MOV	W3, W2
0x03BC	0x780184  	MOV	W4, W3
;__Lib_UART_12_p24_p33.c,187 :: 		
L_UART1_Init15:
;__Lib_UART_12_p24_p33.c,189 :: 		
; tmp start address is: 4 (W2)
0x03BE	0xA86220  	BSET.B	U1MODE, #3
; tmp end address is: 4 (W2)
;__Lib_UART_12_p24_p33.c,190 :: 		
0x03C0	0x370000  	BRA	L_UART1_Init14
L__UART1_Init64:
;__Lib_UART_12_p24_p33.c,175 :: 		
;__Lib_UART_12_p24_p33.c,190 :: 		
L_UART1_Init14:
;__Lib_UART_12_p24_p33.c,192 :: 		
; tmp start address is: 4 (W2)
0x03C2	0x510061  	SUB	W2, #1, W0
0x03C4	0x5980E0  	SUBB	W3, #0, W1
; tmp end address is: 4 (W2)
; tmp start address is: 0 (W0)
0x03C6	0x881140  	MOV	W0, U1BRG
; tmp end address is: 0 (W0)
;__Lib_UART_12_p24_p33.c,195 :: 		
0x03C8	0xA92222  	BCLR.B	U1STA, #1
;__Lib_UART_12_p24_p33.c,197 :: 		
0x03CA	0xA8E221  	BSET	U1MODE, #15
;__Lib_UART_12_p24_p33.c,198 :: 		
0x03CC	0xA84223  	BSET	U1STA, #10
;__Lib_UART_12_p24_p33.c,200 :: 		
0x03CE	0x07FF18  	RCALL	_Delay_100ms
0x03D0	0x07FF17  	RCALL	_Delay_100ms
;__Lib_UART_12_p24_p33.c,202 :: 		
L_end_UART1_Init:
0x03D2	0xFA8000  	ULNK
0x03D4	0x060000  	RETURN
; end of _UART1_Init
_mikrobus_logWrite:
0x08E8	0xFA0002  	LNK	#2
;easypicfusion_v7_P33FJ256GP710A.c,319 :: 		T_mikrobus_ret mikrobus_logWrite(uint8_t* data_, T_log_format format)
;easypicfusion_v7_P33FJ256GP710A.c,321 :: 		uint8_t *ptr = data_;
0x08EA	0x781F8A  	PUSH	W10
; ptr start address is: 2 (W1)
0x08EC	0x78008A  	MOV	W10, W1
;easypicfusion_v7_P33FJ256GP710A.c,322 :: 		uint8_t row = 13;
0x08EE	0x2000D0  	MOV	#13, W0
0x08F0	0x984700  	MOV.B	W0, [W14+0]
0x08F2	0x2000A0  	MOV	#10, W0
0x08F4	0x984710  	MOV.B	W0, [W14+1]
;easypicfusion_v7_P33FJ256GP710A.c,323 :: 		uint8_t line = 10;
;easypicfusion_v7_P33FJ256GP710A.c,324 :: 		switch( format )
0x08F6	0x370025  	BRA	L_mikrobus_logWrite42
;easypicfusion_v7_P33FJ256GP710A.c,326 :: 		case _LOG_BYTE :
L_mikrobus_logWrite44:
;easypicfusion_v7_P33FJ256GP710A.c,327 :: 		_log_write( ptr );
0x08F8	0x780501  	MOV	W1, W10
; ptr end address is: 2 (W1)
0x08FA	0x07FE8C  	RCALL	easypicfusion_v7_P33FJ256GP710A__log_write
;easypicfusion_v7_P33FJ256GP710A.c,328 :: 		break;
0x08FC	0x370029  	BRA	L_mikrobus_logWrite43
;easypicfusion_v7_P33FJ256GP710A.c,329 :: 		case _LOG_TEXT :
L_mikrobus_logWrite45:
;easypicfusion_v7_P33FJ256GP710A.c,330 :: 		while( *ptr )
; ptr start address is: 2 (W1)
0x08FE	0x780001  	MOV	W1, W0
L_mikrobus_logWrite46:
; ptr end address is: 2 (W1)
; ptr start address is: 0 (W0)
0x0900	0xE00410  	CP0.B	[W0]
0x0902	0x320008  	BRA Z	L_mikrobus_logWrite47
L__mikrobus_logWrite140:
;easypicfusion_v7_P33FJ256GP710A.c,332 :: 		_log_write( ptr );
0x0904	0x781F80  	PUSH	W0
0x0906	0xBE9F8A  	PUSH.D	W10
0x0908	0x780500  	MOV	W0, W10
0x090A	0x07FE84  	RCALL	easypicfusion_v7_P33FJ256GP710A__log_write
0x090C	0xBE054F  	POP.D	W10
0x090E	0x78004F  	POP	W0
;easypicfusion_v7_P33FJ256GP710A.c,333 :: 		ptr++;
0x0910	0xEC2000  	INC	W0
;easypicfusion_v7_P33FJ256GP710A.c,334 :: 		}
; ptr end address is: 0 (W0)
0x0912	0x37FFF6  	BRA	L_mikrobus_logWrite46
L_mikrobus_logWrite47:
;easypicfusion_v7_P33FJ256GP710A.c,335 :: 		break;
0x0914	0x37001D  	BRA	L_mikrobus_logWrite43
;easypicfusion_v7_P33FJ256GP710A.c,336 :: 		case _LOG_LINE :
L_mikrobus_logWrite48:
;easypicfusion_v7_P33FJ256GP710A.c,337 :: 		while( *ptr )
; ptr start address is: 2 (W1)
0x0916	0x780001  	MOV	W1, W0
L_mikrobus_logWrite49:
; ptr end address is: 2 (W1)
; ptr start address is: 0 (W0)
0x0918	0xE00410  	CP0.B	[W0]
0x091A	0x320008  	BRA Z	L_mikrobus_logWrite50
L__mikrobus_logWrite141:
;easypicfusion_v7_P33FJ256GP710A.c,339 :: 		_log_write( ptr );
0x091C	0x781F80  	PUSH	W0
0x091E	0xBE9F8A  	PUSH.D	W10
0x0920	0x780500  	MOV	W0, W10
0x0922	0x07FE78  	RCALL	easypicfusion_v7_P33FJ256GP710A__log_write
0x0924	0xBE054F  	POP.D	W10
0x0926	0x78004F  	POP	W0
;easypicfusion_v7_P33FJ256GP710A.c,340 :: 		ptr++;
0x0928	0xEC2000  	INC	W0
;easypicfusion_v7_P33FJ256GP710A.c,341 :: 		}
; ptr end address is: 0 (W0)
0x092A	0x37FFF6  	BRA	L_mikrobus_logWrite49
L_mikrobus_logWrite50:
;easypicfusion_v7_P33FJ256GP710A.c,342 :: 		_log_write( &row );
0x092C	0x470060  	ADD	W14, #0, W0
0x092E	0xBE9F8A  	PUSH.D	W10
0x0930	0x780500  	MOV	W0, W10
0x0932	0x07FE70  	RCALL	easypicfusion_v7_P33FJ256GP710A__log_write
;easypicfusion_v7_P33FJ256GP710A.c,343 :: 		_log_write( &line );
0x0934	0x470061  	ADD	W14, #1, W0
0x0936	0x780500  	MOV	W0, W10
0x0938	0x07FE6D  	RCALL	easypicfusion_v7_P33FJ256GP710A__log_write
0x093A	0xBE054F  	POP.D	W10
;easypicfusion_v7_P33FJ256GP710A.c,344 :: 		break;
0x093C	0x370009  	BRA	L_mikrobus_logWrite43
;easypicfusion_v7_P33FJ256GP710A.c,345 :: 		default :
L_mikrobus_logWrite51:
;easypicfusion_v7_P33FJ256GP710A.c,346 :: 		return _MIKROBUS_ERR_LOG;
0x093E	0xB3C060  	MOV.B	#6, W0
0x0940	0x370007  	BRA	L_end_mikrobus_logWrite
;easypicfusion_v7_P33FJ256GP710A.c,347 :: 		}
L_mikrobus_logWrite42:
; ptr start address is: 2 (W1)
0x0942	0xE15C60  	CP.B	W11, #0
0x0944	0x32FFD9  	BRA Z	L_mikrobus_logWrite44
L__mikrobus_logWrite142:
0x0946	0xE15C61  	CP.B	W11, #1
0x0948	0x32FFDA  	BRA Z	L_mikrobus_logWrite45
L__mikrobus_logWrite143:
0x094A	0xE15C62  	CP.B	W11, #2
0x094C	0x32FFE4  	BRA Z	L_mikrobus_logWrite48
L__mikrobus_logWrite144:
; ptr end address is: 2 (W1)
0x094E	0x37FFF7  	BRA	L_mikrobus_logWrite51
L_mikrobus_logWrite43:
;easypicfusion_v7_P33FJ256GP710A.c,348 :: 		}
L_end_mikrobus_logWrite:
0x0950	0x78054F  	POP	W10
0x0952	0xFA8000  	ULNK
0x0954	0x060000  	RETURN
; end of _mikrobus_logWrite
easypicfusion_v7_P33FJ256GP710A__log_write:
;__epf_33fj256gp710a_log.c,17 :: 		static T_mikrobus_ret _log_write(uint8_t *data_)
;__epf_33fj256gp710a_log.c,19 :: 		logger( *data_ );
0x0614	0x781F8A  	PUSH	W10
0x0616	0xFB851A  	ZE	[W10], W10
0x0618	0x8044F0  	MOV	_logger, W0
0x061A	0x010000  	CALL	W0
;__epf_33fj256gp710a_log.c,20 :: 		return 0;
0x061C	0xEF2000  	CLR	W0
;__epf_33fj256gp710a_log.c,21 :: 		}
;__epf_33fj256gp710a_log.c,20 :: 		return 0;
;__epf_33fj256gp710a_log.c,21 :: 		}
L_end__log_write:
0x061E	0x78054F  	POP	W10
0x0620	0x060000  	RETURN
; end of easypicfusion_v7_P33FJ256GP710A__log_write
_UART1_Write:
0x03E4	0xFA0000  	LNK	#0
;__Lib_UART_12_p24_p33.c,70 :: 		
;__Lib_UART_12_p24_p33.c,71 :: 		
L_UART1_Write0:
0x03E6	0xAF0223  	BTSC	U1STA, #8
0x03E8	0x370001  	BRA	L_UART1_Write1
0x03EA	0x37FFFD  	BRA	L_UART1_Write0
L_UART1_Write1:
;__Lib_UART_12_p24_p33.c,72 :: 		
0x03EC	0x88112A  	MOV	W10, U1TXREG
;__Lib_UART_12_p24_p33.c,73 :: 		
L_end_UART1_Write:
0x03EE	0xFA8000  	ULNK
0x03F0	0x060000  	RETURN
; end of _UART1_Write
_UART2_Write:
0x03D6	0xFA0000  	LNK	#0
;__Lib_UART_12_p24_p33.c,305 :: 		
;__Lib_UART_12_p24_p33.c,306 :: 		
L_UART2_Write25:
0x03D8	0xAF0233  	BTSC	U2STA, #8
0x03DA	0x370001  	BRA	L_UART2_Write26
0x03DC	0x37FFFD  	BRA	L_UART2_Write25
L_UART2_Write26:
;__Lib_UART_12_p24_p33.c,307 :: 		
0x03DE	0x8811AA  	MOV	W10, U2TXREG
;__Lib_UART_12_p24_p33.c,308 :: 		
L_end_UART2_Write:
0x03E0	0xFA8000  	ULNK
0x03E2	0x060000  	RETURN
; end of _UART2_Write
_applicationInit:
;Click_Slider2_DSPIC.c,42 :: 		void applicationInit()
;Click_Slider2_DSPIC.c,44 :: 		slider2_gpioDriverInit( (T_SLIDER2_P)&_MIKROBUS1_GPIO );
0x0998	0x781F8A  	PUSH	W10
0x099A	0x781F8B  	PUSH	W11
0x099C	0x28000A  	MOV	#lo_addr(__MIKROBUS1_GPIO), W10
0x099E	0x07FFDB  	RCALL	_slider2_gpioDriverInit
;Click_Slider2_DSPIC.c,45 :: 		slider2_enable(_SLIDER2_DEVICE_ENABLE);
0x09A0	0xB3C01A  	MOV.B	#1, W10
0x09A2	0x07FFDB  	RCALL	_slider2_enable
;Click_Slider2_DSPIC.c,46 :: 		slider2_setReference(_SLIDER2_MAX_VOLTAGE_4_096V);
0x09A4	0xB3C00A  	MOV.B	#0, W10
0x09A6	0x07FF24  	RCALL	_slider2_setReference
;Click_Slider2_DSPIC.c,50 :: 		ADC1_Init_Advanced(_ADC_12bit, _ADC_INTERNAL_VREFL | _ADC_INTERNAL_VREFH);
0x09A8	0xEF2016  	CLR	W11
0x09AA	0x20001A  	MOV	#1, W10
0x09AC	0x07FF39  	RCALL	_ADC1_Init_Advanced
;Click_Slider2_DSPIC.c,53 :: 		Delay_100ms();
0x09AE	0x07FC28  	RCALL	_Delay_100ms
;Click_Slider2_DSPIC.c,54 :: 		}
L_end_applicationInit:
0x09B0	0x7805CF  	POP	W11
0x09B2	0x78054F  	POP	W10
0x09B4	0x060000  	RETURN
; end of _applicationInit
_slider2_gpioDriverInit:
;__slider2_Driver.c,70 :: 		void slider2_gpioDriverInit(T_SLIDER2_P gpioObj)
;__slider2_Driver.c,72 :: 		hal_gpioMap( (T_HAL_P)gpioObj );
0x0956	0x07FF45  	RCALL	__slider2_Driver_hal_gpioMap
;__slider2_Driver.c,73 :: 		}
L_end_slider2_gpioDriverInit:
0x0958	0x060000  	RETURN
; end of _slider2_gpioDriverInit
__slider2_Driver_hal_gpioMap:
;__slider2_hal.c,321 :: 		static void hal_gpioMap(T_HAL_P gpioObj)
;__slider2_hal.c,365 :: 		hal_gpio_csSet = tmp->gpioSet[ __CS_PIN_OUTPUT__ ];
0x07E2	0x450064  	ADD	W10, #4, W0
0x07E4	0x780010  	MOV	[W0], W0
0x07E6	0x884170  	MOV	W0, __slider2_Driver_hal_gpio_csSet
;__slider2_hal.c,380 :: 		hal_gpio_pwmSet = tmp->gpioSet[ __PWM_PIN_OUTPUT__ ];
0x07E8	0x45006C  	ADD	W10, #12, W0
0x07EA	0x780010  	MOV	[W0], W0
0x07EC	0x884180  	MOV	W0, __slider2_Driver_hal_gpio_pwmSet
;__slider2_hal.c,397 :: 		}
L_end_hal_gpioMap:
0x07EE	0x060000  	RETURN
; end of __slider2_Driver_hal_gpioMap
_slider2_enable:
;__slider2_Driver.c,77 :: 		void slider2_enable(uint8_t state)
;__slider2_Driver.c,79 :: 		hal_gpio_csSet(state);
0x095A	0x804170  	MOV	__slider2_Driver_hal_gpio_csSet, W0
0x095C	0x010000  	CALL	W0
;__slider2_Driver.c,80 :: 		}
L_end_slider2_enable:
0x095E	0x060000  	RETURN
; end of _slider2_enable
easypicfusion_v7_P33FJ256GP710A__setAN_1:
;__epf_33fj256gp710a_gpio.c,43 :: 		static void _setAN_1  (uint8_t value)         { LATB8_bit = value; }
0x07BA	0xAE0014  	BTSS	W10, #0
0x07BC	0xA902CB  	BCLR	LATB8_bit, BitPos(LATB8_bit+0)
0x07BE	0xAF0014  	BTSC	W10, #0
0x07C0	0xA802CB  	BSET	LATB8_bit, BitPos(LATB8_bit+0)
L_end__setAN_1:
0x07C2	0x060000  	RETURN
; end of easypicfusion_v7_P33FJ256GP710A__setAN_1
easypicfusion_v7_P33FJ256GP710A__setRST_1:
;__epf_33fj256gp710a_gpio.c,44 :: 		static void _setRST_1 (uint8_t value)         { LATC1_bit = value; }
0x07B0	0xAE0014  	BTSS	W10, #0
0x07B2	0xA922D0  	BCLR	LATC1_bit, BitPos(LATC1_bit+0)
0x07B4	0xAF0014  	BTSC	W10, #0
0x07B6	0xA822D0  	BSET	LATC1_bit, BitPos(LATC1_bit+0)
L_end__setRST_1:
0x07B8	0x060000  	RETURN
; end of easypicfusion_v7_P33FJ256GP710A__setRST_1
easypicfusion_v7_P33FJ256GP710A__setCS_1:
;__epf_33fj256gp710a_gpio.c,45 :: 		static void _setCS_1  (uint8_t value)         { LATC2_bit = value; }
0x07C4	0xAE0014  	BTSS	W10, #0
0x07C6	0xA942D0  	BCLR	LATC2_bit, BitPos(LATC2_bit+0)
0x07C8	0xAF0014  	BTSC	W10, #0
0x07CA	0xA842D0  	BSET	LATC2_bit, BitPos(LATC2_bit+0)
L_end__setCS_1:
0x07CC	0x060000  	RETURN
; end of easypicfusion_v7_P33FJ256GP710A__setCS_1
easypicfusion_v7_P33FJ256GP710A__setSCK_1:
;__epf_33fj256gp710a_gpio.c,46 :: 		static void _setSCK_1 (uint8_t value)         { LATF6_bit = value; }
0x07D8	0xAE0014  	BTSS	W10, #0
0x07DA	0xA9C2E2  	BCLR	LATF6_bit, BitPos(LATF6_bit+0)
0x07DC	0xAF0014  	BTSC	W10, #0
0x07DE	0xA8C2E2  	BSET	LATF6_bit, BitPos(LATF6_bit+0)
L_end__setSCK_1:
0x07E0	0x060000  	RETURN
; end of easypicfusion_v7_P33FJ256GP710A__setSCK_1
easypicfusion_v7_P33FJ256GP710A__setMISO_1:
;__epf_33fj256gp710a_gpio.c,47 :: 		static void _setMISO_1(uint8_t value)         { LATF7_bit = value; }
0x07CE	0xAE0014  	BTSS	W10, #0
0x07D0	0xA9E2E2  	BCLR	LATF7_bit, BitPos(LATF7_bit+0)
0x07D2	0xAF0014  	BTSC	W10, #0
0x07D4	0xA8E2E2  	BSET	LATF7_bit, BitPos(LATF7_bit+0)
L_end__setMISO_1:
0x07D6	0x060000  	RETURN
; end of easypicfusion_v7_P33FJ256GP710A__setMISO_1
easypicfusion_v7_P33FJ256GP710A__setMOSI_1:
;__epf_33fj256gp710a_gpio.c,48 :: 		static void _setMOSI_1(uint8_t value)         { LATF8_bit = value; }
0x04F4	0xAE0014  	BTSS	W10, #0
0x04F6	0xA902E3  	BCLR	LATF8_bit, BitPos(LATF8_bit+0)
0x04F8	0xAF0014  	BTSC	W10, #0
0x04FA	0xA802E3  	BSET	LATF8_bit, BitPos(LATF8_bit+0)
L_end__setMOSI_1:
0x04FC	0x060000  	RETURN
; end of easypicfusion_v7_P33FJ256GP710A__setMOSI_1
easypicfusion_v7_P33FJ256GP710A__setPWM_1:
;__epf_33fj256gp710a_gpio.c,49 :: 		static void _setPWM_1 (uint8_t value)         { LATD0_bit = value; }
0x0530	0xAE0014  	BTSS	W10, #0
0x0532	0xA902D6  	BCLR	LATD0_bit, BitPos(LATD0_bit+0)
0x0534	0xAF0014  	BTSC	W10, #0
0x0536	0xA802D6  	BSET	LATD0_bit, BitPos(LATD0_bit+0)
L_end__setPWM_1:
0x0538	0x060000  	RETURN
; end of easypicfusion_v7_P33FJ256GP710A__setPWM_1
easypicfusion_v7_P33FJ256GP710A__setINT_1:
;__epf_33fj256gp710a_gpio.c,50 :: 		static void _setINT_1 (uint8_t value)         { LATA12_bit = value;}
0x053A	0xAE0014  	BTSS	W10, #0
0x053C	0xA982C5  	BCLR	LATA12_bit, BitPos(LATA12_bit+0)
0x053E	0xAF0014  	BTSC	W10, #0
0x0540	0xA882C5  	BSET	LATA12_bit, BitPos(LATA12_bit+0)
L_end__setINT_1:
0x0542	0x060000  	RETURN
; end of easypicfusion_v7_P33FJ256GP710A__setINT_1
easypicfusion_v7_P33FJ256GP710A__setRX_1:
;__epf_33fj256gp710a_gpio.c,51 :: 		static void _setRX_1  (uint8_t value)         { LATF4_bit = value; }
0x0544	0xAE0014  	BTSS	W10, #0
0x0546	0xA982E2  	BCLR	LATF4_bit, BitPos(LATF4_bit+0)
0x0548	0xAF0014  	BTSC	W10, #0
0x054A	0xA882E2  	BSET	LATF4_bit, BitPos(LATF4_bit+0)
L_end__setRX_1:
0x054C	0x060000  	RETURN
; end of easypicfusion_v7_P33FJ256GP710A__setRX_1
easypicfusion_v7_P33FJ256GP710A__setTX_1:
;__epf_33fj256gp710a_gpio.c,52 :: 		static void _setTX_1  (uint8_t value)         { LATF5_bit = value; }
0x0512	0xAE0014  	BTSS	W10, #0
0x0514	0xA9A2E2  	BCLR	LATF5_bit, BitPos(LATF5_bit+0)
0x0516	0xAF0014  	BTSC	W10, #0
0x0518	0xA8A2E2  	BSET	LATF5_bit, BitPos(LATF5_bit+0)
L_end__setTX_1:
0x051A	0x060000  	RETURN
; end of easypicfusion_v7_P33FJ256GP710A__setTX_1
easypicfusion_v7_P33FJ256GP710A__setSCL_1:
;__epf_33fj256gp710a_gpio.c,53 :: 		static void _setSCL_1 (uint8_t value)         { LATA2_bit = value; }
0x051C	0xAE0014  	BTSS	W10, #0
0x051E	0xA942C4  	BCLR	LATA2_bit, BitPos(LATA2_bit+0)
0x0520	0xAF0014  	BTSC	W10, #0
0x0522	0xA842C4  	BSET	LATA2_bit, BitPos(LATA2_bit+0)
L_end__setSCL_1:
0x0524	0x060000  	RETURN
; end of easypicfusion_v7_P33FJ256GP710A__setSCL_1
easypicfusion_v7_P33FJ256GP710A__setSDA_1:
;__epf_33fj256gp710a_gpio.c,54 :: 		static void _setSDA_1 (uint8_t value)         { LATA3_bit = value; }
0x0526	0xAE0014  	BTSS	W10, #0
0x0528	0xA962C4  	BCLR	LATA3_bit, BitPos(LATA3_bit+0)
0x052A	0xAF0014  	BTSC	W10, #0
0x052C	0xA862C4  	BSET	LATA3_bit, BitPos(LATA3_bit+0)
L_end__setSDA_1:
0x052E	0x060000  	RETURN
; end of easypicfusion_v7_P33FJ256GP710A__setSDA_1
easypicfusion_v7_P33FJ256GP710A__setAN_2:
;__epf_33fj256gp710a_gpio.c,68 :: 		static void _setAN_2  (uint8_t value)   { LATB9_bit  = value; }
0x04FE	0xAE0014  	BTSS	W10, #0
0x0500	0xA922CB  	BCLR	LATB9_bit, BitPos(LATB9_bit+0)
0x0502	0xAF0014  	BTSC	W10, #0
0x0504	0xA822CB  	BSET	LATB9_bit, BitPos(LATB9_bit+0)
L_end__setAN_2:
0x0506	0x060000  	RETURN
; end of easypicfusion_v7_P33FJ256GP710A__setAN_2
easypicfusion_v7_P33FJ256GP710A__setRST_2:
;__epf_33fj256gp710a_gpio.c,69 :: 		static void _setRST_2 (uint8_t value)   { LATC3_bit  = value; }
0x0508	0xAE0014  	BTSS	W10, #0
0x050A	0xA962D0  	BCLR	LATC3_bit, BitPos(LATC3_bit+0)
0x050C	0xAF0014  	BTSC	W10, #0
0x050E	0xA862D0  	BSET	LATC3_bit, BitPos(LATC3_bit+0)
L_end__setRST_2:
0x0510	0x060000  	RETURN
; end of easypicfusion_v7_P33FJ256GP710A__setRST_2
easypicfusion_v7_P33FJ256GP710A__setCS_2:
;__epf_33fj256gp710a_gpio.c,70 :: 		static void _setCS_2  (uint8_t value)   { LATC4_bit  = value; }
0x054E	0xAE0014  	BTSS	W10, #0
0x0550	0xA982D0  	BCLR	LATC4_bit, BitPos(LATC4_bit+0)
0x0552	0xAF0014  	BTSC	W10, #0
0x0554	0xA882D0  	BSET	LATC4_bit, BitPos(LATC4_bit+0)
L_end__setCS_2:
0x0556	0x060000  	RETURN
; end of easypicfusion_v7_P33FJ256GP710A__setCS_2
easypicfusion_v7_P33FJ256GP710A__setSCK_2:
;__epf_33fj256gp710a_gpio.c,71 :: 		static void _setSCK_2 (uint8_t value)   { LATF6_bit  = value; }
0x05D8	0xAE0014  	BTSS	W10, #0
0x05DA	0xA9C2E2  	BCLR	LATF6_bit, BitPos(LATF6_bit+0)
0x05DC	0xAF0014  	BTSC	W10, #0
0x05DE	0xA8C2E2  	BSET	LATF6_bit, BitPos(LATF6_bit+0)
L_end__setSCK_2:
0x05E0	0x060000  	RETURN
; end of easypicfusion_v7_P33FJ256GP710A__setSCK_2
easypicfusion_v7_P33FJ256GP710A__setMISO_2:
;__epf_33fj256gp710a_gpio.c,72 :: 		static void _setMISO_2(uint8_t value)   { LATF7_bit  = value; }
0x05CE	0xAE0014  	BTSS	W10, #0
0x05D0	0xA9E2E2  	BCLR	LATF7_bit, BitPos(LATF7_bit+0)
0x05D2	0xAF0014  	BTSC	W10, #0
0x05D4	0xA8E2E2  	BSET	LATF7_bit, BitPos(LATF7_bit+0)
L_end__setMISO_2:
0x05D6	0x060000  	RETURN
; end of easypicfusion_v7_P33FJ256GP710A__setMISO_2
easypicfusion_v7_P33FJ256GP710A__setMOSI_2:
;__epf_33fj256gp710a_gpio.c,73 :: 		static void _setMOSI_2(uint8_t value)   { LATF8_bit  = value; }
0x05E2	0xAE0014  	BTSS	W10, #0
0x05E4	0xA902E3  	BCLR	LATF8_bit, BitPos(LATF8_bit+0)
0x05E6	0xAF0014  	BTSC	W10, #0
0x05E8	0xA802E3  	BSET	LATF8_bit, BitPos(LATF8_bit+0)
L_end__setMOSI_2:
0x05EA	0x060000  	RETURN
; end of easypicfusion_v7_P33FJ256GP710A__setMOSI_2
easypicfusion_v7_P33FJ256GP710A__setPWM_2:
;__epf_33fj256gp710a_gpio.c,74 :: 		static void _setPWM_2 (uint8_t value)   { LATD1_bit  = value; }
0x05F6	0xAE0014  	BTSS	W10, #0
0x05F8	0xA922D6  	BCLR	LATD1_bit, BitPos(LATD1_bit+0)
0x05FA	0xAF0014  	BTSC	W10, #0
0x05FC	0xA822D6  	BSET	LATD1_bit, BitPos(LATD1_bit+0)
L_end__setPWM_2:
0x05FE	0x060000  	RETURN
; end of easypicfusion_v7_P33FJ256GP710A__setPWM_2
easypicfusion_v7_P33FJ256GP710A__setINT_2:
;__epf_33fj256gp710a_gpio.c,75 :: 		static void _setINT_2 (uint8_t value)   { LATA13_bit = value; }
0x05EC	0xAE0014  	BTSS	W10, #0
0x05EE	0xA9A2C5  	BCLR	LATA13_bit, BitPos(LATA13_bit+0)
0x05F0	0xAF0014  	BTSC	W10, #0
0x05F2	0xA8A2C5  	BSET	LATA13_bit, BitPos(LATA13_bit+0)
L_end__setINT_2:
0x05F4	0x060000  	RETURN
; end of easypicfusion_v7_P33FJ256GP710A__setINT_2
easypicfusion_v7_P33FJ256GP710A__setRX_2:
;__epf_33fj256gp710a_gpio.c,76 :: 		static void _setRX_2  (uint8_t value)   { LATF12_bit = value; }
0x05C4	0xAE0014  	BTSS	W10, #0
0x05C6	0xA982E3  	BCLR	LATF12_bit, BitPos(LATF12_bit+0)
0x05C8	0xAF0014  	BTSC	W10, #0
0x05CA	0xA882E3  	BSET	LATF12_bit, BitPos(LATF12_bit+0)
L_end__setRX_2:
0x05CC	0x060000  	RETURN
; end of easypicfusion_v7_P33FJ256GP710A__setRX_2
easypicfusion_v7_P33FJ256GP710A__setTX_2:
;__epf_33fj256gp710a_gpio.c,77 :: 		static void _setTX_2  (uint8_t value)   { LATF13_bit = value; }
0x0562	0xAE0014  	BTSS	W10, #0
0x0564	0xA9A2E3  	BCLR	LATF13_bit, BitPos(LATF13_bit+0)
0x0566	0xAF0014  	BTSC	W10, #0
0x0568	0xA8A2E3  	BSET	LATF13_bit, BitPos(LATF13_bit+0)
L_end__setTX_2:
0x056A	0x060000  	RETURN
; end of easypicfusion_v7_P33FJ256GP710A__setTX_2
easypicfusion_v7_P33FJ256GP710A__setSCL_2:
;__epf_33fj256gp710a_gpio.c,78 :: 		static void _setSCL_2 (uint8_t value)   { LATA2_bit  = value; }
0x0558	0xAE0014  	BTSS	W10, #0
0x055A	0xA942C4  	BCLR	LATA2_bit, BitPos(LATA2_bit+0)
0x055C	0xAF0014  	BTSC	W10, #0
0x055E	0xA842C4  	BSET	LATA2_bit, BitPos(LATA2_bit+0)
L_end__setSCL_2:
0x0560	0x060000  	RETURN
; end of easypicfusion_v7_P33FJ256GP710A__setSCL_2
easypicfusion_v7_P33FJ256GP710A__setSDA_2:
;__epf_33fj256gp710a_gpio.c,79 :: 		static void _setSDA_2 (uint8_t value)   { LATA3_bit  = value; }
0x056C	0xAE0014  	BTSS	W10, #0
0x056E	0xA962C4  	BCLR	LATA3_bit, BitPos(LATA3_bit+0)
0x0570	0xAF0014  	BTSC	W10, #0
0x0572	0xA862C4  	BSET	LATA3_bit, BitPos(LATA3_bit+0)
L_end__setSDA_2:
0x0574	0x060000  	RETURN
; end of easypicfusion_v7_P33FJ256GP710A__setSDA_2
_slider2_setReference:
;__slider2_Driver.c,82 :: 		void slider2_setReference(uint8_t ref)
;__slider2_Driver.c,84 :: 		hal_gpio_pwmSet(ref);
0x07F0	0x804180  	MOV	__slider2_Driver_hal_gpio_pwmSet, W0
0x07F2	0x010000  	CALL	W0
;__slider2_Driver.c,85 :: 		}
L_end_slider2_setReference:
0x07F4	0x060000  	RETURN
; end of _slider2_setReference
_ADC1_Init_Advanced:
0x0820	0xFA0000  	LNK	#0
;__Lib_ADC_12_p24HJ_p33.c,56 :: 		
;__Lib_ADC_12_p24HJ_p33.c,57 :: 		
0x0822	0x205760  	MOV	#lo_addr(_ADC1_Get_Sample), W0
0x0824	0x884140  	MOV	W0, _ADC_Get_Sample_Ptr
;__Lib_ADC_12_p24HJ_p33.c,59 :: 		
0x0826	0x200E00  	MOV	#224, W0
0x0828	0xB7A320  	MOV	WREG, AD1CON1
;__Lib_ADC_12_p24HJ_p33.c,60 :: 		
0x082A	0xDD50CA  	SL	W10, #10, W1
0x082C	0x203200  	MOV	#lo_addr(AD1CON1), W0
0x082E	0x708810  	IOR	W1, [W0], [W0]
;__Lib_ADC_12_p24HJ_p33.c,61 :: 		
0x0830	0x2E0001  	MOV	#57344, W1
0x0832	0x203220  	MOV	#lo_addr(AD1CON2), W0
0x0834	0x658801  	AND	W11, W1, [W0]
;__Lib_ADC_12_p24HJ_p33.c,62 :: 		
0x0836	0x21F3F0  	MOV	#7999, W0
0x0838	0xB7A324  	MOV	WREG, AD1CON3
;__Lib_ADC_12_p24HJ_p33.c,63 :: 		
0x083A	0xEF2332  	CLR	AD1CON4
;__Lib_ADC_12_p24HJ_p33.c,64 :: 		
0x083C	0xEF2330  	CLR	AD1CSSL
;__Lib_ADC_12_p24HJ_p33.c,65 :: 		
0x083E	0xEF232E  	CLR	AD1CSSH
;__Lib_ADC_12_p24HJ_p33.c,66 :: 		
0x0840	0xA8E321  	BSET	AD1CON1, #15
;__Lib_ADC_12_p24HJ_p33.c,67 :: 		
L_end_ADC1_Init_Advanced:
0x0842	0xFA8000  	ULNK
0x0844	0x060000  	RETURN
; end of _ADC1_Init_Advanced
_applicationTask:
;Click_Slider2_DSPIC.c,56 :: 		void applicationTask()
;Click_Slider2_DSPIC.c,58 :: 		sliderValue = ADC1_Read(8);
0x09B6	0x781F8A  	PUSH	W10
0x09B8	0x781F8B  	PUSH	W11
0x09BA	0x20008A  	MOV	#8, W10
0x09BC	0x07FF44  	RCALL	_ADC1_Read
0x09BE	0xEB0080  	CLR	W1
0x09C0	0x8841B0  	MOV	W0, _sliderValue
0x09C2	0x8841C1  	MOV	W1, _sliderValue+2
;Click_Slider2_DSPIC.c,60 :: 		WordToHex(sliderValue, demoText);
0x09C4	0x2083AB  	MOV	#lo_addr(_demoText), W11
0x09C6	0x8041BA  	MOV	_sliderValue, W10
0x09C8	0x07FF43  	RCALL	_WordToHex
;Click_Slider2_DSPIC.c,61 :: 		mikrobus_logWrite(" Slider value : 0x", _LOG_TEXT);
0x09CA	0xB3C01B  	MOV.B	#1, W11
0x09CC	0x20814A  	MOV	#lo_addr(?lstr2_Click_Slider2_DSPIC), W10
0x09CE	0x07FF8C  	RCALL	_mikrobus_logWrite
;Click_Slider2_DSPIC.c,62 :: 		mikrobus_logWrite(demoText, _LOG_LINE);
0x09D0	0xB3C02B  	MOV.B	#2, W11
0x09D2	0x2083AA  	MOV	#lo_addr(_demoText), W10
0x09D4	0x07FF89  	RCALL	_mikrobus_logWrite
;Click_Slider2_DSPIC.c,63 :: 		Delay_ms( 500 );
0x09D6	0x2000B8  	MOV	#11, W8
0x09D8	0x22C2D7  	MOV	#11309, W7
L_applicationTask2:
0x09DA	0xED200E  	DEC	W7
0x09DC	0x3AFFFE  	BRA NZ	L_applicationTask2
0x09DE	0xED2010  	DEC	W8
0x09E0	0x3AFFFC  	BRA NZ	L_applicationTask2
;Click_Slider2_DSPIC.c,64 :: 		}
L_end_applicationTask:
0x09E2	0x7805CF  	POP	W11
0x09E4	0x78054F  	POP	W10
0x09E6	0x060000  	RETURN
; end of _applicationTask
_ADC1_Read:
0x0846	0xFA0000  	LNK	#0
;__Lib_ADC_12_p24HJ_p33.c,85 :: 		
;__Lib_ADC_12_p24HJ_p33.c,86 :: 		
0x0848	0x07FEAE  	RCALL	_ADC1_Init
;__Lib_ADC_12_p24HJ_p33.c,87 :: 		
0x084A	0x07FE95  	RCALL	_ADC1_Get_Sample
;__Lib_ADC_12_p24HJ_p33.c,88 :: 		
L_end_ADC1_Read:
0x084C	0xFA8000  	ULNK
0x084E	0x060000  	RETURN
; end of _ADC1_Read
_ADC1_Init:
0x05A6	0xFA0000  	LNK	#0
;__Lib_ADC_12_p24HJ_p33.c,43 :: 		
;__Lib_ADC_12_p24HJ_p33.c,44 :: 		
0x05A8	0x205760  	MOV	#lo_addr(_ADC1_Get_Sample), W0
0x05AA	0x884140  	MOV	W0, _ADC_Get_Sample_Ptr
;__Lib_ADC_12_p24HJ_p33.c,46 :: 		
0x05AC	0x200E00  	MOV	#224, W0
0x05AE	0xB7A320  	MOV	WREG, AD1CON1
;__Lib_ADC_12_p24HJ_p33.c,47 :: 		
0x05B0	0xA94321  	BCLR	AD1CON1, #10
;__Lib_ADC_12_p24HJ_p33.c,48 :: 		
0x05B2	0xEF2322  	CLR	AD1CON2
;__Lib_ADC_12_p24HJ_p33.c,49 :: 		
0x05B4	0x21F3F0  	MOV	#7999, W0
0x05B6	0xB7A324  	MOV	WREG, AD1CON3
;__Lib_ADC_12_p24HJ_p33.c,50 :: 		
0x05B8	0xEF2332  	CLR	AD1CON4
;__Lib_ADC_12_p24HJ_p33.c,51 :: 		
0x05BA	0xEF2330  	CLR	AD1CSSL
;__Lib_ADC_12_p24HJ_p33.c,52 :: 		
0x05BC	0xEF232E  	CLR	AD1CSSH
;__Lib_ADC_12_p24HJ_p33.c,53 :: 		
0x05BE	0xA8E321  	BSET	AD1CON1, #15
;__Lib_ADC_12_p24HJ_p33.c,54 :: 		
L_end_ADC1_Init:
0x05C0	0xFA8000  	ULNK
0x05C2	0x060000  	RETURN
; end of _ADC1_Init
_ADC1_Get_Sample:
0x0576	0xFA0000  	LNK	#0
;__Lib_ADC_12_p24HJ_p33.c,69 :: 		
;__Lib_ADC_12_p24HJ_p33.c,70 :: 		
0x0578	0xE1506F  	CP	W10, #15
0x057A	0x360007  	BRA LEU	L_ADC1_Get_Sample0
L__ADC1_Get_Sample9:
;__Lib_ADC_12_p24HJ_p33.c,71 :: 		
0x057C	0x5500F0  	SUB	W10, #16, W1
0x057E	0x200010  	MOV	#1, W0
0x0580	0xDD0001  	SL	W0, W1, W0
0x0582	0xEA8080  	COM	W0, W1
0x0584	0x2032A0  	MOV	#lo_addr(AD1PCFGH), W0
0x0586	0x608810  	AND	W1, [W0], [W0]
0x0588	0x370005  	BRA	L_ADC1_Get_Sample1
L_ADC1_Get_Sample0:
;__Lib_ADC_12_p24HJ_p33.c,73 :: 		
0x058A	0x200010  	MOV	#1, W0
0x058C	0xDD000A  	SL	W0, W10, W0
0x058E	0xEA8080  	COM	W0, W1
0x0590	0x2032C0  	MOV	#lo_addr(AD1PCFGL), W0
0x0592	0x608810  	AND	W1, [W0], [W0]
L_ADC1_Get_Sample1:
;__Lib_ADC_12_p24HJ_p33.c,75 :: 		
0x0594	0x88194A  	MOV	W10, AD1CHS0
;__Lib_ADC_12_p24HJ_p33.c,76 :: 		
0x0596	0xA82320  	BSET.B	AD1CON1, #1
;__Lib_ADC_12_p24HJ_p33.c,78 :: 		
L_ADC1_Get_Sample2:
0x0598	0xAF0320  	BTSC	AD1CON1, #0
0x059A	0x370001  	BRA	L_ADC1_Get_Sample3
;__Lib_ADC_12_p24HJ_p33.c,79 :: 		
0x059C	0x37FFFD  	BRA	L_ADC1_Get_Sample2
L_ADC1_Get_Sample3:
;__Lib_ADC_12_p24HJ_p33.c,80 :: 		
0x059E	0xA90320  	BCLR.B	AD1CON1, #0
;__Lib_ADC_12_p24HJ_p33.c,82 :: 		
0x05A0	0xBF8300  	MOV	ADC1BUF0, WREG
;__Lib_ADC_12_p24HJ_p33.c,83 :: 		
L_end_ADC1_Get_Sample:
0x05A2	0xFA8000  	ULNK
0x05A4	0x060000  	RETURN
; end of _ADC1_Get_Sample
_WordToHex:
0x0850	0xFA0000  	LNK	#0
;__Lib_Conversions.c,17 :: 		
;__Lib_Conversions.c,18 :: 		
0x0852	0x200143  	MOV	#lo_addr(W10), W3
0x0854	0x418061  	ADD	W3, #1, W0
0x0856	0x784010  	MOV.B	[W0], W0
0x0858	0xFB8000  	ZE	W0, W0
0x085A	0xDE0044  	LSR	W0, #4, W0
0x085C	0xFB8080  	ZE	W0, W1
0x085E	0x280570  	MOV	#lo_addr(__Lib_Conversions_Digits), W0
0x0860	0x400081  	ADD	W0, W1, W1
0x0862	0x784011  	MOV.B	[W1], W0
0x0864	0x784D80  	MOV.B	W0, [W11]
;__Lib_Conversions.c,19 :: 		
0x0866	0x458161  	ADD	W11, #1, W2
0x0868	0x418061  	ADD	W3, #1, W0
0x086A	0xFB8010  	ZE	[W0], W0
0x086C	0x6000EF  	AND	W0, #15, W1
0x086E	0x280570  	MOV	#lo_addr(__Lib_Conversions_Digits), W0
0x0870	0x400081  	ADD	W0, W1, W1
0x0872	0x784011  	MOV.B	[W1], W0
0x0874	0x784900  	MOV.B	W0, [W2]
;__Lib_Conversions.c,20 :: 		
0x0876	0x458162  	ADD	W11, #2, W2
0x0878	0xFB800A  	ZE	W10, W0
0x087A	0xDE0044  	LSR	W0, #4, W0
0x087C	0xFB8080  	ZE	W0, W1
0x087E	0x280570  	MOV	#lo_addr(__Lib_Conversions_Digits), W0
0x0880	0x400081  	ADD	W0, W1, W1
0x0882	0x784011  	MOV.B	[W1], W0
0x0884	0x784900  	MOV.B	W0, [W2]
;__Lib_Conversions.c,21 :: 		
0x0886	0x458163  	ADD	W11, #3, W2
0x0888	0xFB800A  	ZE	W10, W0
0x088A	0x6000EF  	AND	W0, #15, W1
0x088C	0x280570  	MOV	#lo_addr(__Lib_Conversions_Digits), W0
0x088E	0x400081  	ADD	W0, W1, W1
0x0890	0x784011  	MOV.B	[W1], W0
0x0892	0x784900  	MOV.B	W0, [W2]
;__Lib_Conversions.c,22 :: 		
0x0894	0x4580E4  	ADD	W11, #4, W1
0x0896	0xEF2000  	CLR	W0
0x0898	0x784880  	MOV.B	W0, [W1]
;__Lib_Conversions.c,23 :: 		
L_end_WordToHex:
0x089A	0xFA8000  	ULNK
0x089C	0x060000  	RETURN
; end of _WordToHex
0x0A08	0x20800A  	MOV	#2048, W10
0x0A0A	0x20000B  	MOV	#0, W11
0x0A0C	0x09004F  	REPEAT	#79
0x0A0E	0x781D0B  	MOV	W11, [W10++]
0x0A10	0x060000  	RETURN
0x0A12	0x208001  	MOV	#lo_addr(?lstr1_Click_Slider2_DSPIC), W1
0x0A14	0x280300  	MOV	#32816, W0
0x0A16	0x090012  	REPEAT	#18
0x0A18	0x7818B0  	MOV	[W0++], [W1++]
0x0A1A	0x7858B0  	MOV.B	[W0++], [W1++]
0x0A1C	0x060000  	RETURN
;easypicfusion_v7_P33FJ256GP710A.c,47 :: __MIKROBUS1_GPIO [48]
0x8000	0x07BA ;__MIKROBUS1_GPIO+0
0x8002	0x07B0 ;__MIKROBUS1_GPIO+2
0x8004	0x07C4 ;__MIKROBUS1_GPIO+4
0x8006	0x07D8 ;__MIKROBUS1_GPIO+6
0x8008	0x07CE ;__MIKROBUS1_GPIO+8
0x800A	0x04F4 ;__MIKROBUS1_GPIO+10
0x800C	0x0530 ;__MIKROBUS1_GPIO+12
0x800E	0x053A ;__MIKROBUS1_GPIO+14
0x8010	0x0544 ;__MIKROBUS1_GPIO+16
0x8012	0x0512 ;__MIKROBUS1_GPIO+18
0x8014	0x051C ;__MIKROBUS1_GPIO+20
0x8016	0x0526 ;__MIKROBUS1_GPIO+22
0x8018	0xFFFF ;__MIKROBUS1_GPIO+24
0x801A	0xFFFF ;__MIKROBUS1_GPIO+26
0x801C	0xFFFF ;__MIKROBUS1_GPIO+28
0x801E	0xFFFF ;__MIKROBUS1_GPIO+30
0x8020	0xFFFF ;__MIKROBUS1_GPIO+32
0x8022	0xFFFF ;__MIKROBUS1_GPIO+34
0x8024	0xFFFF ;__MIKROBUS1_GPIO+36
0x8026	0xFFFF ;__MIKROBUS1_GPIO+38
0x8028	0xFFFF ;__MIKROBUS1_GPIO+40
0x802A	0xFFFF ;__MIKROBUS1_GPIO+42
0x802C	0xFFFF ;__MIKROBUS1_GPIO+44
0x802E	0xFFFF ;__MIKROBUS1_GPIO+46
; end of __MIKROBUS1_GPIO
;Click_Slider2_DSPIC.c,0 :: ?ICS?lstr1_Click_Slider2_DSPIC [20]
0x8030	0x2D2D ;?ICS?lstr1_Click_Slider2_DSPIC+0
0x8032	0x202D ;?ICS?lstr1_Click_Slider2_DSPIC+2
0x8034	0x7953 ;?ICS?lstr1_Click_Slider2_DSPIC+4
0x8036	0x7473 ;?ICS?lstr1_Click_Slider2_DSPIC+6
0x8038	0x6D65 ;?ICS?lstr1_Click_Slider2_DSPIC+8
0x803A	0x4920 ;?ICS?lstr1_Click_Slider2_DSPIC+10
0x803C	0x696E ;?ICS?lstr1_Click_Slider2_DSPIC+12
0x803E	0x2074 ;?ICS?lstr1_Click_Slider2_DSPIC+14
0x8040	0x2D2D ;?ICS?lstr1_Click_Slider2_DSPIC+16
0x8042	0x002D ;?ICS?lstr1_Click_Slider2_DSPIC+18
; end of ?ICS?lstr1_Click_Slider2_DSPIC
;,0 :: _initBlock_2 [35]
; Containing: ?ICS?lstr2_Click_Slider2_DSPIC [19]
;             Digits [16]
0x8044	0x5320 ;_initBlock_2+0 : ?ICS?lstr2_Click_Slider2_DSPIC at 0x8044
0x8046	0x696C ;_initBlock_2+2
0x8048	0x6564 ;_initBlock_2+4
0x804A	0x2072 ;_initBlock_2+6
0x804C	0x6176 ;_initBlock_2+8
0x804E	0x756C ;_initBlock_2+10
0x8050	0x2065 ;_initBlock_2+12
0x8052	0x203A ;_initBlock_2+14
0x8054	0x7830 ;_initBlock_2+16
0x8056	0x3000 ;_initBlock_2+18 : Digits at 0x8057
0x8058	0x3231 ;_initBlock_2+20
0x805A	0x3433 ;_initBlock_2+22
0x805C	0x3635 ;_initBlock_2+24
0x805E	0x3837 ;_initBlock_2+26
0x8060	0x4139 ;_initBlock_2+28
0x8062	0x4342 ;_initBlock_2+30
0x8064	0x4544 ;_initBlock_2+32
0x8066	0x46 ;_initBlock_2+34
; end of _initBlock_2
Symbol List:
//** Routines locations **
//ADDRESS    SIZE    PROCEDURE
//----------------------------------------------
0x0200      [14]    _Delay_100ms
0x020E       [4]    _Get_Fosc_Per_Cyc
0x0212       [6]    _Get_Fosc_kHz
0x0218      [82]    __Divide_32x32
0x026A      [88]    __Modulus_32x32
0x02C2      [18]    __Multiply_32x32
0x02D4     [258]    _UART1_Init
0x03D6      [14]    _UART2_Write
0x03E4      [14]    _UART1_Write
0x03F2     [258]    _UART2_Init
0x04F4      [10]    easypicfusion_v7_P33FJ256GP710A__setMOSI_1
0x04FE      [10]    easypicfusion_v7_P33FJ256GP710A__setAN_2
0x0508      [10]    easypicfusion_v7_P33FJ256GP710A__setRST_2
0x0512      [10]    easypicfusion_v7_P33FJ256GP710A__setTX_1
0x051C      [10]    easypicfusion_v7_P33FJ256GP710A__setSCL_1
0x0526      [10]    easypicfusion_v7_P33FJ256GP710A__setSDA_1
0x0530      [10]    easypicfusion_v7_P33FJ256GP710A__setPWM_1
0x053A      [10]    easypicfusion_v7_P33FJ256GP710A__setINT_1
0x0544      [10]    easypicfusion_v7_P33FJ256GP710A__setRX_1
0x054E      [10]    easypicfusion_v7_P33FJ256GP710A__setCS_2
0x0558      [10]    easypicfusion_v7_P33FJ256GP710A__setSCL_2
0x0562      [10]    easypicfusion_v7_P33FJ256GP710A__setTX_2
0x056C      [10]    easypicfusion_v7_P33FJ256GP710A__setSDA_2
0x0576      [48]    _ADC1_Get_Sample
0x05A6      [30]    _ADC1_Init
0x05C4      [10]    easypicfusion_v7_P33FJ256GP710A__setRX_2
0x05CE      [10]    easypicfusion_v7_P33FJ256GP710A__setMISO_2
0x05D8      [10]    easypicfusion_v7_P33FJ256GP710A__setSCK_2
0x05E2      [10]    easypicfusion_v7_P33FJ256GP710A__setMOSI_2
0x05EC      [10]    easypicfusion_v7_P33FJ256GP710A__setINT_2
0x05F6      [10]    easypicfusion_v7_P33FJ256GP710A__setPWM_2
0x0600      [10]    easypicfusion_v7_P33FJ256GP710A__log_initUartA
0x060A      [10]    easypicfusion_v7_P33FJ256GP710A__log_initUartB
0x0614      [14]    easypicfusion_v7_P33FJ256GP710A__log_write
0x0622       [4]    easypicfusion_v7_P33FJ256GP710A__log_init2
0x0626     [192]    easypicfusion_v7_P33FJ256GP710A__gpioInit_1
0x06E6     [192]    easypicfusion_v7_P33FJ256GP710A__gpioInit_2
0x07A6      [10]    easypicfusion_v7_P33FJ256GP710A__log_init1
0x07B0      [10]    easypicfusion_v7_P33FJ256GP710A__setRST_1
0x07BA      [10]    easypicfusion_v7_P33FJ256GP710A__setAN_1
0x07C4      [10]    easypicfusion_v7_P33FJ256GP710A__setCS_1
0x07CE      [10]    easypicfusion_v7_P33FJ256GP710A__setMISO_1
0x07D8      [10]    easypicfusion_v7_P33FJ256GP710A__setSCK_1
0x07E2      [14]    __slider2_Driver_hal_gpioMap
0x07F0       [6]    _slider2_setReference
0x07F6      [42]    _mikrobus_gpioInit
0x0820      [38]    _ADC1_Init_Advanced
0x0846      [10]    _ADC1_Read
0x0850      [78]    _WordToHex
0x089E      [74]    _mikrobus_logInit
0x08E8     [110]    _mikrobus_logWrite
0x0956       [4]    _slider2_gpioDriverInit
0x095A       [6]    _slider2_enable
0x0960      [56]    _systemInit
0x0998      [30]    _applicationInit
0x09B6      [50]    _applicationTask
0x09E8      [32]    _main
//** Variables locations ** 
//ADDRESS    SIZE    VARIABLE
//----------------------------------------------
0x0328       [2]    AD1CHS0
0x0320       [2]    AD1CON1
0x02DE       [0]    TRISF13_bit
0x02CA       [0]    LATB8_bit
0x0322       [2]    AD1CON2
0x0324       [2]    AD1CON3
0x0300       [2]    ADC1BUF0
0x0828       [2]    _ADC_Get_Sample_Ptr
0x02DE       [0]    TRISF12_bit
0x02C0       [0]    TRISA3_bit
0x02C6       [0]    TRISB9_bit
0x02DE       [0]    TRISF5_bit
0x02C0       [0]    TRISA2_bit
0x02D2       [0]    TRISD1_bit
0x02C0       [0]    TRISA13_bit
0x02CC       [0]    TRISC3_bit
0x02CC       [0]    TRISC4_bit
0x0220       [2]    U1MODE
0x0228       [2]    U1BRG
0x082A       [2]    _UART_Rdy_Ptr
0x082C       [2]    _UART_Tx_Idle_Ptr
0x082E       [2]    __slider2_Driver_hal_gpio_csSet
0x0830       [2]    __slider2_Driver_hal_gpio_pwmSet
0x0230       [2]    U2MODE
0x0238       [2]    U2BRG
0x0832       [2]    _UART_Rd_Ptr
0x032E       [2]    AD1CSSH
0x0222       [2]    U1STA
0x0332       [2]    AD1CON4
0x0330       [2]    AD1CSSL
0x0234       [2]    U2TXREG
0x0834       [2]    _UART_Wr_Ptr
0x0224       [2]    U1TXREG
0x0232       [2]    U2STA
0x02DE       [0]    TRISF4_bit
0x02D0       [0]    LATC1_bit
0x02E2       [0]    LATF6_bit
0x02D6       [0]    LATD0_bit
0x02D0       [0]    LATC2_bit
0x02E2       [0]    LATF12_bit
0x02C4       [0]    LATA13_bit
0x02E2       [0]    LATF8_bit
0x02E2       [0]    LATF7_bit
0x02E2       [0]    LATF5_bit
0x0836       [4]    _sliderValue
0x083A     [100]    _demoText
0x02C4       [0]    LATA3_bit
0x02C4       [0]    LATA2_bit
0x02E2       [0]    LATF4_bit
0x02C4       [0]    LATA12_bit
0x02CC       [0]    TRISC2_bit
0x02DE       [0]    TRISF6_bit
0x02C6       [0]    TRISB8_bit
0x02CC       [0]    TRISC1_bit
0x02D2       [0]    TRISD0_bit
0x02C0       [0]    TRISA12_bit
0x02DE       [0]    TRISF7_bit
0x02DE       [0]    TRISF8_bit
0x036C       [2]    AD2PCFGL
0x02D0       [0]    LATC4_bit
0x02D0       [0]    LATC3_bit
0x02D6       [0]    LATD1_bit
0x02E2       [0]    LATF13_bit
0x032A       [2]    AD1PCFGH
0x032C       [2]    AD1PCFGL
0x02CA       [0]    LATB9_bit
0x089E       [2]    _logger
0x0800      [20]    ?lstr1_Click_Slider2_DSPIC
0x0814      [19]    ?lstr2_Click_Slider2_DSPIC
0x0220       [2]    U1MODE
0x0222       [2]    U1STA
0x0224       [2]    U1TXREG
0x0228       [2]    U1BRG
0x0230       [2]    U2MODE
0x0232       [2]    U2STA
0x0234       [2]    U2TXREG
0x0238       [2]    U2BRG
0x0014       [4]    FARG_UART1_Init_baud_rate
0x0300       [2]    ADC1BUF0
0x0320       [2]    AD1CON1
0x0322       [2]    AD1CON2
0x0324       [2]    AD1CON3
0x0328       [2]    AD1CHS0
0x032A       [2]    AD1PCFGH
0x032C       [2]    AD1PCFGL
0x032E       [2]    AD1CSSH
0x0330       [2]    AD1CSSL
0x0332       [2]    AD1CON4
0x036C       [2]    AD2PCFGL
0x0014       [2]    FARG_UART2_Write__data
0x0014       [2]    FARG_UART1_Write__data
0x0014       [4]    FARG_UART2_Init_baud_rate
0x0014       [1]    FARG_easypicfusion_v7_P33FJ256GP710A__setMOSI_1_value
0x0014       [1]    FARG_easypicfusion_v7_P33FJ256GP710A__setAN_2_value
0x0014       [1]    FARG_easypicfusion_v7_P33FJ256GP710A__setRST_2_value
0x0014       [1]    FARG_easypicfusion_v7_P33FJ256GP710A__setTX_1_value
0x0014       [1]    FARG_easypicfusion_v7_P33FJ256GP710A__setSCL_1_value
0x0014       [1]    FARG_easypicfusion_v7_P33FJ256GP710A__setSDA_1_value
0x0014       [1]    FARG_easypicfusion_v7_P33FJ256GP710A__setPWM_1_value
0x0014       [1]    FARG_easypicfusion_v7_P33FJ256GP710A__setINT_1_value
0x0014       [1]    FARG_easypicfusion_v7_P33FJ256GP710A__setRX_1_value
0x0014       [1]    FARG_easypicfusion_v7_P33FJ256GP710A__setCS_2_value
0x0014       [1]    FARG_easypicfusion_v7_P33FJ256GP710A__setSCL_2_value
0x0014       [1]    FARG_easypicfusion_v7_P33FJ256GP710A__setTX_2_value
0x0014       [1]    FARG_easypicfusion_v7_P33FJ256GP710A__setSDA_2_value
0x0014       [2]    FARG_ADC1_Get_Sample_channel
0x0014       [1]    FARG_easypicfusion_v7_P33FJ256GP710A__setRX_2_value
0x0014       [1]    FARG_easypicfusion_v7_P33FJ256GP710A__setMISO_2_value
0x0014       [1]    FARG_easypicfusion_v7_P33FJ256GP710A__setSCK_2_value
0x0014       [1]    FARG_easypicfusion_v7_P33FJ256GP710A__setMOSI_2_value
0x0014       [1]    FARG_easypicfusion_v7_P33FJ256GP710A__setINT_2_value
0x0014       [1]    FARG_easypicfusion_v7_P33FJ256GP710A__setPWM_2_value
0x0014       [4]    FARG_easypicfusion_v7_P33FJ256GP710A__log_initUartA_baud
0x0014       [4]    FARG_easypicfusion_v7_P33FJ256GP710A__log_initUartB_baud
0x0014       [2]    FARG_easypicfusion_v7_P33FJ256GP710A__log_write_data_
0x0014       [4]    FARG_easypicfusion_v7_P33FJ256GP710A__log_init2_baud
0x0014       [1]    FARG_easypicfusion_v7_P33FJ256GP710A__gpioInit_1_pin
0x0016       [1]    FARG_easypicfusion_v7_P33FJ256GP710A__gpioInit_1_dir
0x0014       [1]    FARG_easypicfusion_v7_P33FJ256GP710A__gpioInit_2_pin
0x0016       [1]    FARG_easypicfusion_v7_P33FJ256GP710A__gpioInit_2_dir
0x0014       [4]    FARG_easypicfusion_v7_P33FJ256GP710A__log_init1_baud
0x0014       [1]    FARG_easypicfusion_v7_P33FJ256GP710A__setRST_1_value
0x0014       [1]    FARG_easypicfusion_v7_P33FJ256GP710A__setAN_1_value
0x0014       [1]    FARG_easypicfusion_v7_P33FJ256GP710A__setCS_1_value
0x0014       [1]    FARG_easypicfusion_v7_P33FJ256GP710A__setMISO_1_value
0x0014       [1]    FARG_easypicfusion_v7_P33FJ256GP710A__setSCK_1_value
0x0014       [2]    FARG___slider2_Driver_hal_gpioMap_gpioObj
0x0014       [1]    FARG_slider2_setReference_ref
0x0014       [1]    FARG_mikrobus_gpioInit_bus
0x0016       [1]    FARG_mikrobus_gpioInit_pin
0x0018       [1]    FARG_mikrobus_gpioInit_direction
0x0014       [2]    FARG_ADC1_Init_Advanced_AdcMode
0x0016       [2]    FARG_ADC1_Init_Advanced_Reference
0x0014       [2]    FARG_ADC1_Read_channel
0x0014       [2]    FARG_WordToHex_input
0x0016       [2]    FARG_WordToHex_output
0x0014       [1]    FARG_mikrobus_logInit_port
0x0016       [4]    FARG_mikrobus_logInit_baud
0x0014       [2]    FARG_mikrobus_logWrite_data_
0x0016       [1]    FARG_mikrobus_logWrite_format
0x0014       [2]    FARG_slider2_gpioDriverInit_gpioObj
0x0014       [1]    FARG_slider2_enable_state
//** Constants locations ** 
//ADDRESS    SIZE    CONSTANT
//----------------------------------------------
0x8000      [48]    __MIKROBUS1_GPIO
0x8030      [20]    ?ICS?lstr1_Click_Slider2_DSPIC
0x8044      [19]    ?ICS?lstr2_Click_Slider2_DSPIC
0x8057      [16]    __Lib_Conversions_Digits
