;  LST file generated by mikroListExporter - v.2.0 
; Date/Time: 24.10.2018. 12:11:42
;----------------------------------------------

;Address Opcode 	ASM
____SysVT:
0x9FC01180	0x0B400454  J	___GenExcept
0x9FC01184	0x70000000  NOP	
; end of ____SysVT
____BootVT:
0xBFC00380	0x3C1E9D00  LUI	R30, 40192
0xBFC00384	0x37DE1168  ORI	R30, R30, 4456
0xBFC00388	0x03C00008  JR	R30
0xBFC0038C	0x70000000  NOP	
; end of ____BootVT
_main:
;Click_Slider2_PIC32.c, 64 :: 		void main()
0x9D001180	0x0F4004B6  JAL	2634027736
0x9D001184	0x70000000  NOP	
0x9D001188	0x0F400494  JAL	2634027600
0x9D00118C	0x70000000  NOP	
;Click_Slider2_PIC32.c, 66 :: 		systemInit();
0x9D001190	0x0F400413  JAL	_systemInit+0
0x9D001194	0x70000000  NOP	
;Click_Slider2_PIC32.c, 67 :: 		applicationInit();
0x9D001198	0x0F400432  JAL	_applicationInit+0
0x9D00119C	0x70000000  NOP	
;Click_Slider2_PIC32.c, 69 :: 		while (1)
L_main4:
;Click_Slider2_PIC32.c, 71 :: 		applicationTask();
0x9D0011A0	0x0F4003F3  JAL	_applicationTask+0
0x9D0011A4	0x70000000  NOP	
;Click_Slider2_PIC32.c, 72 :: 		}
0x9D0011A8	0x0B400468  J	L_main4
0x9D0011AC	0x70000000  NOP	
;Click_Slider2_PIC32.c, 73 :: 		}
L_end_main:
L__main_end_loop:
0x9D0011B0	0x0B40046C  J	L__main_end_loop
0x9D0011B4	0x70000000  NOP	
; end of _main
___CC2DW:
;__Lib_System.c, 4 :: 		
0x9D001110	0x27BDFFFC  ADDIU	SP, SP, -4
;__Lib_System.c, 6 :: 		
L_loopDW:
;__Lib_System.c, 7 :: 		
0x9D001114	0x831E0000  LB	R30, 0(R24)
;__Lib_System.c, 8 :: 		
0x9D001118	0xA2FE0000  SB	R30, 0(R23)
;__Lib_System.c, 9 :: 		
0x9D00111C	0x26F70001  ADDIU	R23, R23, 1
;__Lib_System.c, 10 :: 		
0x9D001120	0x16F6FFFC  BNE	R23, R22, L_loopDW
;__Lib_System.c, 11 :: 		
0x9D001124	0x27180001  ADDIU	R24, R24, 1
;__Lib_System.c, 13 :: 		
L_end___CC2DW:
0x9D001128	0x03E00008  JR	RA
0x9D00112C	0x27BD0004  ADDIU	SP, SP, 4
; end of ___CC2DW
___FillZeros:
;__Lib_System.c, 161 :: 		
0x9D001130	0x27BDFFFC  ADDIU	SP, SP, -4
;__Lib_System.c, 163 :: 		
L___FillZeros0:
;__Lib_System.c, 164 :: 		
0x9D001134	0x12F60004  BEQ	R23, R22, L___FillZeros1
;__Lib_System.c, 165 :: 		
0x9D001138	0x70000000  NOP	
;__Lib_System.c, 166 :: 		
L____FillZeros4:
;__Lib_System.c, 167 :: 		
0x9D00113C	0xAEE00000  SW	R0, 0(R23)
;__Lib_System.c, 168 :: 		
0x9D001140	0x0B40044D  J	L___FillZeros0
;__Lib_System.c, 169 :: 		
0x9D001144	0x26F70004  ADDIU	R23, R23, 4
;__Lib_System.c, 170 :: 		
L___FillZeros1:
;__Lib_System.c, 172 :: 		
L_end___FillZeros:
0x9D001148	0x03E00008  JR	RA
0x9D00114C	0x27BD0004  ADDIU	SP, SP, 4
; end of ___FillZeros
_systemInit:
;Click_Slider2_PIC32.c, 33 :: 		void systemInit()
0x9D00104C	0x27BDFFF0  ADDIU	SP, SP, -16
0x9D001050	0xAFBF0000  SW	RA, 0(SP)
;Click_Slider2_PIC32.c, 35 :: 		mikrobus_gpioInit( _MIKROBUS1, _MIKROBUS_PWM_PIN, _GPIO_OUTPUT );
0x9D001054	0xAFB90004  SW	R25, 4(SP)
0x9D001058	0xAFBA0008  SW	R26, 8(SP)
0x9D00105C	0xAFBB000C  SW	R27, 12(SP)
0x9D001060	0x0000D80A  MOVZ	R27, R0, R0
0x9D001064	0x341A0006  ORI	R26, R0, 6
0x9D001068	0x0F4002FD  JAL	_mikrobus_gpioInit+0
0x9D00106C	0x0000C80A  MOVZ	R25, R0, R0
;Click_Slider2_PIC32.c, 36 :: 		mikrobus_gpioInit( _MIKROBUS1, _MIKROBUS_CS_PIN, _GPIO_OUTPUT );
0x9D001070	0x0000D80A  MOVZ	R27, R0, R0
0x9D001074	0x341A0002  ORI	R26, R0, 2
0x9D001078	0x0F4002FD  JAL	_mikrobus_gpioInit+0
0x9D00107C	0x0000C80A  MOVZ	R25, R0, R0
;Click_Slider2_PIC32.c, 37 :: 		mikrobus_logInit( _LOG_USBUART_A, 9600 );
0x9D001080	0x341A2580  ORI	R26, R0, 9600
0x9D001084	0x0F40033F  JAL	_mikrobus_logInit+0
0x9D001088	0x34190020  ORI	R25, R0, 32
;Click_Slider2_PIC32.c, 38 :: 		mikrobus_logWrite("--- System Init ---", _LOG_LINE);
0x9D00108C	0x341A0002  ORI	R26, R0, 2
0x9D001090	0x3C19A000  LUI	R25, hi_addr(?lstr1_Click_Slider2_PIC32+0)
0x9D001094	0x0F4003A7  JAL	_mikrobus_logWrite+0
0x9D001098	0x37390013  ORI	R25, R25, lo_addr(?lstr1_Click_Slider2_PIC32+0)
;Click_Slider2_PIC32.c, 39 :: 		Delay_ms( 100 );
0x9D00109C	0x3C180028  LUI	R24, 40
0x9D0010A0	0x3718B0AA  ORI	R24, R24, 45226
L_systemInit0:
0x9D0010A4	0x2718FFFF  ADDIU	R24, R24, -1
0x9D0010A8	0x1700FFFE  BNE	R24, R0, L_systemInit0
0x9D0010AC	0x70000000  NOP	
;Click_Slider2_PIC32.c, 40 :: 		}
L_end_systemInit:
0x9D0010B0	0x8FBB000C  LW	R27, 12(SP)
0x9D0010B4	0x8FBA0008  LW	R26, 8(SP)
0x9D0010B8	0x8FB90004  LW	R25, 4(SP)
0x9D0010BC	0x8FBF0000  LW	RA, 0(SP)
0x9D0010C0	0x03E00008  JR	RA
0x9D0010C4	0x27BD0010  ADDIU	SP, SP, 16
; end of _systemInit
_mikrobus_gpioInit:
;easypicfusion_v7_P32MX795F512L.c, 162 :: 		T_mikrobus_ret mikrobus_gpioInit(T_mikrobus_soc bus, T_mikrobus_pin pin, T_gpio_dir direction)
0x9D000BF4	0x27BDFFF4  ADDIU	SP, SP, -12
0x9D000BF8	0xAFBF0000  SW	RA, 0(SP)
;easypicfusion_v7_P32MX795F512L.c, 164 :: 		switch( bus )
0x9D000BFC	0xAFB90004  SW	R25, 4(SP)
0x9D000C00	0x0B40030E  J	L_mikrobus_gpioInit30
0x9D000C04	0xAFBA0008  SW	R26, 8(SP)
;easypicfusion_v7_P32MX795F512L.c, 167 :: 		case _MIKROBUS1 : return _gpioInit_1(pin, direction);
L_mikrobus_gpioInit32:
0x9D000C08	0x335900FF  ANDI	R25, R26, 255
0x9D000C0C	0x0F4001C9  JAL	easypicfusion_v7_P32MX795F512L__gpioInit_1+0
0x9D000C10	0x337A00FF  ANDI	R26, R27, 255
0x9D000C14	0x0B400317  J	L_end_mikrobus_gpioInit
0x9D000C18	0x70000000  NOP	
;easypicfusion_v7_P32MX795F512L.c, 170 :: 		case _MIKROBUS2 : return _gpioInit_2(pin, direction);
L_mikrobus_gpioInit33:
0x9D000C1C	0x335900FF  ANDI	R25, R26, 255
0x9D000C20	0x0F400249  JAL	easypicfusion_v7_P32MX795F512L__gpioInit_2+0
0x9D000C24	0x337A00FF  ANDI	R26, R27, 255
0x9D000C28	0x0B400317  J	L_end_mikrobus_gpioInit
0x9D000C2C	0x70000000  NOP	
;easypicfusion_v7_P32MX795F512L.c, 184 :: 		default : return _MIKROBUS_ERR_BUS;
L_mikrobus_gpioInit34:
0x9D000C30	0x0B400317  J	L_end_mikrobus_gpioInit
0x9D000C34	0x34020001  ORI	R2, R0, 1
;easypicfusion_v7_P32MX795F512L.c, 185 :: 		}
L_mikrobus_gpioInit30:
0x9D000C38	0x332200FF  ANDI	R2, R25, 255
0x9D000C3C	0x1040FFF2  BEQ	R2, R0, L_mikrobus_gpioInit32
0x9D000C40	0x70000000  NOP	
L__mikrobus_gpioInit157:
0x9D000C44	0x332300FF  ANDI	R3, R25, 255
0x9D000C48	0x34020001  ORI	R2, R0, 1
0x9D000C4C	0x1062FFF3  BEQ	R3, R2, L_mikrobus_gpioInit33
0x9D000C50	0x70000000  NOP	
L__mikrobus_gpioInit159:
0x9D000C54	0x0B40030C  J	L_mikrobus_gpioInit34
0x9D000C58	0x70000000  NOP	
;easypicfusion_v7_P32MX795F512L.c, 187 :: 		}
L_end_mikrobus_gpioInit:
0x9D000C5C	0x8FBA0008  LW	R26, 8(SP)
0x9D000C60	0x8FB90004  LW	R25, 4(SP)
0x9D000C64	0x8FBF0000  LW	RA, 0(SP)
0x9D000C68	0x03E00008  JR	RA
0x9D000C6C	0x27BD000C  ADDIU	SP, SP, 12
; end of _mikrobus_gpioInit
easypicfusion_v7_P32MX795F512L__gpioInit_1:
;__epf_32mx795f512l_gpio.c, 81 :: 		static T_mikrobus_ret _gpioInit_1(T_mikrobus_pin pin, T_gpio_dir dir)
;__epf_32mx795f512l_gpio.c, 83 :: 		switch( pin )
0x9D000724	0x0B400215  J	L_easypicfusion_v7_P32MX795F512L__gpioInit_10
0x9D000728	0x70000000  NOP	
;__epf_32mx795f512l_gpio.c, 85 :: 		case _MIKROBUS_AN_PIN    : TRISB8_bit  = dir; break;
L_easypicfusion_v7_P32MX795F512L__gpioInit_12:
0x9D00072C	0x3C1EBF88  LUI	R30, 49032
0x9D000730	0x83C26041  LB	R2, 24641(R30)
0x9D000734	0x7F420004  INS	R2, R26, 0, 1
0x9D000738	0x3C1EBF88  LUI	R30, 49032
0x9D00073C	0x0B400246  J	L_easypicfusion_v7_P32MX795F512L__gpioInit_11
0x9D000740	0xA3C26041  SB	R2, 24641(R30)
;__epf_32mx795f512l_gpio.c, 86 :: 		case _MIKROBUS_RST_PIN   : TRISC1_bit  = dir; break;
L_easypicfusion_v7_P32MX795F512L__gpioInit_13:
0x9D000744	0x3C1EBF88  LUI	R30, 49032
0x9D000748	0x83C26080  LB	R2, 24704(R30)
0x9D00074C	0x7F420844  INS	R2, R26, 1, 1
0x9D000750	0x3C1EBF88  LUI	R30, 49032
0x9D000754	0x0B400246  J	L_easypicfusion_v7_P32MX795F512L__gpioInit_11
0x9D000758	0xA3C26080  SB	R2, 24704(R30)
;__epf_32mx795f512l_gpio.c, 87 :: 		case _MIKROBUS_CS_PIN    : TRISC2_bit  = dir; break;
L_easypicfusion_v7_P32MX795F512L__gpioInit_14:
0x9D00075C	0x3C1EBF88  LUI	R30, 49032
0x9D000760	0x83C26080  LB	R2, 24704(R30)
0x9D000764	0x7F421084  INS	R2, R26, 2, 1
0x9D000768	0x3C1EBF88  LUI	R30, 49032
0x9D00076C	0x0B400246  J	L_easypicfusion_v7_P32MX795F512L__gpioInit_11
0x9D000770	0xA3C26080  SB	R2, 24704(R30)
;__epf_32mx795f512l_gpio.c, 88 :: 		case _MIKROBUS_SCK_PIN   : TRISD15_bit = dir; break;
L_easypicfusion_v7_P32MX795F512L__gpioInit_15:
0x9D000774	0x3C1EBF88  LUI	R30, 49032
0x9D000778	0x83C260C1  LB	R2, 24769(R30)
0x9D00077C	0x7F4239C4  INS	R2, R26, 7, 1
0x9D000780	0x3C1EBF88  LUI	R30, 49032
0x9D000784	0x0B400246  J	L_easypicfusion_v7_P32MX795F512L__gpioInit_11
0x9D000788	0xA3C260C1  SB	R2, 24769(R30)
;__epf_32mx795f512l_gpio.c, 89 :: 		case _MIKROBUS_MISO_PIN  : TRISF2_bit  = dir; break;
L_easypicfusion_v7_P32MX795F512L__gpioInit_16:
0x9D00078C	0x3C1EBF88  LUI	R30, 49032
0x9D000790	0x83C26140  LB	R2, 24896(R30)
0x9D000794	0x7F421084  INS	R2, R26, 2, 1
0x9D000798	0x3C1EBF88  LUI	R30, 49032
0x9D00079C	0x0B400246  J	L_easypicfusion_v7_P32MX795F512L__gpioInit_11
0x9D0007A0	0xA3C26140  SB	R2, 24896(R30)
;__epf_32mx795f512l_gpio.c, 90 :: 		case _MIKROBUS_MOSI_PIN  : TRISF8_bit  = dir; break;
L_easypicfusion_v7_P32MX795F512L__gpioInit_17:
0x9D0007A4	0x3C1EBF88  LUI	R30, 49032
0x9D0007A8	0x83C26141  LB	R2, 24897(R30)
0x9D0007AC	0x7F420004  INS	R2, R26, 0, 1
0x9D0007B0	0x3C1EBF88  LUI	R30, 49032
0x9D0007B4	0x0B400246  J	L_easypicfusion_v7_P32MX795F512L__gpioInit_11
0x9D0007B8	0xA3C26141  SB	R2, 24897(R30)
;__epf_32mx795f512l_gpio.c, 91 :: 		case _MIKROBUS_PWM_PIN   : TRISD0_bit  = dir; break;
L_easypicfusion_v7_P32MX795F512L__gpioInit_18:
0x9D0007BC	0x3C1EBF88  LUI	R30, 49032
0x9D0007C0	0x83C260C0  LB	R2, 24768(R30)
0x9D0007C4	0x7F420004  INS	R2, R26, 0, 1
0x9D0007C8	0x3C1EBF88  LUI	R30, 49032
0x9D0007CC	0x0B400246  J	L_easypicfusion_v7_P32MX795F512L__gpioInit_11
0x9D0007D0	0xA3C260C0  SB	R2, 24768(R30)
;__epf_32mx795f512l_gpio.c, 92 :: 		case _MIKROBUS_INT_PIN   : TRISE8_bit  = dir; break;
L_easypicfusion_v7_P32MX795F512L__gpioInit_19:
0x9D0007D4	0x3C1EBF88  LUI	R30, 49032
0x9D0007D8	0x83C26101  LB	R2, 24833(R30)
0x9D0007DC	0x7F420004  INS	R2, R26, 0, 1
0x9D0007E0	0x3C1EBF88  LUI	R30, 49032
0x9D0007E4	0x0B400246  J	L_easypicfusion_v7_P32MX795F512L__gpioInit_11
0x9D0007E8	0xA3C26101  SB	R2, 24833(R30)
;__epf_32mx795f512l_gpio.c, 93 :: 		case _MIKROBUS_RX_PIN    : TRISF4_bit  = dir; break;
L_easypicfusion_v7_P32MX795F512L__gpioInit_110:
0x9D0007EC	0x3C1EBF88  LUI	R30, 49032
0x9D0007F0	0x83C26140  LB	R2, 24896(R30)
0x9D0007F4	0x7F422104  INS	R2, R26, 4, 1
0x9D0007F8	0x3C1EBF88  LUI	R30, 49032
0x9D0007FC	0x0B400246  J	L_easypicfusion_v7_P32MX795F512L__gpioInit_11
0x9D000800	0xA3C26140  SB	R2, 24896(R30)
;__epf_32mx795f512l_gpio.c, 94 :: 		case _MIKROBUS_TX_PIN    : TRISF5_bit  = dir; break;
L_easypicfusion_v7_P32MX795F512L__gpioInit_111:
0x9D000804	0x3C1EBF88  LUI	R30, 49032
0x9D000808	0x83C26140  LB	R2, 24896(R30)
0x9D00080C	0x7F422944  INS	R2, R26, 5, 1
0x9D000810	0x3C1EBF88  LUI	R30, 49032
0x9D000814	0x0B400246  J	L_easypicfusion_v7_P32MX795F512L__gpioInit_11
0x9D000818	0xA3C26140  SB	R2, 24896(R30)
;__epf_32mx795f512l_gpio.c, 95 :: 		case _MIKROBUS_SCL_PIN   : TRISA2_bit  = dir; break;
L_easypicfusion_v7_P32MX795F512L__gpioInit_112:
0x9D00081C	0x3C1EBF88  LUI	R30, 49032
0x9D000820	0x83C26000  LB	R2, 24576(R30)
0x9D000824	0x7F421084  INS	R2, R26, 2, 1
0x9D000828	0x3C1EBF88  LUI	R30, 49032
0x9D00082C	0x0B400246  J	L_easypicfusion_v7_P32MX795F512L__gpioInit_11
0x9D000830	0xA3C26000  SB	R2, 24576(R30)
;__epf_32mx795f512l_gpio.c, 96 :: 		case _MIKROBUS_SDA_PIN   : TRISA3_bit  = dir; break;
L_easypicfusion_v7_P32MX795F512L__gpioInit_113:
0x9D000834	0x3C1EBF88  LUI	R30, 49032
0x9D000838	0x83C26000  LB	R2, 24576(R30)
0x9D00083C	0x7F4218C4  INS	R2, R26, 3, 1
0x9D000840	0x3C1EBF88  LUI	R30, 49032
0x9D000844	0x0B400246  J	L_easypicfusion_v7_P32MX795F512L__gpioInit_11
0x9D000848	0xA3C26000  SB	R2, 24576(R30)
;__epf_32mx795f512l_gpio.c, 97 :: 		default                  : return _MIKROBUS_ERR_PIN;
L_easypicfusion_v7_P32MX795F512L__gpioInit_114:
0x9D00084C	0x0B400247  J	L_end__gpioInit_1
0x9D000850	0x34020001  ORI	R2, R0, 1
;__epf_32mx795f512l_gpio.c, 98 :: 		}
L_easypicfusion_v7_P32MX795F512L__gpioInit_10:
0x9D000854	0x332200FF  ANDI	R2, R25, 255
0x9D000858	0x1040FFB4  BEQ	R2, R0, L_easypicfusion_v7_P32MX795F512L__gpioInit_12
0x9D00085C	0x70000000  NOP	
L_easypicfusion_v7_P32MX795F512L__gpioInit_1102:
0x9D000860	0x332300FF  ANDI	R3, R25, 255
0x9D000864	0x34020001  ORI	R2, R0, 1
0x9D000868	0x1062FFB6  BEQ	R3, R2, L_easypicfusion_v7_P32MX795F512L__gpioInit_13
0x9D00086C	0x70000000  NOP	
L_easypicfusion_v7_P32MX795F512L__gpioInit_1104:
0x9D000870	0x332300FF  ANDI	R3, R25, 255
0x9D000874	0x34020002  ORI	R2, R0, 2
0x9D000878	0x1062FFB8  BEQ	R3, R2, L_easypicfusion_v7_P32MX795F512L__gpioInit_14
0x9D00087C	0x70000000  NOP	
L_easypicfusion_v7_P32MX795F512L__gpioInit_1106:
0x9D000880	0x332300FF  ANDI	R3, R25, 255
0x9D000884	0x34020003  ORI	R2, R0, 3
0x9D000888	0x1062FFBA  BEQ	R3, R2, L_easypicfusion_v7_P32MX795F512L__gpioInit_15
0x9D00088C	0x70000000  NOP	
L_easypicfusion_v7_P32MX795F512L__gpioInit_1108:
0x9D000890	0x332300FF  ANDI	R3, R25, 255
0x9D000894	0x34020004  ORI	R2, R0, 4
0x9D000898	0x1062FFBC  BEQ	R3, R2, L_easypicfusion_v7_P32MX795F512L__gpioInit_16
0x9D00089C	0x70000000  NOP	
L_easypicfusion_v7_P32MX795F512L__gpioInit_1110:
0x9D0008A0	0x332300FF  ANDI	R3, R25, 255
0x9D0008A4	0x34020005  ORI	R2, R0, 5
0x9D0008A8	0x1062FFBE  BEQ	R3, R2, L_easypicfusion_v7_P32MX795F512L__gpioInit_17
0x9D0008AC	0x70000000  NOP	
L_easypicfusion_v7_P32MX795F512L__gpioInit_1112:
0x9D0008B0	0x332300FF  ANDI	R3, R25, 255
0x9D0008B4	0x34020006  ORI	R2, R0, 6
0x9D0008B8	0x1062FFC0  BEQ	R3, R2, L_easypicfusion_v7_P32MX795F512L__gpioInit_18
0x9D0008BC	0x70000000  NOP	
L_easypicfusion_v7_P32MX795F512L__gpioInit_1114:
0x9D0008C0	0x332300FF  ANDI	R3, R25, 255
0x9D0008C4	0x34020007  ORI	R2, R0, 7
0x9D0008C8	0x1062FFC2  BEQ	R3, R2, L_easypicfusion_v7_P32MX795F512L__gpioInit_19
0x9D0008CC	0x70000000  NOP	
L_easypicfusion_v7_P32MX795F512L__gpioInit_1116:
0x9D0008D0	0x332300FF  ANDI	R3, R25, 255
0x9D0008D4	0x34020008  ORI	R2, R0, 8
0x9D0008D8	0x1062FFC4  BEQ	R3, R2, L_easypicfusion_v7_P32MX795F512L__gpioInit_110
0x9D0008DC	0x70000000  NOP	
L_easypicfusion_v7_P32MX795F512L__gpioInit_1118:
0x9D0008E0	0x332300FF  ANDI	R3, R25, 255
0x9D0008E4	0x34020009  ORI	R2, R0, 9
0x9D0008E8	0x1062FFC6  BEQ	R3, R2, L_easypicfusion_v7_P32MX795F512L__gpioInit_111
0x9D0008EC	0x70000000  NOP	
L_easypicfusion_v7_P32MX795F512L__gpioInit_1120:
0x9D0008F0	0x332300FF  ANDI	R3, R25, 255
0x9D0008F4	0x3402000A  ORI	R2, R0, 10
0x9D0008F8	0x1062FFC8  BEQ	R3, R2, L_easypicfusion_v7_P32MX795F512L__gpioInit_112
0x9D0008FC	0x70000000  NOP	
L_easypicfusion_v7_P32MX795F512L__gpioInit_1122:
0x9D000900	0x332300FF  ANDI	R3, R25, 255
0x9D000904	0x3402000B  ORI	R2, R0, 11
0x9D000908	0x1062FFCA  BEQ	R3, R2, L_easypicfusion_v7_P32MX795F512L__gpioInit_113
0x9D00090C	0x70000000  NOP	
L_easypicfusion_v7_P32MX795F512L__gpioInit_1124:
0x9D000910	0x0B400213  J	L_easypicfusion_v7_P32MX795F512L__gpioInit_114
0x9D000914	0x70000000  NOP	
L_easypicfusion_v7_P32MX795F512L__gpioInit_11:
;__epf_32mx795f512l_gpio.c, 99 :: 		return _MIKROBUS_OK;
0x9D000918	0x34020000  ORI	R2, R0, 0
;__epf_32mx795f512l_gpio.c, 100 :: 		}
L_end__gpioInit_1:
0x9D00091C	0x03E00008  JR	RA
0x9D000920	0x70000000  NOP	
; end of easypicfusion_v7_P32MX795F512L__gpioInit_1
easypicfusion_v7_P32MX795F512L__gpioInit_2:
;__epf_32mx795f512l_gpio.c, 102 :: 		static T_mikrobus_ret _gpioInit_2(T_mikrobus_pin pin, T_gpio_dir dir)
;__epf_32mx795f512l_gpio.c, 104 :: 		switch( pin )
0x9D000924	0x0B400295  J	L_easypicfusion_v7_P32MX795F512L__gpioInit_215
0x9D000928	0x70000000  NOP	
;__epf_32mx795f512l_gpio.c, 106 :: 		case _MIKROBUS_AN_PIN    : TRISB9_bit  = dir; break;
L_easypicfusion_v7_P32MX795F512L__gpioInit_217:
0x9D00092C	0x3C1EBF88  LUI	R30, 49032
0x9D000930	0x83C26041  LB	R2, 24641(R30)
0x9D000934	0x7F420844  INS	R2, R26, 1, 1
0x9D000938	0x3C1EBF88  LUI	R30, 49032
0x9D00093C	0x0B4002C6  J	L_easypicfusion_v7_P32MX795F512L__gpioInit_216
0x9D000940	0xA3C26041  SB	R2, 24641(R30)
;__epf_32mx795f512l_gpio.c, 107 :: 		case _MIKROBUS_RST_PIN   : TRISC3_bit  = dir; break;
L_easypicfusion_v7_P32MX795F512L__gpioInit_218:
0x9D000944	0x3C1EBF88  LUI	R30, 49032
0x9D000948	0x83C26080  LB	R2, 24704(R30)
0x9D00094C	0x7F4218C4  INS	R2, R26, 3, 1
0x9D000950	0x3C1EBF88  LUI	R30, 49032
0x9D000954	0x0B4002C6  J	L_easypicfusion_v7_P32MX795F512L__gpioInit_216
0x9D000958	0xA3C26080  SB	R2, 24704(R30)
;__epf_32mx795f512l_gpio.c, 108 :: 		case _MIKROBUS_CS_PIN    : TRISC4_bit  = dir; break;
L_easypicfusion_v7_P32MX795F512L__gpioInit_219:
0x9D00095C	0x3C1EBF88  LUI	R30, 49032
0x9D000960	0x83C26080  LB	R2, 24704(R30)
0x9D000964	0x7F422104  INS	R2, R26, 4, 1
0x9D000968	0x3C1EBF88  LUI	R30, 49032
0x9D00096C	0x0B4002C6  J	L_easypicfusion_v7_P32MX795F512L__gpioInit_216
0x9D000970	0xA3C26080  SB	R2, 24704(R30)
;__epf_32mx795f512l_gpio.c, 109 :: 		case _MIKROBUS_SCK_PIN   : TRISD15_bit = dir; break;
L_easypicfusion_v7_P32MX795F512L__gpioInit_220:
0x9D000974	0x3C1EBF88  LUI	R30, 49032
0x9D000978	0x83C260C1  LB	R2, 24769(R30)
0x9D00097C	0x7F4239C4  INS	R2, R26, 7, 1
0x9D000980	0x3C1EBF88  LUI	R30, 49032
0x9D000984	0x0B4002C6  J	L_easypicfusion_v7_P32MX795F512L__gpioInit_216
0x9D000988	0xA3C260C1  SB	R2, 24769(R30)
;__epf_32mx795f512l_gpio.c, 110 :: 		case _MIKROBUS_MISO_PIN  : TRISF2_bit  = dir; break;
L_easypicfusion_v7_P32MX795F512L__gpioInit_221:
0x9D00098C	0x3C1EBF88  LUI	R30, 49032
0x9D000990	0x83C26140  LB	R2, 24896(R30)
0x9D000994	0x7F421084  INS	R2, R26, 2, 1
0x9D000998	0x3C1EBF88  LUI	R30, 49032
0x9D00099C	0x0B4002C6  J	L_easypicfusion_v7_P32MX795F512L__gpioInit_216
0x9D0009A0	0xA3C26140  SB	R2, 24896(R30)
;__epf_32mx795f512l_gpio.c, 111 :: 		case _MIKROBUS_MOSI_PIN  : TRISF8_bit  = dir; break;
L_easypicfusion_v7_P32MX795F512L__gpioInit_222:
0x9D0009A4	0x3C1EBF88  LUI	R30, 49032
0x9D0009A8	0x83C26141  LB	R2, 24897(R30)
0x9D0009AC	0x7F420004  INS	R2, R26, 0, 1
0x9D0009B0	0x3C1EBF88  LUI	R30, 49032
0x9D0009B4	0x0B4002C6  J	L_easypicfusion_v7_P32MX795F512L__gpioInit_216
0x9D0009B8	0xA3C26141  SB	R2, 24897(R30)
;__epf_32mx795f512l_gpio.c, 112 :: 		case _MIKROBUS_PWM_PIN   : TRISD1_bit  = dir; break;
L_easypicfusion_v7_P32MX795F512L__gpioInit_223:
0x9D0009BC	0x3C1EBF88  LUI	R30, 49032
0x9D0009C0	0x83C260C0  LB	R2, 24768(R30)
0x9D0009C4	0x7F420844  INS	R2, R26, 1, 1
0x9D0009C8	0x3C1EBF88  LUI	R30, 49032
0x9D0009CC	0x0B4002C6  J	L_easypicfusion_v7_P32MX795F512L__gpioInit_216
0x9D0009D0	0xA3C260C0  SB	R2, 24768(R30)
;__epf_32mx795f512l_gpio.c, 113 :: 		case _MIKROBUS_INT_PIN   : TRISE9_bit  = dir; break;
L_easypicfusion_v7_P32MX795F512L__gpioInit_224:
0x9D0009D4	0x3C1EBF88  LUI	R30, 49032
0x9D0009D8	0x83C26101  LB	R2, 24833(R30)
0x9D0009DC	0x7F420844  INS	R2, R26, 1, 1
0x9D0009E0	0x3C1EBF88  LUI	R30, 49032
0x9D0009E4	0x0B4002C6  J	L_easypicfusion_v7_P32MX795F512L__gpioInit_216
0x9D0009E8	0xA3C26101  SB	R2, 24833(R30)
;__epf_32mx795f512l_gpio.c, 114 :: 		case _MIKROBUS_RX_PIN    : TRISF12_bit = dir; break;
L_easypicfusion_v7_P32MX795F512L__gpioInit_225:
0x9D0009EC	0x3C1EBF88  LUI	R30, 49032
0x9D0009F0	0x83C26141  LB	R2, 24897(R30)
0x9D0009F4	0x7F422104  INS	R2, R26, 4, 1
0x9D0009F8	0x3C1EBF88  LUI	R30, 49032
0x9D0009FC	0x0B4002C6  J	L_easypicfusion_v7_P32MX795F512L__gpioInit_216
0x9D000A00	0xA3C26141  SB	R2, 24897(R30)
;__epf_32mx795f512l_gpio.c, 115 :: 		case _MIKROBUS_TX_PIN    : TRISF13_bit = dir; break;
L_easypicfusion_v7_P32MX795F512L__gpioInit_226:
0x9D000A04	0x3C1EBF88  LUI	R30, 49032
0x9D000A08	0x83C26141  LB	R2, 24897(R30)
0x9D000A0C	0x7F422944  INS	R2, R26, 5, 1
0x9D000A10	0x3C1EBF88  LUI	R30, 49032
0x9D000A14	0x0B4002C6  J	L_easypicfusion_v7_P32MX795F512L__gpioInit_216
0x9D000A18	0xA3C26141  SB	R2, 24897(R30)
;__epf_32mx795f512l_gpio.c, 116 :: 		case _MIKROBUS_SCL_PIN   : TRISA2_bit  = dir; break;
L_easypicfusion_v7_P32MX795F512L__gpioInit_227:
0x9D000A1C	0x3C1EBF88  LUI	R30, 49032
0x9D000A20	0x83C26000  LB	R2, 24576(R30)
0x9D000A24	0x7F421084  INS	R2, R26, 2, 1
0x9D000A28	0x3C1EBF88  LUI	R30, 49032
0x9D000A2C	0x0B4002C6  J	L_easypicfusion_v7_P32MX795F512L__gpioInit_216
0x9D000A30	0xA3C26000  SB	R2, 24576(R30)
;__epf_32mx795f512l_gpio.c, 117 :: 		case _MIKROBUS_SDA_PIN   : TRISA3_bit  = dir; break;
L_easypicfusion_v7_P32MX795F512L__gpioInit_228:
0x9D000A34	0x3C1EBF88  LUI	R30, 49032
0x9D000A38	0x83C26000  LB	R2, 24576(R30)
0x9D000A3C	0x7F4218C4  INS	R2, R26, 3, 1
0x9D000A40	0x3C1EBF88  LUI	R30, 49032
0x9D000A44	0x0B4002C6  J	L_easypicfusion_v7_P32MX795F512L__gpioInit_216
0x9D000A48	0xA3C26000  SB	R2, 24576(R30)
;__epf_32mx795f512l_gpio.c, 118 :: 		default                  : return _MIKROBUS_ERR_PIN;
L_easypicfusion_v7_P32MX795F512L__gpioInit_229:
0x9D000A4C	0x0B4002C7  J	L_end__gpioInit_2
0x9D000A50	0x34020001  ORI	R2, R0, 1
;__epf_32mx795f512l_gpio.c, 119 :: 		}
L_easypicfusion_v7_P32MX795F512L__gpioInit_215:
0x9D000A54	0x332200FF  ANDI	R2, R25, 255
0x9D000A58	0x1040FFB4  BEQ	R2, R0, L_easypicfusion_v7_P32MX795F512L__gpioInit_217
0x9D000A5C	0x70000000  NOP	
L_easypicfusion_v7_P32MX795F512L__gpioInit_2127:
0x9D000A60	0x332300FF  ANDI	R3, R25, 255
0x9D000A64	0x34020001  ORI	R2, R0, 1
0x9D000A68	0x1062FFB6  BEQ	R3, R2, L_easypicfusion_v7_P32MX795F512L__gpioInit_218
0x9D000A6C	0x70000000  NOP	
L_easypicfusion_v7_P32MX795F512L__gpioInit_2129:
0x9D000A70	0x332300FF  ANDI	R3, R25, 255
0x9D000A74	0x34020002  ORI	R2, R0, 2
0x9D000A78	0x1062FFB8  BEQ	R3, R2, L_easypicfusion_v7_P32MX795F512L__gpioInit_219
0x9D000A7C	0x70000000  NOP	
L_easypicfusion_v7_P32MX795F512L__gpioInit_2131:
0x9D000A80	0x332300FF  ANDI	R3, R25, 255
0x9D000A84	0x34020003  ORI	R2, R0, 3
0x9D000A88	0x1062FFBA  BEQ	R3, R2, L_easypicfusion_v7_P32MX795F512L__gpioInit_220
0x9D000A8C	0x70000000  NOP	
L_easypicfusion_v7_P32MX795F512L__gpioInit_2133:
0x9D000A90	0x332300FF  ANDI	R3, R25, 255
0x9D000A94	0x34020004  ORI	R2, R0, 4
0x9D000A98	0x1062FFBC  BEQ	R3, R2, L_easypicfusion_v7_P32MX795F512L__gpioInit_221
0x9D000A9C	0x70000000  NOP	
L_easypicfusion_v7_P32MX795F512L__gpioInit_2135:
0x9D000AA0	0x332300FF  ANDI	R3, R25, 255
0x9D000AA4	0x34020005  ORI	R2, R0, 5
0x9D000AA8	0x1062FFBE  BEQ	R3, R2, L_easypicfusion_v7_P32MX795F512L__gpioInit_222
0x9D000AAC	0x70000000  NOP	
L_easypicfusion_v7_P32MX795F512L__gpioInit_2137:
0x9D000AB0	0x332300FF  ANDI	R3, R25, 255
0x9D000AB4	0x34020006  ORI	R2, R0, 6
0x9D000AB8	0x1062FFC0  BEQ	R3, R2, L_easypicfusion_v7_P32MX795F512L__gpioInit_223
0x9D000ABC	0x70000000  NOP	
L_easypicfusion_v7_P32MX795F512L__gpioInit_2139:
0x9D000AC0	0x332300FF  ANDI	R3, R25, 255
0x9D000AC4	0x34020007  ORI	R2, R0, 7
0x9D000AC8	0x1062FFC2  BEQ	R3, R2, L_easypicfusion_v7_P32MX795F512L__gpioInit_224
0x9D000ACC	0x70000000  NOP	
L_easypicfusion_v7_P32MX795F512L__gpioInit_2141:
0x9D000AD0	0x332300FF  ANDI	R3, R25, 255
0x9D000AD4	0x34020008  ORI	R2, R0, 8
0x9D000AD8	0x1062FFC4  BEQ	R3, R2, L_easypicfusion_v7_P32MX795F512L__gpioInit_225
0x9D000ADC	0x70000000  NOP	
L_easypicfusion_v7_P32MX795F512L__gpioInit_2143:
0x9D000AE0	0x332300FF  ANDI	R3, R25, 255
0x9D000AE4	0x34020009  ORI	R2, R0, 9
0x9D000AE8	0x1062FFC6  BEQ	R3, R2, L_easypicfusion_v7_P32MX795F512L__gpioInit_226
0x9D000AEC	0x70000000  NOP	
L_easypicfusion_v7_P32MX795F512L__gpioInit_2145:
0x9D000AF0	0x332300FF  ANDI	R3, R25, 255
0x9D000AF4	0x3402000A  ORI	R2, R0, 10
0x9D000AF8	0x1062FFC8  BEQ	R3, R2, L_easypicfusion_v7_P32MX795F512L__gpioInit_227
0x9D000AFC	0x70000000  NOP	
L_easypicfusion_v7_P32MX795F512L__gpioInit_2147:
0x9D000B00	0x332300FF  ANDI	R3, R25, 255
0x9D000B04	0x3402000B  ORI	R2, R0, 11
0x9D000B08	0x1062FFCA  BEQ	R3, R2, L_easypicfusion_v7_P32MX795F512L__gpioInit_228
0x9D000B0C	0x70000000  NOP	
L_easypicfusion_v7_P32MX795F512L__gpioInit_2149:
0x9D000B10	0x0B400293  J	L_easypicfusion_v7_P32MX795F512L__gpioInit_229
0x9D000B14	0x70000000  NOP	
L_easypicfusion_v7_P32MX795F512L__gpioInit_216:
;__epf_32mx795f512l_gpio.c, 120 :: 		return _MIKROBUS_OK;
0x9D000B18	0x34020000  ORI	R2, R0, 0
;__epf_32mx795f512l_gpio.c, 121 :: 		}
L_end__gpioInit_2:
0x9D000B1C	0x03E00008  JR	RA
0x9D000B20	0x70000000  NOP	
; end of easypicfusion_v7_P32MX795F512L__gpioInit_2
_mikrobus_logInit:
;easypicfusion_v7_P32MX795F512L.c, 283 :: 		T_mikrobus_ret mikrobus_logInit(T_log_bus port, const uint32_t baud)
0x9D000CFC	0x27BDFFF8  ADDIU	SP, SP, -8
0x9D000D00	0xAFBF0000  SW	RA, 0(SP)
;easypicfusion_v7_P32MX795F512L.c, 285 :: 		switch( port )
0x9D000D04	0x0B400355  J	L_mikrobus_logInit35
0x9D000D08	0xAFB90004  SW	R25, 4(SP)
;easypicfusion_v7_P32MX795F512L.c, 288 :: 		case _MIKROBUS1: return _log_init1( baud );
L_mikrobus_logInit37:
0x9D000D0C	0x0F4002C9  JAL	easypicfusion_v7_P32MX795F512L__log_init1+0
0x9D000D10	0x0340C80A  MOVZ	R25, R26, R0
0x9D000D14	0x0B400366  J	L_end_mikrobus_logInit
0x9D000D18	0x70000000  NOP	
;easypicfusion_v7_P32MX795F512L.c, 291 :: 		case _MIKROBUS2: return _log_init2( baud );
L_mikrobus_logInit38:
0x9D000D1C	0x0F4001BE  JAL	easypicfusion_v7_P32MX795F512L__log_init2+0
0x9D000D20	0x0340C80A  MOVZ	R25, R26, R0
0x9D000D24	0x0B400366  J	L_end_mikrobus_logInit
0x9D000D28	0x70000000  NOP	
;easypicfusion_v7_P32MX795F512L.c, 309 :: 		case _LOG_USBUART_A : return _log_initUartA( baud );
L_mikrobus_logInit39:
0x9D000D2C	0x0F40019C  JAL	easypicfusion_v7_P32MX795F512L__log_initUartA+0
0x9D000D30	0x0340C80A  MOVZ	R25, R26, R0
0x9D000D34	0x0B400366  J	L_end_mikrobus_logInit
0x9D000D38	0x70000000  NOP	
;easypicfusion_v7_P32MX795F512L.c, 312 :: 		case _LOG_USBUART_B : return _log_initUartB( baud );
L_mikrobus_logInit40:
0x9D000D3C	0x0F4001A7  JAL	easypicfusion_v7_P32MX795F512L__log_initUartB+0
0x9D000D40	0x0340C80A  MOVZ	R25, R26, R0
0x9D000D44	0x0B400366  J	L_end_mikrobus_logInit
0x9D000D48	0x70000000  NOP	
;easypicfusion_v7_P32MX795F512L.c, 314 :: 		default : return _MIKROBUS_ERR_BUS;
L_mikrobus_logInit41:
0x9D000D4C	0x0B400366  J	L_end_mikrobus_logInit
0x9D000D50	0x34020001  ORI	R2, R0, 1
;easypicfusion_v7_P32MX795F512L.c, 315 :: 		}
L_mikrobus_logInit35:
0x9D000D54	0x332200FF  ANDI	R2, R25, 255
0x9D000D58	0x1040FFEC  BEQ	R2, R0, L_mikrobus_logInit37
0x9D000D5C	0x70000000  NOP	
L__mikrobus_logInit162:
0x9D000D60	0x332300FF  ANDI	R3, R25, 255
0x9D000D64	0x34020001  ORI	R2, R0, 1
0x9D000D68	0x1062FFEC  BEQ	R3, R2, L_mikrobus_logInit38
0x9D000D6C	0x70000000  NOP	
L__mikrobus_logInit164:
0x9D000D70	0x332300FF  ANDI	R3, R25, 255
0x9D000D74	0x34020020  ORI	R2, R0, 32
0x9D000D78	0x1062FFEC  BEQ	R3, R2, L_mikrobus_logInit39
0x9D000D7C	0x70000000  NOP	
L__mikrobus_logInit166:
0x9D000D80	0x332300FF  ANDI	R3, R25, 255
0x9D000D84	0x34020030  ORI	R2, R0, 48
0x9D000D88	0x1062FFEC  BEQ	R3, R2, L_mikrobus_logInit40
0x9D000D8C	0x70000000  NOP	
L__mikrobus_logInit168:
0x9D000D90	0x0B400353  J	L_mikrobus_logInit41
0x9D000D94	0x70000000  NOP	
;easypicfusion_v7_P32MX795F512L.c, 317 :: 		}
L_end_mikrobus_logInit:
0x9D000D98	0x8FB90004  LW	R25, 4(SP)
0x9D000D9C	0x8FBF0000  LW	RA, 0(SP)
0x9D000DA0	0x03E00008  JR	RA
0x9D000DA4	0x27BD0008  ADDIU	SP, SP, 8
; end of _mikrobus_logInit
easypicfusion_v7_P32MX795F512L__log_init1:
;__epf_32mx795f512l_log.c, 23 :: 		static T_mikrobus_ret _log_init1(uint32_t baud)
0x9D000B24	0x27BDFFFC  ADDIU	SP, SP, -4
0x9D000B28	0xAFBF0000  SW	RA, 0(SP)
;__epf_32mx795f512l_log.c, 25 :: 		UART2_Init(baud);
0x9D000B2C	0x0F400034  JAL	_UART2_Init+0
0x9D000B30	0x70000000  NOP	
;__epf_32mx795f512l_log.c, 26 :: 		logger = UART2_Write;
0x9D000B34	0x3C029D00  LUI	R2, hi_addr(_UART2_Write+0)
0x9D000B38	0x344201B8  ORI	R2, R2, lo_addr(_UART2_Write+0)
0x9D000B3C	0xAC2280A4  SW	R2, Offset(_logger+0)(GP)
;__epf_32mx795f512l_log.c, 27 :: 		return 0;
0x9D000B40	0x0000100A  MOVZ	R2, R0, R0
;__epf_32mx795f512l_log.c, 28 :: 		}
L_end__log_init1:
0x9D000B44	0x8FBF0000  LW	RA, 0(SP)
0x9D000B48	0x03E00008  JR	RA
0x9D000B4C	0x27BD0004  ADDIU	SP, SP, 4
; end of easypicfusion_v7_P32MX795F512L__log_init1
_UART2_Init:
;__Lib_UART_123456.c, 217 :: 		
0x9D0000D0	0x27BDFFEC  ADDIU	SP, SP, -20
0x9D0000D4	0xAFBF0000  SW	RA, 0(SP)
;__Lib_UART_123456.c, 220 :: 		
0x9D0000D8	0xAFB90004  SW	R25, 4(SP)
0x9D0000DC	0xAFBA0008  SW	R26, 8(SP)
0x9D0000E0	0xAFBB000C  SW	R27, 12(SP)
0x9D0000E4	0x3C029D00  LUI	R2, hi_addr(_UART2_Write+0)
0x9D0000E8	0x344201B8  ORI	R2, R2, lo_addr(_UART2_Write+0)
0x9D0000EC	0xAC2280A8  SW	R2, Offset(_UART_Wr_Ptr+0)(GP)
;__Lib_UART_123456.c, 221 :: 		
0x9D0000F0	0x3C02FFFF  LUI	R2, hi_addr(_UART2_Read+0)
0x9D0000F4	0x3442FFFF  ORI	R2, R2, lo_addr(_UART2_Read+0)
0x9D0000F8	0xAC2280AC  SW	R2, Offset(_UART_Rd_Ptr+0)(GP)
;__Lib_UART_123456.c, 222 :: 		
0x9D0000FC	0x3C02FFFF  LUI	R2, hi_addr(_UART2_Data_Ready+0)
0x9D000100	0x3442FFFF  ORI	R2, R2, lo_addr(_UART2_Data_Ready+0)
0x9D000104	0xAC228098  SW	R2, Offset(_UART_Rdy_Ptr+0)(GP)
;__Lib_UART_123456.c, 223 :: 		
0x9D000108	0x3C02FFFF  LUI	R2, hi_addr(_UART2_Tx_Idle+0)
0x9D00010C	0x3442FFFF  ORI	R2, R2, lo_addr(_UART2_Tx_Idle+0)
;__Lib_UART_123456.c, 225 :: 		
0x9D000110	0x0F400023  JAL	_Get_Fosc_kHz+0
0x9D000114	0xAC22809C  SW	R2, Offset(_UART_Tx_Idle_Ptr+0)(GP)
0x9D000118	0xAFB90010  SW	R25, 16(SP)
0x9D00011C	0x0000D80A  MOVZ	R27, R0, R0
0x9D000120	0x0320D00A  MOVZ	R26, R25, R0
0x9D000124	0x0F400000  JAL	__Lib_UART_123456_UART_Calc_BRG+0
0x9D000128	0x0040C80A  MOVZ	R25, R2, R0
0x9D00012C	0x8FB90010  LW	R25, 16(SP)
; brg_tmp start address is: 16 (R4)
0x9D000130	0x0040200A  MOVZ	R4, R2, R0
;__Lib_UART_123456.c, 226 :: 		
0x9D000134	0x34030008  ORI	R3, R0, 8
0x9D000138	0x3C1EBF80  LUI	R30, 49024
;__Lib_UART_123456.c, 227 :: 		
0x9D00013C	0x1440000C  BNE	R2, R0, L__UART2_Init133
0x9D000140	0xAFC36804  SW	R3, 26628(R30)
L__UART2_Init192:
; brg_tmp end address is: 16 (R4)
;__Lib_UART_123456.c, 228 :: 		
0x9D000144	0x0F400023  JAL	_Get_Fosc_kHz+0
0x9D000148	0x70000000  NOP	
0x9D00014C	0x341B0001  ORI	R27, R0, 1
0x9D000150	0x0320D00A  MOVZ	R26, R25, R0
0x9D000154	0x0F400000  JAL	__Lib_UART_123456_UART_Calc_BRG+0
0x9D000158	0x0040C80A  MOVZ	R25, R2, R0
; brg_tmp start address is: 12 (R3)
0x9D00015C	0x0040180A  MOVZ	R3, R2, R0
;__Lib_UART_123456.c, 229 :: 		
0x9D000160	0x34020008  ORI	R2, R0, 8
0x9D000164	0x3C1EBF80  LUI	R30, 49024
; brg_tmp end address is: 12 (R3)
;__Lib_UART_123456.c, 230 :: 		
0x9D000168	0x0B40005D  J	L_UART2_Init35
0x9D00016C	0xAFC26808  SW	R2, 26632(R30)
L__UART2_Init133:
;__Lib_UART_123456.c, 227 :: 		
0x9D000170	0x0080180A  MOVZ	R3, R4, R0
;__Lib_UART_123456.c, 230 :: 		
L_UART2_Init35:
;__Lib_UART_123456.c, 231 :: 		
; brg_tmp start address is: 12 (R3)
0x9D000174	0x2462FFFF  ADDIU	R2, R3, -1
; brg_tmp end address is: 12 (R3)
0x9D000178	0x3C1EBF80  LUI	R30, 49024
0x9D00017C	0xAFC26840  SW	R2, 26688(R30)
;__Lib_UART_123456.c, 232 :: 		
0x9D000180	0x3C1EBF80  LUI	R30, 49024
0x9D000184	0x8FC26800  LW	R2, 26624(R30)
0x9D000188	0x34428000  ORI	R2, R2, 32768
0x9D00018C	0x3C1EBF80  LUI	R30, 49024
0x9D000190	0xAFC26800  SW	R2, 26624(R30)
;__Lib_UART_123456.c, 233 :: 		
0x9D000194	0x34021400  ORI	R2, R0, 5120
0x9D000198	0x3C1EBF80  LUI	R30, 49024
0x9D00019C	0xAFC26810  SW	R2, 26640(R30)
;__Lib_UART_123456.c, 234 :: 		
L_end_UART2_Init:
0x9D0001A0	0x8FBB000C  LW	R27, 12(SP)
0x9D0001A4	0x8FBA0008  LW	R26, 8(SP)
0x9D0001A8	0x8FB90004  LW	R25, 4(SP)
0x9D0001AC	0x8FBF0000  LW	RA, 0(SP)
0x9D0001B0	0x03E00008  JR	RA
0x9D0001B4	0x27BD0014  ADDIU	SP, SP, 20
; end of _UART2_Init
_Get_Fosc_kHz:
;__Lib_Delays.c, 1 :: 		unsigned long Get_Fosc_kHz(){
;__Lib_Delays.c, 3 :: 		return Clock_kHz();
0x9D00008C	0x3C020001  LUI	R2, 1
0x9D000090	0x34423880  ORI	R2, R2, 14464
;__Lib_Delays.c, 4 :: 		}
L_end_Get_Fosc_kHz:
0x9D000094	0x03E00008  JR	RA
0x9D000098	0x70000000  NOP	
; end of _Get_Fosc_kHz
__Lib_UART_123456_UART_Calc_BRG:
;__Lib_UART_123456.c, 19 :: 		
0x9D000000	0x27BDFFFC  ADDIU	SP, SP, -4
;__Lib_UART_123456.c, 21 :: 		
0x9D000004	0x340203E8  ORI	R2, R0, 1000
0x9D000008	0x03220019  MULTU	R25, R2
0x9D00000C	0x00001012  MFLO	R2
; tmp start address is: 12 (R3)
0x9D000010	0x0040180A  MOVZ	R3, R2, R0
;__Lib_UART_123456.c, 23 :: 		
0x9D000014	0x3C1EBF81  LUI	R30, 49025
0x9D000018	0x8FC2F000  LW	R2, -4096(R30)
0x9D00001C	0x7C420CC0  EXT	R2, R2, 19, 2
0x9D000020	0x00431006  SRLV	R2, R3, R2
0x9D000024	0x0040180A  MOVZ	R3, R2, R0
;__Lib_UART_123456.c, 26 :: 		
0x9D000028	0x336200FF  ANDI	R2, R27, 255
0x9D00002C	0x14400004  BNE	R2, R0, L___Lib_UART_123456_UART_Calc_BRG0
0x9D000030	0x70000000  NOP	
L___Lib_UART_123456_UART_Calc_BRG149:
;__Lib_UART_123456.c, 27 :: 		
0x9D000034	0x001A1100  SLL	R2, R26, 4
; tmp1 start address is: 16 (R4)
; tmp1 end address is: 16 (R4)
0x9D000038	0x0B400012  J	L___Lib_UART_123456_UART_Calc_BRG1
0x9D00003C	0x0040200A  MOVZ	R4, R2, R0
L___Lib_UART_123456_UART_Calc_BRG0:
;__Lib_UART_123456.c, 29 :: 		
0x9D000040	0x001A1080  SLL	R2, R26, 2
; tmp1 start address is: 16 (R4)
0x9D000044	0x0040200A  MOVZ	R4, R2, R0
; tmp1 end address is: 16 (R4)
L___Lib_UART_123456_UART_Calc_BRG1:
;__Lib_UART_123456.c, 31 :: 		
; tmp1 start address is: 16 (R4)
0x9D000048	0x0064001B  DIVU	R3, R4
0x9D00004C	0x00001010  MFHI	R2
; tmp2 start address is: 20 (R5)
0x9D000050	0x0040280A  MOVZ	R5, R2, R0
;__Lib_UART_123456.c, 32 :: 		
0x9D000054	0x0064001B  DIVU	R3, R4
0x9D000058	0x00001012  MFLO	R2
0x9D00005C	0x0040180A  MOVZ	R3, R2, R0
;__Lib_UART_123456.c, 34 :: 		
0x9D000060	0x00041042  SRL	R2, R4, 1
; tmp1 end address is: 16 (R4)
0x9D000064	0x0045102B  SLTU	R2, R2, R5
0x9D000068	0x10400005  BEQ	R2, R0, L___Lib_UART_123456_UART_Calc_BRG128
0x9D00006C	0x70000000  NOP	
L___Lib_UART_123456_UART_Calc_BRG150:
; tmp2 end address is: 20 (R5)
;__Lib_UART_123456.c, 35 :: 		
0x9D000070	0x24620001  ADDIU	R2, R3, 1
0x9D000074	0x0040180A  MOVZ	R3, R2, R0
; tmp end address is: 12 (R3)
0x9D000078	0x0B400021  J	L___Lib_UART_123456_UART_Calc_BRG2
0x9D00007C	0x0060100A  MOVZ	R2, R3, R0
L___Lib_UART_123456_UART_Calc_BRG128:
;__Lib_UART_123456.c, 34 :: 		
0x9D000080	0x0060100A  MOVZ	R2, R3, R0
;__Lib_UART_123456.c, 35 :: 		
L___Lib_UART_123456_UART_Calc_BRG2:
;__Lib_UART_123456.c, 37 :: 		
; tmp start address is: 8 (R2)
; tmp end address is: 8 (R2)
;__Lib_UART_123456.c, 38 :: 		
L_end_UART_Calc_BRG:
0x9D000084	0x03E00008  JR	RA
0x9D000088	0x27BD0004  ADDIU	SP, SP, 4
; end of __Lib_UART_123456_UART_Calc_BRG
easypicfusion_v7_P32MX795F512L__log_init2:
;__epf_32mx795f512l_log.c, 30 :: 		static T_mikrobus_ret _log_init2(uint32_t baud)
0x9D0006F8	0x27BDFFFC  ADDIU	SP, SP, -4
0x9D0006FC	0xAFBF0000  SW	RA, 0(SP)
;__epf_32mx795f512l_log.c, 32 :: 		UART5_Init(baud);
0x9D000700	0x0F400088  JAL	_UART5_Init+0
0x9D000704	0x70000000  NOP	
;__epf_32mx795f512l_log.c, 33 :: 		logger = UART5_Write;
0x9D000708	0x3C029D00  LUI	R2, hi_addr(_UART5_Write+0)
0x9D00070C	0x3442033C  ORI	R2, R2, lo_addr(_UART5_Write+0)
0x9D000710	0xAC2280A4  SW	R2, Offset(_logger+0)(GP)
;__epf_32mx795f512l_log.c, 34 :: 		return 0;
0x9D000714	0x0000100A  MOVZ	R2, R0, R0
;__epf_32mx795f512l_log.c, 35 :: 		}
L_end__log_init2:
0x9D000718	0x8FBF0000  LW	RA, 0(SP)
0x9D00071C	0x03E00008  JR	RA
0x9D000720	0x27BD0004  ADDIU	SP, SP, 4
; end of easypicfusion_v7_P32MX795F512L__log_init2
_UART5_Init:
;__Lib_UART_123456.c, 557 :: 		
0x9D000220	0x27BDFFEC  ADDIU	SP, SP, -20
0x9D000224	0xAFBF0000  SW	RA, 0(SP)
;__Lib_UART_123456.c, 560 :: 		
0x9D000228	0xAFB90004  SW	R25, 4(SP)
0x9D00022C	0xAFBA0008  SW	R26, 8(SP)
0x9D000230	0xAFBB000C  SW	R27, 12(SP)
0x9D000234	0x3C029D00  LUI	R2, hi_addr(_UART5_Write+0)
0x9D000238	0x3442033C  ORI	R2, R2, lo_addr(_UART5_Write+0)
0x9D00023C	0xAC2280A8  SW	R2, Offset(_UART_Wr_Ptr+0)(GP)
;__Lib_UART_123456.c, 561 :: 		
0x9D000240	0x3C02FFFF  LUI	R2, hi_addr(_UART5_Read+0)
0x9D000244	0x3442FFFF  ORI	R2, R2, lo_addr(_UART5_Read+0)
0x9D000248	0xAC2280AC  SW	R2, Offset(_UART_Rd_Ptr+0)(GP)
;__Lib_UART_123456.c, 562 :: 		
0x9D00024C	0x3C02FFFF  LUI	R2, hi_addr(_UART5_Data_Ready+0)
0x9D000250	0x3442FFFF  ORI	R2, R2, lo_addr(_UART5_Data_Ready+0)
0x9D000254	0xAC228098  SW	R2, Offset(_UART_Rdy_Ptr+0)(GP)
;__Lib_UART_123456.c, 563 :: 		
0x9D000258	0x3C02FFFF  LUI	R2, hi_addr(_UART5_Tx_Idle+0)
0x9D00025C	0x3442FFFF  ORI	R2, R2, lo_addr(_UART5_Tx_Idle+0)
;__Lib_UART_123456.c, 565 :: 		
0x9D000260	0x0F400023  JAL	_Get_Fosc_kHz+0
0x9D000264	0xAC22809C  SW	R2, Offset(_UART_Tx_Idle_Ptr+0)(GP)
0x9D000268	0xAFB90010  SW	R25, 16(SP)
0x9D00026C	0x0000D80A  MOVZ	R27, R0, R0
0x9D000270	0x0320D00A  MOVZ	R26, R25, R0
0x9D000274	0x0F400000  JAL	__Lib_UART_123456_UART_Calc_BRG+0
0x9D000278	0x0040C80A  MOVZ	R25, R2, R0
0x9D00027C	0x8FB90010  LW	R25, 16(SP)
; brg_tmp start address is: 16 (R4)
0x9D000280	0x0040200A  MOVZ	R4, R2, R0
;__Lib_UART_123456.c, 566 :: 		
0x9D000284	0x34030008  ORI	R3, R0, 8
0x9D000288	0x3C1EBF80  LUI	R30, 49024
;__Lib_UART_123456.c, 567 :: 		
0x9D00028C	0x1440000C  BNE	R2, R0, L__UART5_Init142
0x9D000290	0xAFC36A04  SW	R3, 27140(R30)
L__UART5_Init261:
; brg_tmp end address is: 16 (R4)
;__Lib_UART_123456.c, 568 :: 		
0x9D000294	0x0F400023  JAL	_Get_Fosc_kHz+0
0x9D000298	0x70000000  NOP	
0x9D00029C	0x341B0001  ORI	R27, R0, 1
0x9D0002A0	0x0320D00A  MOVZ	R26, R25, R0
0x9D0002A4	0x0F400000  JAL	__Lib_UART_123456_UART_Calc_BRG+0
0x9D0002A8	0x0040C80A  MOVZ	R25, R2, R0
; brg_tmp start address is: 12 (R3)
0x9D0002AC	0x0040180A  MOVZ	R3, R2, R0
;__Lib_UART_123456.c, 569 :: 		
0x9D0002B0	0x34020008  ORI	R2, R0, 8
0x9D0002B4	0x3C1EBF80  LUI	R30, 49024
; brg_tmp end address is: 12 (R3)
;__Lib_UART_123456.c, 570 :: 		
0x9D0002B8	0x0B4000B1  J	L_UART5_Init92
0x9D0002BC	0xAFC26A08  SW	R2, 27144(R30)
L__UART5_Init142:
;__Lib_UART_123456.c, 567 :: 		
0x9D0002C0	0x0080180A  MOVZ	R3, R4, R0
;__Lib_UART_123456.c, 570 :: 		
L_UART5_Init92:
;__Lib_UART_123456.c, 571 :: 		
; brg_tmp start address is: 12 (R3)
0x9D0002C4	0x2462FFFF  ADDIU	R2, R3, -1
; brg_tmp end address is: 12 (R3)
0x9D0002C8	0x3C1EBF80  LUI	R30, 49024
0x9D0002CC	0xAFC26A40  SW	R2, 27200(R30)
;__Lib_UART_123456.c, 572 :: 		
0x9D0002D0	0x3C1EBF80  LUI	R30, 49024
0x9D0002D4	0x8FC26A00  LW	R2, 27136(R30)
0x9D0002D8	0x34428000  ORI	R2, R2, 32768
0x9D0002DC	0x3C1EBF80  LUI	R30, 49024
0x9D0002E0	0xAFC26A00  SW	R2, 27136(R30)
;__Lib_UART_123456.c, 573 :: 		
0x9D0002E4	0x34021400  ORI	R2, R0, 5120
0x9D0002E8	0x3C1EBF80  LUI	R30, 49024
0x9D0002EC	0xAFC26A10  SW	R2, 27152(R30)
;__Lib_UART_123456.c, 574 :: 		
L_end_UART5_Init:
0x9D0002F0	0x8FBB000C  LW	R27, 12(SP)
0x9D0002F4	0x8FBA0008  LW	R26, 8(SP)
0x9D0002F8	0x8FB90004  LW	R25, 4(SP)
0x9D0002FC	0x8FBF0000  LW	RA, 0(SP)
0x9D000300	0x03E00008  JR	RA
0x9D000304	0x27BD0014  ADDIU	SP, SP, 20
; end of _UART5_Init
easypicfusion_v7_P32MX795F512L__log_initUartA:
;__epf_32mx795f512l_log.c, 37 :: 		static T_mikrobus_ret _log_initUartA(uint32_t baud)
0x9D000670	0x27BDFFFC  ADDIU	SP, SP, -4
0x9D000674	0xAFBF0000  SW	RA, 0(SP)
;__epf_32mx795f512l_log.c, 39 :: 		UART2_Init(baud);
0x9D000678	0x0F400034  JAL	_UART2_Init+0
0x9D00067C	0x70000000  NOP	
;__epf_32mx795f512l_log.c, 40 :: 		logger = UART2_Write;
0x9D000680	0x3C029D00  LUI	R2, hi_addr(_UART2_Write+0)
0x9D000684	0x344201B8  ORI	R2, R2, lo_addr(_UART2_Write+0)
0x9D000688	0xAC2280A4  SW	R2, Offset(_logger+0)(GP)
;__epf_32mx795f512l_log.c, 41 :: 		return 0;
0x9D00068C	0x0000100A  MOVZ	R2, R0, R0
;__epf_32mx795f512l_log.c, 42 :: 		}
L_end__log_initUartA:
0x9D000690	0x8FBF0000  LW	RA, 0(SP)
0x9D000694	0x03E00008  JR	RA
0x9D000698	0x27BD0004  ADDIU	SP, SP, 4
; end of easypicfusion_v7_P32MX795F512L__log_initUartA
easypicfusion_v7_P32MX795F512L__log_initUartB:
;__epf_32mx795f512l_log.c, 44 :: 		static T_mikrobus_ret _log_initUartB(uint32_t baud)
0x9D00069C	0x27BDFFFC  ADDIU	SP, SP, -4
0x9D0006A0	0xAFBF0000  SW	RA, 0(SP)
;__epf_32mx795f512l_log.c, 46 :: 		UART5_Init(baud);
0x9D0006A4	0x0F400088  JAL	_UART5_Init+0
0x9D0006A8	0x70000000  NOP	
;__epf_32mx795f512l_log.c, 47 :: 		logger = UART5_Write;
0x9D0006AC	0x3C029D00  LUI	R2, hi_addr(_UART5_Write+0)
0x9D0006B0	0x3442033C  ORI	R2, R2, lo_addr(_UART5_Write+0)
0x9D0006B4	0xAC2280A4  SW	R2, Offset(_logger+0)(GP)
;__epf_32mx795f512l_log.c, 48 :: 		return 0;
0x9D0006B8	0x0000100A  MOVZ	R2, R0, R0
;__epf_32mx795f512l_log.c, 49 :: 		}
L_end__log_initUartB:
0x9D0006BC	0x8FBF0000  LW	RA, 0(SP)
0x9D0006C0	0x03E00008  JR	RA
0x9D0006C4	0x27BD0004  ADDIU	SP, SP, 4
; end of easypicfusion_v7_P32MX795F512L__log_initUartB
_mikrobus_logWrite:
;easypicfusion_v7_P32MX795F512L.c, 319 :: 		T_mikrobus_ret mikrobus_logWrite(uint8_t* data_, T_log_format format)
0x9D000E9C	0x27BDFFE8  ADDIU	SP, SP, -24
0x9D000EA0	0xAFBF0000  SW	RA, 0(SP)
;easypicfusion_v7_P32MX795F512L.c, 321 :: 		uint8_t *ptr = data_;
0x9D000EA4	0xAFB90004  SW	R25, 4(SP)
; ptr start address is: 16 (R4)
0x9D000EA8	0x0320200A  MOVZ	R4, R25, R0
;easypicfusion_v7_P32MX795F512L.c, 322 :: 		uint8_t row = 13;
0x9D000EAC	0x341E000D  ORI	R30, R0, 13
0x9D000EB0	0xA3BE0014  SB	R30, 20(SP)
0x9D000EB4	0x341E000A  ORI	R30, R0, 10
;easypicfusion_v7_P32MX795F512L.c, 323 :: 		uint8_t line = 10;
;easypicfusion_v7_P32MX795F512L.c, 324 :: 		switch( format )
0x9D000EB8	0x0B4003E1  J	L_mikrobus_logWrite42
0x9D000EBC	0xA3BE0015  SB	R30, 21(SP)
;easypicfusion_v7_P32MX795F512L.c, 326 :: 		case _LOG_BYTE :
L_mikrobus_logWrite44:
;easypicfusion_v7_P32MX795F512L.c, 327 :: 		_log_write( ptr );
; ptr end address is: 16 (R4)
0x9D000EC0	0x0F4001B2  JAL	easypicfusion_v7_P32MX795F512L__log_write+0
0x9D000EC4	0x0080C80A  MOVZ	R25, R4, R0
;easypicfusion_v7_P32MX795F512L.c, 328 :: 		break;
0x9D000EC8	0x0B4003EE  J	L_mikrobus_logWrite43
0x9D000ECC	0x70000000  NOP	
;easypicfusion_v7_P32MX795F512L.c, 329 :: 		case _LOG_TEXT :
L_mikrobus_logWrite45:
;easypicfusion_v7_P32MX795F512L.c, 330 :: 		while( *ptr )
; ptr start address is: 16 (R4)
0x9D000ED0	0x0080180A  MOVZ	R3, R4, R0
L_mikrobus_logWrite46:
; ptr end address is: 16 (R4)
; ptr start address is: 12 (R3)
0x9D000ED4	0x90620000  LBU	R2, 0(R3)
0x9D000ED8	0x1040000C  BEQ	R2, R0, L_mikrobus_logWrite47
0x9D000EDC	0x70000000  NOP	
L__mikrobus_logWrite171:
;easypicfusion_v7_P32MX795F512L.c, 332 :: 		_log_write( ptr );
0x9D000EE0	0xAFA30008  SW	R3, 8(SP)
0x9D000EE4	0xA3BA000C  SB	R26, 12(SP)
0x9D000EE8	0xAFB90010  SW	R25, 16(SP)
0x9D000EEC	0x0F4001B2  JAL	easypicfusion_v7_P32MX795F512L__log_write+0
0x9D000EF0	0x0060C80A  MOVZ	R25, R3, R0
0x9D000EF4	0x8FB90010  LW	R25, 16(SP)
0x9D000EF8	0x93BA000C  LBU	R26, 12(SP)
0x9D000EFC	0x8FA30008  LW	R3, 8(SP)
;easypicfusion_v7_P32MX795F512L.c, 333 :: 		ptr++;
0x9D000F00	0x24620001  ADDIU	R2, R3, 1
;easypicfusion_v7_P32MX795F512L.c, 334 :: 		}
; ptr end address is: 12 (R3)
0x9D000F04	0x0B4003B5  J	L_mikrobus_logWrite46
0x9D000F08	0x0040180A  MOVZ	R3, R2, R0
L_mikrobus_logWrite47:
;easypicfusion_v7_P32MX795F512L.c, 335 :: 		break;
0x9D000F0C	0x0B4003EE  J	L_mikrobus_logWrite43
0x9D000F10	0x70000000  NOP	
;easypicfusion_v7_P32MX795F512L.c, 336 :: 		case _LOG_LINE :
L_mikrobus_logWrite48:
;easypicfusion_v7_P32MX795F512L.c, 337 :: 		while( *ptr )
; ptr start address is: 16 (R4)
0x9D000F14	0x0080180A  MOVZ	R3, R4, R0
L_mikrobus_logWrite49:
; ptr end address is: 16 (R4)
; ptr start address is: 12 (R3)
0x9D000F18	0x90620000  LBU	R2, 0(R3)
0x9D000F1C	0x1040000C  BEQ	R2, R0, L_mikrobus_logWrite50
0x9D000F20	0x70000000  NOP	
L__mikrobus_logWrite173:
;easypicfusion_v7_P32MX795F512L.c, 339 :: 		_log_write( ptr );
0x9D000F24	0xAFA30008  SW	R3, 8(SP)
0x9D000F28	0xA3BA000C  SB	R26, 12(SP)
0x9D000F2C	0xAFB90010  SW	R25, 16(SP)
0x9D000F30	0x0F4001B2  JAL	easypicfusion_v7_P32MX795F512L__log_write+0
0x9D000F34	0x0060C80A  MOVZ	R25, R3, R0
0x9D000F38	0x8FB90010  LW	R25, 16(SP)
0x9D000F3C	0x93BA000C  LBU	R26, 12(SP)
0x9D000F40	0x8FA30008  LW	R3, 8(SP)
;easypicfusion_v7_P32MX795F512L.c, 340 :: 		ptr++;
0x9D000F44	0x24620001  ADDIU	R2, R3, 1
;easypicfusion_v7_P32MX795F512L.c, 341 :: 		}
; ptr end address is: 12 (R3)
0x9D000F48	0x0B4003C6  J	L_mikrobus_logWrite49
0x9D000F4C	0x0040180A  MOVZ	R3, R2, R0
L_mikrobus_logWrite50:
;easypicfusion_v7_P32MX795F512L.c, 342 :: 		_log_write( &row );
0x9D000F50	0x27A20014  ADDIU	R2, SP, 20
0x9D000F54	0xA3BA0008  SB	R26, 8(SP)
0x9D000F58	0xAFB9000C  SW	R25, 12(SP)
0x9D000F5C	0x0F4001B2  JAL	easypicfusion_v7_P32MX795F512L__log_write+0
0x9D000F60	0x0040C80A  MOVZ	R25, R2, R0
;easypicfusion_v7_P32MX795F512L.c, 343 :: 		_log_write( &line );
0x9D000F64	0x27A20015  ADDIU	R2, SP, 21
0x9D000F68	0x0F4001B2  JAL	easypicfusion_v7_P32MX795F512L__log_write+0
0x9D000F6C	0x0040C80A  MOVZ	R25, R2, R0
0x9D000F70	0x8FB9000C  LW	R25, 12(SP)
;easypicfusion_v7_P32MX795F512L.c, 344 :: 		break;
0x9D000F74	0x0B4003EE  J	L_mikrobus_logWrite43
0x9D000F78	0x93BA0008  LBU	R26, 8(SP)
;easypicfusion_v7_P32MX795F512L.c, 345 :: 		default :
L_mikrobus_logWrite51:
;easypicfusion_v7_P32MX795F512L.c, 346 :: 		return _MIKROBUS_ERR_LOG;
0x9D000F7C	0x0B4003EF  J	L_end_mikrobus_logWrite
0x9D000F80	0x34020006  ORI	R2, R0, 6
;easypicfusion_v7_P32MX795F512L.c, 347 :: 		}
L_mikrobus_logWrite42:
; ptr start address is: 16 (R4)
0x9D000F84	0x334200FF  ANDI	R2, R26, 255
0x9D000F88	0x1040FFCD  BEQ	R2, R0, L_mikrobus_logWrite44
0x9D000F8C	0x70000000  NOP	
L__mikrobus_logWrite175:
0x9D000F90	0x334300FF  ANDI	R3, R26, 255
0x9D000F94	0x34020001  ORI	R2, R0, 1
0x9D000F98	0x1062FFCD  BEQ	R3, R2, L_mikrobus_logWrite45
0x9D000F9C	0x70000000  NOP	
L__mikrobus_logWrite177:
0x9D000FA0	0x334300FF  ANDI	R3, R26, 255
0x9D000FA4	0x34020002  ORI	R2, R0, 2
0x9D000FA8	0x1062FFDA  BEQ	R3, R2, L_mikrobus_logWrite48
0x9D000FAC	0x70000000  NOP	
L__mikrobus_logWrite179:
; ptr end address is: 16 (R4)
0x9D000FB0	0x0B4003DF  J	L_mikrobus_logWrite51
0x9D000FB4	0x70000000  NOP	
L_mikrobus_logWrite43:
;easypicfusion_v7_P32MX795F512L.c, 348 :: 		return 0;
0x9D000FB8	0x0000100A  MOVZ	R2, R0, R0
;easypicfusion_v7_P32MX795F512L.c, 349 :: 		}
;easypicfusion_v7_P32MX795F512L.c, 348 :: 		return 0;
;easypicfusion_v7_P32MX795F512L.c, 349 :: 		}
L_end_mikrobus_logWrite:
0x9D000FBC	0x8FB90004  LW	R25, 4(SP)
0x9D000FC0	0x8FBF0000  LW	RA, 0(SP)
0x9D000FC4	0x03E00008  JR	RA
0x9D000FC8	0x27BD0018  ADDIU	SP, SP, 24
; end of _mikrobus_logWrite
easypicfusion_v7_P32MX795F512L__log_write:
;__epf_32mx795f512l_log.c, 17 :: 		static T_mikrobus_ret _log_write(uint8_t *data_)
0x9D0006C8	0x27BDFFF8  ADDIU	SP, SP, -8
0x9D0006CC	0xAFBF0000  SW	RA, 0(SP)
;__epf_32mx795f512l_log.c, 19 :: 		logger( *data_ );
0x9D0006D0	0xAFB90004  SW	R25, 4(SP)
0x9D0006D4	0x93390000  LBU	R25, 0(R25)
0x9D0006D8	0x8C3E80A4  LW	R30, Offset(_logger+0)(GP)
0x9D0006DC	0x03C0F809  JALR	RA, R30
0x9D0006E0	0x70000000  NOP	
;__epf_32mx795f512l_log.c, 20 :: 		return 0;
0x9D0006E4	0x0000100A  MOVZ	R2, R0, R0
;__epf_32mx795f512l_log.c, 21 :: 		}
;__epf_32mx795f512l_log.c, 20 :: 		return 0;
;__epf_32mx795f512l_log.c, 21 :: 		}
L_end__log_write:
0x9D0006E8	0x8FB90004  LW	R25, 4(SP)
0x9D0006EC	0x8FBF0000  LW	RA, 0(SP)
0x9D0006F0	0x03E00008  JR	RA
0x9D0006F4	0x27BD0008  ADDIU	SP, SP, 8
; end of easypicfusion_v7_P32MX795F512L__log_write
_UART1_Write:
;__Lib_UART_123456.c, 40 :: 		
0x9D0001EC	0x27BDFFFC  ADDIU	SP, SP, -4
;__Lib_UART_123456.c, 43 :: 		
L_UART1_Write3:
0x9D0001F0	0x3C1EBF80  LUI	R30, 49024
0x9D0001F4	0x93C26011  LBU	R2, 24593(R30)
0x9D0001F8	0x7C420000  EXT	R2, R2, 0, 1
0x9D0001FC	0x14400003  BNE	R2, R0, L_UART1_Write4
0x9D000200	0x70000000  NOP	
L__UART1_Write152:
0x9D000204	0x0B40007C  J	L_UART1_Write3
0x9D000208	0x70000000  NOP	
L_UART1_Write4:
;__Lib_UART_123456.c, 44 :: 		
0x9D00020C	0x3322FFFF  ANDI	R2, R25, 65535
0x9D000210	0x3C1EBF80  LUI	R30, 49024
0x9D000214	0xAFC26020  SW	R2, 24608(R30)
;__Lib_UART_123456.c, 45 :: 		
L_end_UART1_Write:
0x9D000218	0x03E00008  JR	RA
0x9D00021C	0x27BD0004  ADDIU	SP, SP, 4
; end of _UART1_Write
_UART2_Write:
;__Lib_UART_123456.c, 154 :: 		
0x9D0001B8	0x27BDFFFC  ADDIU	SP, SP, -4
;__Lib_UART_123456.c, 157 :: 		
L_UART2_Write22:
0x9D0001BC	0x3C1EBF80  LUI	R30, 49024
0x9D0001C0	0x93C26811  LBU	R2, 26641(R30)
0x9D0001C4	0x7C420000  EXT	R2, R2, 0, 1
0x9D0001C8	0x14400003  BNE	R2, R0, L_UART2_Write23
0x9D0001CC	0x70000000  NOP	
L__UART2_Write175:
0x9D0001D0	0x0B40006F  J	L_UART2_Write22
0x9D0001D4	0x70000000  NOP	
L_UART2_Write23:
;__Lib_UART_123456.c, 158 :: 		
0x9D0001D8	0x3322FFFF  ANDI	R2, R25, 65535
0x9D0001DC	0x3C1EBF80  LUI	R30, 49024
0x9D0001E0	0xAFC26820  SW	R2, 26656(R30)
;__Lib_UART_123456.c, 159 :: 		
L_end_UART2_Write:
0x9D0001E4	0x03E00008  JR	RA
0x9D0001E8	0x27BD0004  ADDIU	SP, SP, 4
; end of _UART2_Write
_UART3_Write:
;__Lib_UART_123456.c, 268 :: 		
0x9D000308	0x27BDFFFC  ADDIU	SP, SP, -4
;__Lib_UART_123456.c, 271 :: 		
L_UART3_Write41:
0x9D00030C	0x3C1EBF80  LUI	R30, 49024
0x9D000310	0x93C26411  LBU	R2, 25617(R30)
0x9D000314	0x7C420000  EXT	R2, R2, 0, 1
0x9D000318	0x14400003  BNE	R2, R0, L_UART3_Write42
0x9D00031C	0x70000000  NOP	
L__UART3_Write198:
0x9D000320	0x0B4000C3  J	L_UART3_Write41
0x9D000324	0x70000000  NOP	
L_UART3_Write42:
;__Lib_UART_123456.c, 272 :: 		
0x9D000328	0x3322FFFF  ANDI	R2, R25, 65535
0x9D00032C	0x3C1EBF80  LUI	R30, 49024
0x9D000330	0xAFC26420  SW	R2, 25632(R30)
;__Lib_UART_123456.c, 273 :: 		
L_end_UART3_Write:
0x9D000334	0x03E00008  JR	RA
0x9D000338	0x27BD0004  ADDIU	SP, SP, 4
; end of _UART3_Write
_UART4_Write:
;__Lib_UART_123456.c, 381 :: 		
0x9D00009C	0x27BDFFFC  ADDIU	SP, SP, -4
;__Lib_UART_123456.c, 384 :: 		
L_UART4_Write60:
0x9D0000A0	0x3C1EBF80  LUI	R30, 49024
0x9D0000A4	0x93C26211  LBU	R2, 25105(R30)
0x9D0000A8	0x7C420000  EXT	R2, R2, 0, 1
0x9D0000AC	0x14400003  BNE	R2, R0, L_UART4_Write61
0x9D0000B0	0x70000000  NOP	
L__UART4_Write221:
0x9D0000B4	0x0B400028  J	L_UART4_Write60
0x9D0000B8	0x70000000  NOP	
L_UART4_Write61:
;__Lib_UART_123456.c, 385 :: 		
0x9D0000BC	0x3322FFFF  ANDI	R2, R25, 65535
0x9D0000C0	0x3C1EBF80  LUI	R30, 49024
0x9D0000C4	0xAFC26220  SW	R2, 25120(R30)
;__Lib_UART_123456.c, 386 :: 		
L_end_UART4_Write:
0x9D0000C8	0x03E00008  JR	RA
0x9D0000CC	0x27BD0004  ADDIU	SP, SP, 4
; end of _UART4_Write
_UART5_Write:
;__Lib_UART_123456.c, 494 :: 		
0x9D00033C	0x27BDFFFC  ADDIU	SP, SP, -4
;__Lib_UART_123456.c, 497 :: 		
L_UART5_Write79:
0x9D000340	0x3C1EBF80  LUI	R30, 49024
0x9D000344	0x93C26A11  LBU	R2, 27153(R30)
0x9D000348	0x7C420000  EXT	R2, R2, 0, 1
0x9D00034C	0x14400003  BNE	R2, R0, L_UART5_Write80
0x9D000350	0x70000000  NOP	
L__UART5_Write244:
0x9D000354	0x0B4000D0  J	L_UART5_Write79
0x9D000358	0x70000000  NOP	
L_UART5_Write80:
;__Lib_UART_123456.c, 498 :: 		
0x9D00035C	0x3322FFFF  ANDI	R2, R25, 65535
0x9D000360	0x3C1EBF80  LUI	R30, 49024
0x9D000364	0xAFC26A20  SW	R2, 27168(R30)
;__Lib_UART_123456.c, 499 :: 		
L_end_UART5_Write:
0x9D000368	0x03E00008  JR	RA
0x9D00036C	0x27BD0004  ADDIU	SP, SP, 4
; end of _UART5_Write
_UART6_Write:
;__Lib_UART_123456.c, 607 :: 		
0x9D000370	0x27BDFFFC  ADDIU	SP, SP, -4
;__Lib_UART_123456.c, 610 :: 		
L_UART6_Write98:
0x9D000374	0x3C1EBF80  LUI	R30, 49024
0x9D000378	0x93C26611  LBU	R2, 26129(R30)
0x9D00037C	0x7C420000  EXT	R2, R2, 0, 1
0x9D000380	0x14400003  BNE	R2, R0, L_UART6_Write99
0x9D000384	0x70000000  NOP	
L__UART6_Write267:
0x9D000388	0x0B4000DD  J	L_UART6_Write98
0x9D00038C	0x70000000  NOP	
L_UART6_Write99:
;__Lib_UART_123456.c, 611 :: 		
0x9D000390	0x3322FFFF  ANDI	R2, R25, 65535
0x9D000394	0x3C1EBF80  LUI	R30, 49024
0x9D000398	0xAFC26620  SW	R2, 26144(R30)
;__Lib_UART_123456.c, 612 :: 		
L_end_UART6_Write:
0x9D00039C	0x03E00008  JR	RA
0x9D0003A0	0x27BD0004  ADDIU	SP, SP, 4
; end of _UART6_Write
_applicationInit:
;Click_Slider2_PIC32.c, 42 :: 		void applicationInit()
0x9D0010C8	0x27BDFFF8  ADDIU	SP, SP, -8
0x9D0010CC	0xAFBF0000  SW	RA, 0(SP)
;Click_Slider2_PIC32.c, 44 :: 		slider2_gpioDriverInit( (T_SLIDER2_P)&_MIKROBUS1_GPIO );
0x9D0010D0	0xAFB90004  SW	R25, 4(SP)
0x9D0010D4	0x3C199D00  LUI	R25, hi_addr(__MIKROBUS1_GPIO+0)
0x9D0010D8	0x0F40036A  JAL	_slider2_gpioDriverInit+0
0x9D0010DC	0x373911B8  ORI	R25, R25, lo_addr(__MIKROBUS1_GPIO+0)
;Click_Slider2_PIC32.c, 45 :: 		slider2_enable(_SLIDER2_DEVICE_ENABLE);
0x9D0010E0	0x0F400371  JAL	_slider2_enable+0
0x9D0010E4	0x34190001  ORI	R25, R0, 1
;Click_Slider2_PIC32.c, 46 :: 		slider2_setReference(_SLIDER2_MAX_VOLTAGE_4_096V);
0x9D0010E8	0x0F400337  JAL	_slider2_setReference+0
0x9D0010EC	0x34190000  ORI	R25, R0, 0
;Click_Slider2_PIC32.c, 49 :: 		ADC1_Init();
0x9D0010F0	0x0F400323  JAL	_ADC1_Init+0
0x9D0010F4	0x70000000  NOP	
;Click_Slider2_PIC32.c, 51 :: 		Delay_100ms();
0x9D0010F8	0x0F40031C  JAL	_Delay_100ms+0
0x9D0010FC	0x70000000  NOP	
;Click_Slider2_PIC32.c, 52 :: 		}
L_end_applicationInit:
0x9D001100	0x8FB90004  LW	R25, 4(SP)
0x9D001104	0x8FBF0000  LW	RA, 0(SP)
0x9D001108	0x03E00008  JR	RA
0x9D00110C	0x27BD0008  ADDIU	SP, SP, 8
; end of _applicationInit
_slider2_gpioDriverInit:
;__slider2_Driver.c, 70 :: 		void slider2_gpioDriverInit(T_SLIDER2_P gpioObj)
0x9D000DA8	0x27BDFFFC  ADDIU	SP, SP, -4
0x9D000DAC	0xAFBF0000  SW	RA, 0(SP)
;__slider2_Driver.c, 72 :: 		hal_gpioMap( (T_HAL_P)gpioObj );
0x9D000DB0	0x0F4002E9  JAL	__slider2_Driver_hal_gpioMap+0
0x9D000DB4	0x70000000  NOP	
;__slider2_Driver.c, 73 :: 		}
L_end_slider2_gpioDriverInit:
0x9D000DB8	0x8FBF0000  LW	RA, 0(SP)
0x9D000DBC	0x03E00008  JR	RA
0x9D000DC0	0x27BD0004  ADDIU	SP, SP, 4
; end of _slider2_gpioDriverInit
__slider2_Driver_hal_gpioMap:
;__slider2_hal.c, 321 :: 		static void hal_gpioMap(T_HAL_P gpioObj)
;__slider2_hal.c, 365 :: 		hal_gpio_csSet = tmp->gpioSet[ __CS_PIN_OUTPUT__ ];
0x9D000BA4	0x27220008  ADDIU	R2, R25, 8
0x9D000BA8	0x8C420000  LW	R2, 0(R2)
0x9D000BAC	0xAC228094  SW	R2, Offset(__slider2_Driver_hal_gpio_csSet+0)(GP)
;__slider2_hal.c, 380 :: 		hal_gpio_pwmSet = tmp->gpioSet[ __PWM_PIN_OUTPUT__ ];
0x9D000BB0	0x27220018  ADDIU	R2, R25, 24
0x9D000BB4	0x8C420000  LW	R2, 0(R2)
0x9D000BB8	0xAC228090  SW	R2, Offset(__slider2_Driver_hal_gpio_pwmSet+0)(GP)
;__slider2_hal.c, 397 :: 		}
L_end_hal_gpioMap:
0x9D000BBC	0x03E00008  JR	RA
0x9D000BC0	0x70000000  NOP	
; end of __slider2_Driver_hal_gpioMap
_slider2_enable:
;__slider2_Driver.c, 77 :: 		void slider2_enable(uint8_t state)
0x9D000DC4	0x27BDFFFC  ADDIU	SP, SP, -4
0x9D000DC8	0xAFBF0000  SW	RA, 0(SP)
;__slider2_Driver.c, 79 :: 		hal_gpio_csSet(state);
0x9D000DCC	0x8C3E8094  LW	R30, Offset(__slider2_Driver_hal_gpio_csSet+0)(GP)
0x9D000DD0	0x03C0F809  JALR	RA, R30
0x9D000DD4	0x70000000  NOP	
;__slider2_Driver.c, 80 :: 		}
L_end_slider2_enable:
0x9D000DD8	0x8FBF0000  LW	RA, 0(SP)
0x9D000DDC	0x03E00008  JR	RA
0x9D000DE0	0x27BD0004  ADDIU	SP, SP, 4
; end of _slider2_enable
easypicfusion_v7_P32MX795F512L__setAN_1:
;__epf_32mx795f512l_gpio.c, 43 :: 		static void _setAN_1  (uint8_t value) 	{ LATB8_bit  = value; }
0x9D000B50	0x3C1EBF88  LUI	R30, 49032
0x9D000B54	0x83C26061  LB	R2, 24673(R30)
0x9D000B58	0x7F220004  INS	R2, R25, 0, 1
0x9D000B5C	0x3C1EBF88  LUI	R30, 49032
0x9D000B60	0xA3C26061  SB	R2, 24673(R30)
L_end__setAN_1:
0x9D000B64	0x03E00008  JR	RA
0x9D000B68	0x70000000  NOP	
; end of easypicfusion_v7_P32MX795F512L__setAN_1
easypicfusion_v7_P32MX795F512L__setRST_1:
;__epf_32mx795f512l_gpio.c, 44 :: 		static void _setRST_1 (uint8_t value) 	{ LATC1_bit  = value; }
0x9D000B6C	0x3C1EBF88  LUI	R30, 49032
0x9D000B70	0x83C260A0  LB	R2, 24736(R30)
0x9D000B74	0x7F220844  INS	R2, R25, 1, 1
0x9D000B78	0x3C1EBF88  LUI	R30, 49032
0x9D000B7C	0xA3C260A0  SB	R2, 24736(R30)
L_end__setRST_1:
0x9D000B80	0x03E00008  JR	RA
0x9D000B84	0x70000000  NOP	
; end of easypicfusion_v7_P32MX795F512L__setRST_1
easypicfusion_v7_P32MX795F512L__setCS_1:
;__epf_32mx795f512l_gpio.c, 45 :: 		static void _setCS_1  (uint8_t value) 	{ LATC2_bit  = value; }
0x9D000B88	0x3C1EBF88  LUI	R30, 49032
0x9D000B8C	0x83C260A0  LB	R2, 24736(R30)
0x9D000B90	0x7F221084  INS	R2, R25, 2, 1
0x9D000B94	0x3C1EBF88  LUI	R30, 49032
0x9D000B98	0xA3C260A0  SB	R2, 24736(R30)
L_end__setCS_1:
0x9D000B9C	0x03E00008  JR	RA
0x9D000BA0	0x70000000  NOP	
; end of easypicfusion_v7_P32MX795F512L__setCS_1
easypicfusion_v7_P32MX795F512L__setSCK_1:
;__epf_32mx795f512l_gpio.c, 46 :: 		static void _setSCK_1 (uint8_t value) 	{ LATD15_bit = value; }
0x9D000654	0x3C1EBF88  LUI	R30, 49032
0x9D000658	0x83C260E1  LB	R2, 24801(R30)
0x9D00065C	0x7F2239C4  INS	R2, R25, 7, 1
0x9D000660	0x3C1EBF88  LUI	R30, 49032
0x9D000664	0xA3C260E1  SB	R2, 24801(R30)
L_end__setSCK_1:
0x9D000668	0x03E00008  JR	RA
0x9D00066C	0x70000000  NOP	
; end of easypicfusion_v7_P32MX795F512L__setSCK_1
easypicfusion_v7_P32MX795F512L__setMISO_1:
;__epf_32mx795f512l_gpio.c, 47 :: 		static void _setMISO_1(uint8_t value) 	{ LATF2_bit  = value; }
0x9D0003DC	0x3C1EBF88  LUI	R30, 49032
0x9D0003E0	0x83C26160  LB	R2, 24928(R30)
0x9D0003E4	0x7F221084  INS	R2, R25, 2, 1
0x9D0003E8	0x3C1EBF88  LUI	R30, 49032
0x9D0003EC	0xA3C26160  SB	R2, 24928(R30)
L_end__setMISO_1:
0x9D0003F0	0x03E00008  JR	RA
0x9D0003F4	0x70000000  NOP	
; end of easypicfusion_v7_P32MX795F512L__setMISO_1
easypicfusion_v7_P32MX795F512L__setMOSI_1:
;__epf_32mx795f512l_gpio.c, 48 :: 		static void _setMOSI_1(uint8_t value) 	{ LATF8_bit  = value; }
0x9D0003C0	0x3C1EBF88  LUI	R30, 49032
0x9D0003C4	0x83C26161  LB	R2, 24929(R30)
0x9D0003C8	0x7F220004  INS	R2, R25, 0, 1
0x9D0003CC	0x3C1EBF88  LUI	R30, 49032
0x9D0003D0	0xA3C26161  SB	R2, 24929(R30)
L_end__setMOSI_1:
0x9D0003D4	0x03E00008  JR	RA
0x9D0003D8	0x70000000  NOP	
; end of easypicfusion_v7_P32MX795F512L__setMOSI_1
easypicfusion_v7_P32MX795F512L__setPWM_1:
;__epf_32mx795f512l_gpio.c, 49 :: 		static void _setPWM_1 (uint8_t value) 	{ LATD0_bit  = value; }
0x9D0003A4	0x3C1EBF88  LUI	R30, 49032
0x9D0003A8	0x83C260E0  LB	R2, 24800(R30)
0x9D0003AC	0x7F220004  INS	R2, R25, 0, 1
0x9D0003B0	0x3C1EBF88  LUI	R30, 49032
0x9D0003B4	0xA3C260E0  SB	R2, 24800(R30)
L_end__setPWM_1:
0x9D0003B8	0x03E00008  JR	RA
0x9D0003BC	0x70000000  NOP	
; end of easypicfusion_v7_P32MX795F512L__setPWM_1
easypicfusion_v7_P32MX795F512L__setINT_1:
;__epf_32mx795f512l_gpio.c, 50 :: 		static void _setINT_1 (uint8_t value) 	{ LATE8_bit  = value; }
0x9D0003F8	0x3C1EBF88  LUI	R30, 49032
0x9D0003FC	0x83C26121  LB	R2, 24865(R30)
0x9D000400	0x7F220004  INS	R2, R25, 0, 1
0x9D000404	0x3C1EBF88  LUI	R30, 49032
0x9D000408	0xA3C26121  SB	R2, 24865(R30)
L_end__setINT_1:
0x9D00040C	0x03E00008  JR	RA
0x9D000410	0x70000000  NOP	
; end of easypicfusion_v7_P32MX795F512L__setINT_1
easypicfusion_v7_P32MX795F512L__setRX_1:
;__epf_32mx795f512l_gpio.c, 51 :: 		static void _setRX_1  (uint8_t value) 	{ LATF4_bit  = value; }
0x9D00044C	0x3C1EBF88  LUI	R30, 49032
0x9D000450	0x83C26160  LB	R2, 24928(R30)
0x9D000454	0x7F222104  INS	R2, R25, 4, 1
0x9D000458	0x3C1EBF88  LUI	R30, 49032
0x9D00045C	0xA3C26160  SB	R2, 24928(R30)
L_end__setRX_1:
0x9D000460	0x03E00008  JR	RA
0x9D000464	0x70000000  NOP	
; end of easypicfusion_v7_P32MX795F512L__setRX_1
easypicfusion_v7_P32MX795F512L__setTX_1:
;__epf_32mx795f512l_gpio.c, 52 :: 		static void _setTX_1  (uint8_t value) 	{ LATF5_bit  = value; }
0x9D000430	0x3C1EBF88  LUI	R30, 49032
0x9D000434	0x83C26160  LB	R2, 24928(R30)
0x9D000438	0x7F222944  INS	R2, R25, 5, 1
0x9D00043C	0x3C1EBF88  LUI	R30, 49032
0x9D000440	0xA3C26160  SB	R2, 24928(R30)
L_end__setTX_1:
0x9D000444	0x03E00008  JR	RA
0x9D000448	0x70000000  NOP	
; end of easypicfusion_v7_P32MX795F512L__setTX_1
easypicfusion_v7_P32MX795F512L__setSCL_1:
;__epf_32mx795f512l_gpio.c, 53 :: 		static void _setSCL_1 (uint8_t value) 	{ LATA2_bit  = value; }
0x9D000414	0x3C1EBF88  LUI	R30, 49032
0x9D000418	0x83C26020  LB	R2, 24608(R30)
0x9D00041C	0x7F221084  INS	R2, R25, 2, 1
0x9D000420	0x3C1EBF88  LUI	R30, 49032
0x9D000424	0xA3C26020  SB	R2, 24608(R30)
L_end__setSCL_1:
0x9D000428	0x03E00008  JR	RA
0x9D00042C	0x70000000  NOP	
; end of easypicfusion_v7_P32MX795F512L__setSCL_1
easypicfusion_v7_P32MX795F512L__setSDA_1:
;__epf_32mx795f512l_gpio.c, 54 :: 		static void _setSDA_1 (uint8_t value) 	{ LATA3_bit  = value; }
0x9D000468	0x3C1EBF88  LUI	R30, 49032
0x9D00046C	0x83C26020  LB	R2, 24608(R30)
0x9D000470	0x7F2218C4  INS	R2, R25, 3, 1
0x9D000474	0x3C1EBF88  LUI	R30, 49032
0x9D000478	0xA3C26020  SB	R2, 24608(R30)
L_end__setSDA_1:
0x9D00047C	0x03E00008  JR	RA
0x9D000480	0x70000000  NOP	
; end of easypicfusion_v7_P32MX795F512L__setSDA_1
easypicfusion_v7_P32MX795F512L__setAN_2:
;__epf_32mx795f512l_gpio.c, 68 :: 		static void _setAN_2  (uint8_t value)   { LATB9_bit  = value; }
0x9D0005E4	0x3C1EBF88  LUI	R30, 49032
0x9D0005E8	0x83C26061  LB	R2, 24673(R30)
0x9D0005EC	0x7F220844  INS	R2, R25, 1, 1
0x9D0005F0	0x3C1EBF88  LUI	R30, 49032
0x9D0005F4	0xA3C26061  SB	R2, 24673(R30)
L_end__setAN_2:
0x9D0005F8	0x03E00008  JR	RA
0x9D0005FC	0x70000000  NOP	
; end of easypicfusion_v7_P32MX795F512L__setAN_2
easypicfusion_v7_P32MX795F512L__setRST_2:
;__epf_32mx795f512l_gpio.c, 69 :: 		static void _setRST_2 (uint8_t value)   { LATC3_bit  = value; }
0x9D0005C8	0x3C1EBF88  LUI	R30, 49032
0x9D0005CC	0x83C260A0  LB	R2, 24736(R30)
0x9D0005D0	0x7F2218C4  INS	R2, R25, 3, 1
0x9D0005D4	0x3C1EBF88  LUI	R30, 49032
0x9D0005D8	0xA3C260A0  SB	R2, 24736(R30)
L_end__setRST_2:
0x9D0005DC	0x03E00008  JR	RA
0x9D0005E0	0x70000000  NOP	
; end of easypicfusion_v7_P32MX795F512L__setRST_2
easypicfusion_v7_P32MX795F512L__setCS_2:
;__epf_32mx795f512l_gpio.c, 70 :: 		static void _setCS_2  (uint8_t value)   { LATC4_bit  = value; }
0x9D0005AC	0x3C1EBF88  LUI	R30, 49032
0x9D0005B0	0x83C260A0  LB	R2, 24736(R30)
0x9D0005B4	0x7F222104  INS	R2, R25, 4, 1
0x9D0005B8	0x3C1EBF88  LUI	R30, 49032
0x9D0005BC	0xA3C260A0  SB	R2, 24736(R30)
L_end__setCS_2:
0x9D0005C0	0x03E00008  JR	RA
0x9D0005C4	0x70000000  NOP	
; end of easypicfusion_v7_P32MX795F512L__setCS_2
easypicfusion_v7_P32MX795F512L__setSCK_2:
;__epf_32mx795f512l_gpio.c, 71 :: 		static void _setSCK_2 (uint8_t value)   { LATD15_bit = value; }
0x9D000638	0x3C1EBF88  LUI	R30, 49032
0x9D00063C	0x83C260E1  LB	R2, 24801(R30)
0x9D000640	0x7F2239C4  INS	R2, R25, 7, 1
0x9D000644	0x3C1EBF88  LUI	R30, 49032
0x9D000648	0xA3C260E1  SB	R2, 24801(R30)
L_end__setSCK_2:
0x9D00064C	0x03E00008  JR	RA
0x9D000650	0x70000000  NOP	
; end of easypicfusion_v7_P32MX795F512L__setSCK_2
easypicfusion_v7_P32MX795F512L__setMISO_2:
;__epf_32mx795f512l_gpio.c, 72 :: 		static void _setMISO_2(uint8_t value)   { LATF2_bit  = value; }
0x9D00061C	0x3C1EBF88  LUI	R30, 49032
0x9D000620	0x83C26160  LB	R2, 24928(R30)
0x9D000624	0x7F221084  INS	R2, R25, 2, 1
0x9D000628	0x3C1EBF88  LUI	R30, 49032
0x9D00062C	0xA3C26160  SB	R2, 24928(R30)
L_end__setMISO_2:
0x9D000630	0x03E00008  JR	RA
0x9D000634	0x70000000  NOP	
; end of easypicfusion_v7_P32MX795F512L__setMISO_2
easypicfusion_v7_P32MX795F512L__setMOSI_2:
;__epf_32mx795f512l_gpio.c, 73 :: 		static void _setMOSI_2(uint8_t value)   { LATF8_bit  = value; }
0x9D000600	0x3C1EBF88  LUI	R30, 49032
0x9D000604	0x83C26161  LB	R2, 24929(R30)
0x9D000608	0x7F220004  INS	R2, R25, 0, 1
0x9D00060C	0x3C1EBF88  LUI	R30, 49032
0x9D000610	0xA3C26161  SB	R2, 24929(R30)
L_end__setMOSI_2:
0x9D000614	0x03E00008  JR	RA
0x9D000618	0x70000000  NOP	
; end of easypicfusion_v7_P32MX795F512L__setMOSI_2
easypicfusion_v7_P32MX795F512L__setPWM_2:
;__epf_32mx795f512l_gpio.c, 74 :: 		static void _setPWM_2 (uint8_t value)   { LATD1_bit  = value; }
0x9D000590	0x3C1EBF88  LUI	R30, 49032
0x9D000594	0x83C260E0  LB	R2, 24800(R30)
0x9D000598	0x7F220844  INS	R2, R25, 1, 1
0x9D00059C	0x3C1EBF88  LUI	R30, 49032
0x9D0005A0	0xA3C260E0  SB	R2, 24800(R30)
L_end__setPWM_2:
0x9D0005A4	0x03E00008  JR	RA
0x9D0005A8	0x70000000  NOP	
; end of easypicfusion_v7_P32MX795F512L__setPWM_2
easypicfusion_v7_P32MX795F512L__setINT_2:
;__epf_32mx795f512l_gpio.c, 75 :: 		static void _setINT_2 (uint8_t value)   { LATE9_bit  = value; }
0x9D0004BC	0x3C1EBF88  LUI	R30, 49032
0x9D0004C0	0x83C26121  LB	R2, 24865(R30)
0x9D0004C4	0x7F220844  INS	R2, R25, 1, 1
0x9D0004C8	0x3C1EBF88  LUI	R30, 49032
0x9D0004CC	0xA3C26121  SB	R2, 24865(R30)
L_end__setINT_2:
0x9D0004D0	0x03E00008  JR	RA
0x9D0004D4	0x70000000  NOP	
; end of easypicfusion_v7_P32MX795F512L__setINT_2
easypicfusion_v7_P32MX795F512L__setRX_2:
;__epf_32mx795f512l_gpio.c, 76 :: 		static void _setRX_2  (uint8_t value)   { LATF12_bit = value; }
0x9D0004A0	0x3C1EBF88  LUI	R30, 49032
0x9D0004A4	0x83C26161  LB	R2, 24929(R30)
0x9D0004A8	0x7F222104  INS	R2, R25, 4, 1
0x9D0004AC	0x3C1EBF88  LUI	R30, 49032
0x9D0004B0	0xA3C26161  SB	R2, 24929(R30)
L_end__setRX_2:
0x9D0004B4	0x03E00008  JR	RA
0x9D0004B8	0x70000000  NOP	
; end of easypicfusion_v7_P32MX795F512L__setRX_2
easypicfusion_v7_P32MX795F512L__setTX_2:
;__epf_32mx795f512l_gpio.c, 77 :: 		static void _setTX_2  (uint8_t value)   { LATF13_bit = value; }
0x9D000484	0x3C1EBF88  LUI	R30, 49032
0x9D000488	0x83C26161  LB	R2, 24929(R30)
0x9D00048C	0x7F222944  INS	R2, R25, 5, 1
0x9D000490	0x3C1EBF88  LUI	R30, 49032
0x9D000494	0xA3C26161  SB	R2, 24929(R30)
L_end__setTX_2:
0x9D000498	0x03E00008  JR	RA
0x9D00049C	0x70000000  NOP	
; end of easypicfusion_v7_P32MX795F512L__setTX_2
easypicfusion_v7_P32MX795F512L__setSCL_2:
;__epf_32mx795f512l_gpio.c, 78 :: 		static void _setSCL_2 (uint8_t value)   { LATA2_bit  = value; }
0x9D000574	0x3C1EBF88  LUI	R30, 49032
0x9D000578	0x83C26020  LB	R2, 24608(R30)
0x9D00057C	0x7F221084  INS	R2, R25, 2, 1
0x9D000580	0x3C1EBF88  LUI	R30, 49032
0x9D000584	0xA3C26020  SB	R2, 24608(R30)
L_end__setSCL_2:
0x9D000588	0x03E00008  JR	RA
0x9D00058C	0x70000000  NOP	
; end of easypicfusion_v7_P32MX795F512L__setSCL_2
easypicfusion_v7_P32MX795F512L__setSDA_2:
;__epf_32mx795f512l_gpio.c, 79 :: 		static void _setSDA_2 (uint8_t value)   { LATA3_bit  = value; }
0x9D000558	0x3C1EBF88  LUI	R30, 49032
0x9D00055C	0x83C26020  LB	R2, 24608(R30)
0x9D000560	0x7F2218C4  INS	R2, R25, 3, 1
0x9D000564	0x3C1EBF88  LUI	R30, 49032
0x9D000568	0xA3C26020  SB	R2, 24608(R30)
L_end__setSDA_2:
0x9D00056C	0x03E00008  JR	RA
0x9D000570	0x70000000  NOP	
; end of easypicfusion_v7_P32MX795F512L__setSDA_2
_slider2_setReference:
;__slider2_Driver.c, 82 :: 		void slider2_setReference(uint8_t ref)
0x9D000CDC	0x27BDFFFC  ADDIU	SP, SP, -4
0x9D000CE0	0xAFBF0000  SW	RA, 0(SP)
;__slider2_Driver.c, 84 :: 		hal_gpio_pwmSet(ref);
0x9D000CE4	0x8C3E8090  LW	R30, Offset(__slider2_Driver_hal_gpio_pwmSet+0)(GP)
0x9D000CE8	0x03C0F809  JALR	RA, R30
0x9D000CEC	0x70000000  NOP	
;__slider2_Driver.c, 85 :: 		}
L_end_slider2_setReference:
0x9D000CF0	0x8FBF0000  LW	RA, 0(SP)
0x9D000CF4	0x03E00008  JR	RA
0x9D000CF8	0x27BD0004  ADDIU	SP, SP, 4
; end of _slider2_setReference
_ADC1_Init:
;__Lib_ADC.c, 10 :: 		
0x9D000C8C	0x27BDFFFC  ADDIU	SP, SP, -4
;__Lib_ADC.c, 11 :: 		
0x9D000C90	0x3C029D00  LUI	R2, hi_addr(_ADC1_Get_Sample+0)
0x9D000C94	0x344204D8  ORI	R2, R2, lo_addr(_ADC1_Get_Sample+0)
0x9D000C98	0xAC2280A0  SW	R2, Offset(_ADC_Get_Sample_Ptr+0)(GP)
;__Lib_ADC.c, 13 :: 		
0x9D000C9C	0x340200E0  ORI	R2, R0, 224
0x9D000CA0	0x3C1EBF81  LUI	R30, 49025
0x9D000CA4	0xAFC29000  SW	R2, -28672(R30)
;__Lib_ADC.c, 14 :: 		
0x9D000CA8	0x70000000  NOP	
;__Lib_ADC.c, 15 :: 		
0x9D000CAC	0x3C1EBF81  LUI	R30, 49025
0x9D000CB0	0xAFC09010  SW	R0, -28656(R30)
;__Lib_ADC.c, 17 :: 		
0x9D000CB4	0x34021FFF  ORI	R2, R0, 8191
0x9D000CB8	0x3C1EBF81  LUI	R30, 49025
0x9D000CBC	0xAFC29020  SW	R2, -28640(R30)
;__Lib_ADC.c, 18 :: 		
0x9D000CC0	0x3C1EBF81  LUI	R30, 49025
0x9D000CC4	0xAFC09050  SW	R0, -28592(R30)
;__Lib_ADC.c, 19 :: 		
0x9D000CC8	0x34028000  ORI	R2, R0, 32768
0x9D000CCC	0x3C1EBF81  LUI	R30, 49025
0x9D000CD0	0xAFC29008  SW	R2, -28664(R30)
;__Lib_ADC.c, 20 :: 		
L_end_ADC1_Init:
0x9D000CD4	0x03E00008  JR	RA
0x9D000CD8	0x27BD0004  ADDIU	SP, SP, 4
; end of _ADC1_Init
_Delay_100ms:
;__Lib_Delays.c, 46 :: 		void Delay_100ms() {
;__Lib_Delays.c, 47 :: 		Delay_ms(100);
0x9D000C70	0x3C180028  LUI	R24, 40
0x9D000C74	0x3718B0AA  ORI	R24, R24, 45226
L_Delay_100ms20:
0x9D000C78	0x2718FFFF  ADDIU	R24, R24, -1
0x9D000C7C	0x1700FFFE  BNE	R24, R0, L_Delay_100ms20
0x9D000C80	0x70000000  NOP	
;__Lib_Delays.c, 48 :: 		}
L_end_Delay_100ms:
0x9D000C84	0x03E00008  JR	RA
0x9D000C88	0x70000000  NOP	
; end of _Delay_100ms
_applicationTask:
;Click_Slider2_PIC32.c, 54 :: 		void applicationTask()
0x9D000FCC	0x27BDFFF4  ADDIU	SP, SP, -12
0x9D000FD0	0xAFBF0000  SW	RA, 0(SP)
;Click_Slider2_PIC32.c, 56 :: 		sliderValue = ADC1_Read(8);
0x9D000FD4	0xAFB90004  SW	R25, 4(SP)
0x9D000FD8	0xAFBA0008  SW	R26, 8(SP)
0x9D000FDC	0x0F4002F1  JAL	_ADC1_Read+0
0x9D000FE0	0x34190008  ORI	R25, R0, 8
0x9D000FE4	0x3042FFFF  ANDI	R2, R2, 65535
0x9D000FE8	0xAC228028  SW	R2, Offset(_sliderValue+0)(GP)
;Click_Slider2_PIC32.c, 58 :: 		WordToHex(sliderValue, demoText);
0x9D000FEC	0x3C1AA000  LUI	R26, hi_addr(_demoText+0)
0x9D000FF0	0x375A002C  ORI	R26, R26, lo_addr(_demoText+0)
0x9D000FF4	0x0F400379  JAL	_WordToHex+0
0x9D000FF8	0x8C398028  LW	R25, Offset(_sliderValue+0)(GP)
;Click_Slider2_PIC32.c, 59 :: 		mikrobus_logWrite(" Slider value : 0x", _LOG_TEXT);
0x9D000FFC	0x341A0001  ORI	R26, R0, 1
0x9D001000	0x3C19A000  LUI	R25, hi_addr(?lstr2_Click_Slider2_PIC32+0)
0x9D001004	0x0F4003A7  JAL	_mikrobus_logWrite+0
0x9D001008	0x37390000  ORI	R25, R25, lo_addr(?lstr2_Click_Slider2_PIC32+0)
;Click_Slider2_PIC32.c, 60 :: 		mikrobus_logWrite(demoText, _LOG_LINE);
0x9D00100C	0x341A0002  ORI	R26, R0, 2
0x9D001010	0x3C19A000  LUI	R25, hi_addr(_demoText+0)
0x9D001014	0x0F4003A7  JAL	_mikrobus_logWrite+0
0x9D001018	0x3739002C  ORI	R25, R25, lo_addr(_demoText+0)
;Click_Slider2_PIC32.c, 61 :: 		Delay_ms( 500 );
0x9D00101C	0x3C1800CB  LUI	R24, 203
0x9D001020	0x37187354  ORI	R24, R24, 29524
L_applicationTask2:
0x9D001024	0x2718FFFF  ADDIU	R24, R24, -1
0x9D001028	0x1700FFFE  BNE	R24, R0, L_applicationTask2
0x9D00102C	0x70000000  NOP	
0x9D001030	0x70000000  NOP	
0x9D001034	0x70000000  NOP	
;Click_Slider2_PIC32.c, 62 :: 		}
L_end_applicationTask:
0x9D001038	0x8FBA0008  LW	R26, 8(SP)
0x9D00103C	0x8FB90004  LW	R25, 4(SP)
0x9D001040	0x8FBF0000  LW	RA, 0(SP)
0x9D001044	0x03E00008  JR	RA
0x9D001048	0x27BD000C  ADDIU	SP, SP, 12
; end of _applicationTask
_ADC1_Read:
;__Lib_ADC.c, 47 :: 		
0x9D000BC4	0x27BDFFFC  ADDIU	SP, SP, -4
0x9D000BC8	0xAFBF0000  SW	RA, 0(SP)
;__Lib_ADC.c, 49 :: 		
0x9D000BCC	0x0F400323  JAL	_ADC1_Init+0
0x9D000BD0	0x70000000  NOP	
;__Lib_ADC.c, 50 :: 		
0x9D000BD4	0x0F400136  JAL	_ADC1_Get_Sample+0
0x9D000BD8	0x70000000  NOP	
;__Lib_ADC.c, 51 :: 		
0x9D000BDC	0x34038000  ORI	R3, R0, 32768
0x9D000BE0	0x3C1EBF81  LUI	R30, 49025
0x9D000BE4	0xAFC39004  SW	R3, -28668(R30)
;__Lib_ADC.c, 52 :: 		
;__Lib_ADC.c, 53 :: 		
L_end_ADC1_Read:
0x9D000BE8	0x8FBF0000  LW	RA, 0(SP)
0x9D000BEC	0x03E00008  JR	RA
0x9D000BF0	0x27BD0004  ADDIU	SP, SP, 4
; end of _ADC1_Read
_ADC1_Get_Sample:
;__Lib_ADC.c, 34 :: 		
0x9D0004D8	0x27BDFFFC  ADDIU	SP, SP, -4
;__Lib_ADC.c, 36 :: 		
0x9D0004DC	0x3323FFFF  ANDI	R3, R25, 65535
0x9D0004E0	0x34020001  ORI	R2, R0, 1
0x9D0004E4	0x00621004  SLLV	R2, R2, R3
0x9D0004E8	0x00401027  NOR	R2, R2, R0
0x9D0004EC	0x7C021E20  SEH	R3, R2
0x9D0004F0	0x3C1EBF81  LUI	R30, 49025
0x9D0004F4	0x8FC29060  LW	R2, -28576(R30)
0x9D0004F8	0x00431024  AND	R2, R2, R3
0x9D0004FC	0x3C1EBF81  LUI	R30, 49025
0x9D000500	0xAFC29060  SW	R2, -28576(R30)
;__Lib_ADC.c, 37 :: 		
0x9D000504	0x3322FFFF  ANDI	R2, R25, 65535
0x9D000508	0x00021400  SLL	R2, R2, 16
0x9D00050C	0x3C1EBF81  LUI	R30, 49025
0x9D000510	0xAFC29040  SW	R2, -28608(R30)
;__Lib_ADC.c, 39 :: 		
0x9D000514	0x34020002  ORI	R2, R0, 2
0x9D000518	0x3C1EBF81  LUI	R30, 49025
0x9D00051C	0xAFC29008  SW	R2, -28664(R30)
;__Lib_ADC.c, 40 :: 		
L_ADC1_Get_Sample0:
0x9D000520	0x3C1EBF81  LUI	R30, 49025
0x9D000524	0x93C29000  LBU	R2, -28672(R30)
0x9D000528	0x7C420000  EXT	R2, R2, 0, 1
0x9D00052C	0x14400003  BNE	R2, R0, L_ADC1_Get_Sample1
0x9D000530	0x70000000  NOP	
L__ADC1_Get_Sample5:
;__Lib_ADC.c, 41 :: 		
0x9D000534	0x0B400148  J	L_ADC1_Get_Sample0
0x9D000538	0x70000000  NOP	
L_ADC1_Get_Sample1:
;__Lib_ADC.c, 42 :: 		
0x9D00053C	0x34020001  ORI	R2, R0, 1
0x9D000540	0x3C1EBF81  LUI	R30, 49025
0x9D000544	0xAFC29004  SW	R2, -28668(R30)
;__Lib_ADC.c, 44 :: 		
0x9D000548	0x3C1EBF81  LUI	R30, 49025
0x9D00054C	0x8FC29070  LW	R2, -28560(R30)
;__Lib_ADC.c, 45 :: 		
L_end_ADC1_Get_Sample:
0x9D000550	0x03E00008  JR	RA
0x9D000554	0x27BD0004  ADDIU	SP, SP, 4
; end of _ADC1_Get_Sample
_WordToHex:
;__Lib_Conversions.c, 17 :: 		
0x9D000DE4	0x27BDFFF8  ADDIU	SP, SP, -8
0x9D000DE8	0xA7B90004  SH	R25, 4(SP)
;__Lib_Conversions.c, 18 :: 		
0x9D000DEC	0x27A50004  ADDIU	R5, SP, 4
0x9D000DF0	0x24A20001  ADDIU	R2, R5, 1
0x9D000DF4	0x90420000  LBU	R2, 0(R2)
0x9D000DF8	0x304200FF  ANDI	R2, R2, 255
0x9D000DFC	0x00021102  SRL	R2, R2, 4
0x9D000E00	0x304300FF  ANDI	R3, R2, 255
0x9D000E04	0x3C029D00  LUI	R2, hi_addr(__Lib_Conversions_Digits+0)
0x9D000E08	0x3442123F  ORI	R2, R2, lo_addr(__Lib_Conversions_Digits+0)
0x9D000E0C	0x00431021  ADDU	R2, R2, R3
0x9D000E10	0x90420000  LBU	R2, 0(R2)
0x9D000E14	0xA3420000  SB	R2, 0(R26)
;__Lib_Conversions.c, 19 :: 		
0x9D000E18	0x27440001  ADDIU	R4, R26, 1
0x9D000E1C	0x24A20001  ADDIU	R2, R5, 1
0x9D000E20	0x90420000  LBU	R2, 0(R2)
0x9D000E24	0x3042000F  ANDI	R2, R2, 15
0x9D000E28	0x304300FF  ANDI	R3, R2, 255
0x9D000E2C	0x3C029D00  LUI	R2, hi_addr(__Lib_Conversions_Digits+0)
0x9D000E30	0x3442123F  ORI	R2, R2, lo_addr(__Lib_Conversions_Digits+0)
0x9D000E34	0x00431021  ADDU	R2, R2, R3
0x9D000E38	0x90420000  LBU	R2, 0(R2)
0x9D000E3C	0xA0820000  SB	R2, 0(R4)
;__Lib_Conversions.c, 20 :: 		
0x9D000E40	0x27440002  ADDIU	R4, R26, 2
0x9D000E44	0x90A20000  LBU	R2, 0(R5)
0x9D000E48	0x304200FF  ANDI	R2, R2, 255
0x9D000E4C	0x00021102  SRL	R2, R2, 4
0x9D000E50	0x304300FF  ANDI	R3, R2, 255
0x9D000E54	0x3C029D00  LUI	R2, hi_addr(__Lib_Conversions_Digits+0)
0x9D000E58	0x3442123F  ORI	R2, R2, lo_addr(__Lib_Conversions_Digits+0)
0x9D000E5C	0x00431021  ADDU	R2, R2, R3
0x9D000E60	0x90420000  LBU	R2, 0(R2)
0x9D000E64	0xA0820000  SB	R2, 0(R4)
;__Lib_Conversions.c, 21 :: 		
0x9D000E68	0x27440003  ADDIU	R4, R26, 3
0x9D000E6C	0x90A20000  LBU	R2, 0(R5)
0x9D000E70	0x3042000F  ANDI	R2, R2, 15
0x9D000E74	0x304300FF  ANDI	R3, R2, 255
0x9D000E78	0x3C029D00  LUI	R2, hi_addr(__Lib_Conversions_Digits+0)
0x9D000E7C	0x3442123F  ORI	R2, R2, lo_addr(__Lib_Conversions_Digits+0)
0x9D000E80	0x00431021  ADDU	R2, R2, R3
0x9D000E84	0x90420000  LBU	R2, 0(R2)
0x9D000E88	0xA0820000  SB	R2, 0(R4)
;__Lib_Conversions.c, 22 :: 		
0x9D000E8C	0x27420004  ADDIU	R2, R26, 4
0x9D000E90	0xA0400000  SB	R0, 0(R2)
;__Lib_Conversions.c, 23 :: 		
L_end_WordToHex:
0x9D000E94	0x03E00008  JR	RA
0x9D000E98	0x27BD0008  ADDIU	SP, SP, 8
; end of _WordToHex
___BootStartUp:
;__Lib_System.c, 68 :: 		
0xBFC00000	0x27BDFFFC  ADDIU	SP, SP, -4
;__Lib_System.c, 72 :: 		
0xBFC00004	0x70000000  NOP	
;__Lib_System.c, 73 :: 		
0xBFC00008	0x70000000  NOP	
;__Lib_System.c, 74 :: 		
0xBFC0000C	0x70000000  NOP	
;__Lib_System.c, 75 :: 		
0xBFC00010	0x70000000  NOP	
;__Lib_System.c, 76 :: 		
0xBFC00014	0x70000000  NOP	
;__Lib_System.c, 77 :: 		
0xBFC00018	0x70000000  NOP	
;__Lib_System.c, 78 :: 		
0xBFC0001C	0x70000000  NOP	
;__Lib_System.c, 79 :: 		
0xBFC00020	0x70000000  NOP	
;__Lib_System.c, 80 :: 		
0xBFC00024	0x70000000  NOP	
;__Lib_System.c, 81 :: 		
0xBFC00028	0x70000000  NOP	
;__Lib_System.c, 82 :: 		
0xBFC0002C	0x70000000  NOP	
;__Lib_System.c, 83 :: 		
0xBFC00030	0x70000000  NOP	
;__Lib_System.c, 84 :: 		
0xBFC00034	0x70000000  NOP	
;__Lib_System.c, 85 :: 		
0xBFC00038	0x70000000  NOP	
;__Lib_System.c, 86 :: 		
0xBFC0003C	0x70000000  NOP	
;__Lib_System.c, 87 :: 		
0xBFC00040	0x70000000  NOP	
;__Lib_System.c, 88 :: 		
0xBFC00044	0x70000000  NOP	
;__Lib_System.c, 89 :: 		
0xBFC00048	0x70000000  NOP	
;__Lib_System.c, 90 :: 		
0xBFC0004C	0x70000000  NOP	
;__Lib_System.c, 91 :: 		
0xBFC00050	0x70000000  NOP	
;__Lib_System.c, 94 :: 		
0xBFC00054	0x3C1DA001  LUI	SP, 40961
0xBFC00058	0x37BDFFFC  ORI	SP, SP, 65532
;__Lib_System.c, 95 :: 		
0xBFC0005C	0x3C01A000  LUI	GP, 40960
0xBFC00060	0x34218000  ORI	GP, GP, 32768
;__Lib_System.c, 99 :: 		
0xBFC00064	0x401E6002  MFC0	R30, 12, 2
;__Lib_System.c, 100 :: 		
0xBFC00068	0x03C0E00A  MOVZ	R28, R30, R0
;__Lib_System.c, 101 :: 		
0xBFC0006C	0x7FDB1E80  EXT	R27, R30, 26, 4
;__Lib_System.c, 102 :: 		
0xBFC00070	0x7F7E4984  INS	R30, R27, 6, 4
;__Lib_System.c, 103 :: 		
0xBFC00074	0x409E6002  MTC0	R30, 12, 2
;__Lib_System.c, 104 :: 		
0xBFC00078	0x41C10800  WRPGPR	GP, GP
;__Lib_System.c, 105 :: 		
0xBFC0007C	0x409C6002  MTC0	R28, 12, 2
;__Lib_System.c, 111 :: 		
0xBFC00080	0x3C02A421  LUI	R2, 42017
0xBFC00084	0x34420583  ORI	R2, R2, 1411
0xBFC00088	0x0040F00A  MOVZ	R30, R2, R0
0xBFC0008C	0x409E8000  MTC0	R30, 16, 0
;__Lib_System.c, 114 :: 		
0xBFC00090	0x0000100A  MOVZ	R2, R0, R0
0xBFC00094	0x0040F00A  MOVZ	R30, R2, R0
0xBFC00098	0x409E4800  MTC0	R30, 9, 0
;__Lib_System.c, 117 :: 		
0xBFC0009C	0x3C02FFFF  LUI	R2, 65535
0xBFC000A0	0x3442FFFF  ORI	R2, R2, 65535
0xBFC000A4	0x0040F00A  MOVZ	R30, R2, R0
0xBFC000A8	0x409E5800  MTC0	R30, 11, 0
;__Lib_System.c, 119 :: 		
0xBFC000AC	0x3C029FC0  LUI	R2, 40896
0xBFC000B0	0x34421000  ORI	R2, R2, 4096
0xBFC000B4	0x0040F00A  MOVZ	R30, R2, R0
0xBFC000B8	0x409E7801  MTC0	R30, 15, 1
;__Lib_System.c, 121 :: 		
0xBFC000BC	0x34020020  ORI	R2, R0, 32
0xBFC000C0	0x0040F00A  MOVZ	R30, R2, R0
0xBFC000C4	0x409E6001  MTC0	R30, 12, 1
;__Lib_System.c, 123 :: 		
0xBFC000C8	0x3C020400  LUI	R2, 1024
0xBFC000CC	0x0040F00A  MOVZ	R30, R2, R0
0xBFC000D0	0x409E6002  MTC0	R30, 12, 2
;__Lib_System.c, 124 :: 		
0xBFC000D4	0x0000100A  MOVZ	R2, R0, R0
0xBFC000D8	0x0040F00A  MOVZ	R30, R2, R0
0xBFC000DC	0x409E6003  MTC0	R30, 12, 3
;__Lib_System.c, 129 :: 		
0xBFC000E0	0x3C020010  LUI	R2, 16
0xBFC000E4	0x0040F00A  MOVZ	R30, R2, R0
0xBFC000E8	0x409E6000  MTC0	R30, 12, 0
;__Lib_System.c, 132 :: 		
0xBFC000EC	0x34020032  ORI	R2, R0, 50
0xBFC000F0	0x3C1EBF88  LUI	R30, 49032
0xBFC000F4	0xAFC24000  SW	R2, 16384(R30)
;__Lib_System.c, 137 :: 		
0xBFC000F8	0x34021000  ORI	R2, R0, 4096
0xBFC000FC	0x3C1EBF88  LUI	R30, 49032
0xBFC00100	0xAFC21000  SW	R2, 4096(R30)
;__Lib_System.c, 143 :: 		
0xBFC00104	0x3C020080  LUI	R2, 128
0xBFC00108	0x0040F00A  MOVZ	R30, R2, R0
0xBFC0010C	0x409E6800  MTC0	R30, 13, 0
;__Lib_System.c, 149 :: 		
0xBFC00110	0x3C1E9D00  LUI	R30, hi_addr(_main+0)
;__Lib_System.c, 150 :: 		
0xBFC00114	0x37DE1180  ORI	R30, R30, lo_addr(_main+0)
;__Lib_System.c, 152 :: 		
0xBFC00118	0x03C00008  JR	R30
;__Lib_System.c, 153 :: 		
0xBFC0011C	0x70000000  NOP	
;__Lib_System.c, 155 :: 		
L_end___BootStartUp:
0xBFC00120	0x03E00008  JR	RA
0xBFC00124	0x27BD0004  ADDIU	SP, SP, 4
; end of ___BootStartUp
___BootGenExcept:
;__Lib_System.c, 56 :: 		
0x9D001168	0x27BDFFFC  ADDIU	SP, SP, -4
;__Lib_System.c, 57 :: 		
L___BootGenExcept6:
;__Lib_System.c, 58 :: 		
0x9D00116C	0x0B40045B  J	L___BootGenExcept6
0x9D001170	0x70000000  NOP	
;__Lib_System.c, 59 :: 		
L_end___BootGenExcept:
0x9D001174	0x27BD0004  ADDIU	SP, SP, 4
0x9D001178	0x42000018  ERET	
0x9D00117C	0x70000000  NOP	
; end of ___BootGenExcept
___GenExcept:
;__Lib_System.c, 61 :: 		
0x9D001150	0x27BDFFFC  ADDIU	SP, SP, -4
;__Lib_System.c, 62 :: 		
L___GenExcept8:
;__Lib_System.c, 63 :: 		
0x9D001154	0x0B400455  J	L___GenExcept8
0x9D001158	0x70000000  NOP	
;__Lib_System.c, 64 :: 		
L_end___GenExcept:
0x9D00115C	0x27BD0004  ADDIU	SP, SP, 4
0x9D001160	0x42000018  ERET	
0x9D001164	0x70000000  NOP	
; end of ___GenExcept
0x9D001250	0x03E0C80A  MOVZ	R25, RA, R0
0x9D001254	0x3C17A000  LUI	R23, 40960
0x9D001258	0x36F70000  ORI	R23, R23, 0
0x9D00125C	0x3C16A000  LUI	R22, 40960
0x9D001260	0x36D60027  ORI	R22, R22, 39
0x9D001264	0x3C189D00  LUI	R24, 40192
0x9D001268	0x37181218  ORI	R24, R24, 4632
0x9D00126C	0x0F400444  JAL	___CC2DW
0x9D001270	0x70000000  NOP	
0x9D001274	0x0320F80A  MOVZ	RA, R25, R0
0x9D001278	0x03E00008  JR	RA
0x9D00127C	0x70000000  NOP	
0x9D0012D8	0x03E0C80A  MOVZ	R25, RA, R0
0x9D0012DC	0x3C17A000  LUI	R23, 40960
0x9D0012E0	0x36F70000  ORI	R23, R23, 0
0x9D0012E4	0x3C16A000  LUI	R22, 40960
0x9D0012E8	0x36D600B0  ORI	R22, R22, 176
0x9D0012EC	0x0F40044C  JAL	___FillZeros
0x9D0012F0	0x70000000  NOP	
0x9D0012F4	0x0320F80A  MOVZ	RA, R25, R0
0x9D0012F8	0x03E00008  JR	RA
0x9D0012FC	0x70000000  NOP	
;easypicfusion_v7_P32MX795F512L.c,47 :: __MIKROBUS1_GPIO [96]
0x9D0011B8	0x9D000B50 ;__MIKROBUS1_GPIO+0
0x9D0011BC	0x9D000B6C ;__MIKROBUS1_GPIO+4
0x9D0011C0	0x9D000B88 ;__MIKROBUS1_GPIO+8
0x9D0011C4	0x9D000654 ;__MIKROBUS1_GPIO+12
0x9D0011C8	0x9D0003DC ;__MIKROBUS1_GPIO+16
0x9D0011CC	0x9D0003C0 ;__MIKROBUS1_GPIO+20
0x9D0011D0	0x9D0003A4 ;__MIKROBUS1_GPIO+24
0x9D0011D4	0x9D0003F8 ;__MIKROBUS1_GPIO+28
0x9D0011D8	0x9D00044C ;__MIKROBUS1_GPIO+32
0x9D0011DC	0x9D000430 ;__MIKROBUS1_GPIO+36
0x9D0011E0	0x9D000414 ;__MIKROBUS1_GPIO+40
0x9D0011E4	0x9D000468 ;__MIKROBUS1_GPIO+44
0x9D0011E8	0xFFFFFFFF ;__MIKROBUS1_GPIO+48
0x9D0011EC	0xFFFFFFFF ;__MIKROBUS1_GPIO+52
0x9D0011F0	0xFFFFFFFF ;__MIKROBUS1_GPIO+56
0x9D0011F4	0xFFFFFFFF ;__MIKROBUS1_GPIO+60
0x9D0011F8	0xFFFFFFFF ;__MIKROBUS1_GPIO+64
0x9D0011FC	0xFFFFFFFF ;__MIKROBUS1_GPIO+68
0x9D001200	0xFFFFFFFF ;__MIKROBUS1_GPIO+72
0x9D001204	0xFFFFFFFF ;__MIKROBUS1_GPIO+76
0x9D001208	0xFFFFFFFF ;__MIKROBUS1_GPIO+80
0x9D00120C	0xFFFFFFFF ;__MIKROBUS1_GPIO+84
0x9D001210	0xFFFFFFFF ;__MIKROBUS1_GPIO+88
0x9D001214	0xFFFFFFFF ;__MIKROBUS1_GPIO+92
; end of __MIKROBUS1_GPIO
;,0 :: _initBlock_1 [55]
; Containing: ?ICS?lstr2_Click_Slider2_PIC32 [19]
;             ?ICS?lstr1_Click_Slider2_PIC32 [20]
;             Digits [16]
0x9D001218	0x696C5320 ;_initBlock_1+0 : ?ICS?lstr2_Click_Slider2_PIC32 at 0x9D001218
0x9D00121C	0x20726564 ;_initBlock_1+4
0x9D001220	0x756C6176 ;_initBlock_1+8
0x9D001224	0x203A2065 ;_initBlock_1+12
0x9D001228	0x2D007830 ;_initBlock_1+16 : ?ICS?lstr1_Click_Slider2_PIC32 at 0x9D00122B
0x9D00122C	0x53202D2D ;_initBlock_1+20
0x9D001230	0x65747379 ;_initBlock_1+24
0x9D001234	0x6E49206D ;_initBlock_1+28
0x9D001238	0x2D207469 ;_initBlock_1+32
0x9D00123C	0x30002D2D ;_initBlock_1+36 : Digits at 0x9D00123F
0x9D001240	0x34333231 ;_initBlock_1+40
0x9D001244	0x38373635 ;_initBlock_1+44
0x9D001248	0x43424139 ;_initBlock_1+48
0x9D00124C	0x464544 ;_initBlock_1+52
; end of _initBlock_1
Symbol List:
//** Routines locations **
//ADDRESS    SIZE    PROCEDURE
//----------------------------------------------
0x9D000000     [140]    __Lib_UART_123456_UART_Calc_BRG
0x9D00008C      [16]    _Get_Fosc_kHz
0x9D00009C      [52]    _UART4_Write
0x9D0000D0     [232]    _UART2_Init
0x9D0001B8      [52]    _UART2_Write
0x9D0001EC      [52]    _UART1_Write
0x9D000220     [232]    _UART5_Init
0x9D000308      [52]    _UART3_Write
0x9D00033C      [52]    _UART5_Write
0x9D000370      [52]    _UART6_Write
0x9D0003A4      [28]    easypicfusion_v7_P32MX795F512L__setPWM_1
0x9D0003C0      [28]    easypicfusion_v7_P32MX795F512L__setMOSI_1
0x9D0003DC      [28]    easypicfusion_v7_P32MX795F512L__setMISO_1
0x9D0003F8      [28]    easypicfusion_v7_P32MX795F512L__setINT_1
0x9D000414      [28]    easypicfusion_v7_P32MX795F512L__setSCL_1
0x9D000430      [28]    easypicfusion_v7_P32MX795F512L__setTX_1
0x9D00044C      [28]    easypicfusion_v7_P32MX795F512L__setRX_1
0x9D000468      [28]    easypicfusion_v7_P32MX795F512L__setSDA_1
0x9D000484      [28]    easypicfusion_v7_P32MX795F512L__setTX_2
0x9D0004A0      [28]    easypicfusion_v7_P32MX795F512L__setRX_2
0x9D0004BC      [28]    easypicfusion_v7_P32MX795F512L__setINT_2
0x9D0004D8     [128]    _ADC1_Get_Sample
0x9D000558      [28]    easypicfusion_v7_P32MX795F512L__setSDA_2
0x9D000574      [28]    easypicfusion_v7_P32MX795F512L__setSCL_2
0x9D000590      [28]    easypicfusion_v7_P32MX795F512L__setPWM_2
0x9D0005AC      [28]    easypicfusion_v7_P32MX795F512L__setCS_2
0x9D0005C8      [28]    easypicfusion_v7_P32MX795F512L__setRST_2
0x9D0005E4      [28]    easypicfusion_v7_P32MX795F512L__setAN_2
0x9D000600      [28]    easypicfusion_v7_P32MX795F512L__setMOSI_2
0x9D00061C      [28]    easypicfusion_v7_P32MX795F512L__setMISO_2
0x9D000638      [28]    easypicfusion_v7_P32MX795F512L__setSCK_2
0x9D000654      [28]    easypicfusion_v7_P32MX795F512L__setSCK_1
0x9D000670      [44]    easypicfusion_v7_P32MX795F512L__log_initUartA
0x9D00069C      [44]    easypicfusion_v7_P32MX795F512L__log_initUartB
0x9D0006C8      [48]    easypicfusion_v7_P32MX795F512L__log_write
0x9D0006F8      [44]    easypicfusion_v7_P32MX795F512L__log_init2
0x9D000724     [512]    easypicfusion_v7_P32MX795F512L__gpioInit_1
0x9D000924     [512]    easypicfusion_v7_P32MX795F512L__gpioInit_2
0x9D000B24      [44]    easypicfusion_v7_P32MX795F512L__log_init1
0x9D000B50      [28]    easypicfusion_v7_P32MX795F512L__setAN_1
0x9D000B6C      [28]    easypicfusion_v7_P32MX795F512L__setRST_1
0x9D000B88      [28]    easypicfusion_v7_P32MX795F512L__setCS_1
0x9D000BA4      [32]    __slider2_Driver_hal_gpioMap
0x9D000BC4      [48]    _ADC1_Read
0x9D000BF4     [124]    _mikrobus_gpioInit
0x9D000C70      [28]    _Delay_100ms
0x9D000C8C      [80]    _ADC1_Init
0x9D000CDC      [32]    _slider2_setReference
0x9D000CFC     [172]    _mikrobus_logInit
0x9D000DA8      [28]    _slider2_gpioDriverInit
0x9D000DC4      [32]    _slider2_enable
0x9D000DE4     [184]    _WordToHex
0x9D000E9C     [304]    _mikrobus_logWrite
0x9D000FCC     [128]    _applicationTask
0x9D00104C     [124]    _systemInit
0x9D0010C8      [72]    _applicationInit
0x9D001110      [32]    ___CC2DW
0x9D001130      [32]    ___FillZeros
0x9D001150      [24]    ___GenExcept
0x9D001168      [24]    ___BootGenExcept
0x9D001180      [56]    _main
0xBFC00000     [296]    ___BootStartUp
//** Variables locations ** 
//ADDRESS    SIZE    VARIABLE
//----------------------------------------------
0xA0000000      [19]    ?lstr2_Click_Slider2_PIC32
0xA0000013      [20]    ?lstr1_Click_Slider2_PIC32
0xA0000028       [4]    _sliderValue
0xA000002C     [100]    _demoText
0xA0000090       [4]    __slider2_Driver_hal_gpio_pwmSet
0xA0000094       [4]    __slider2_Driver_hal_gpio_csSet
0xA0000098       [4]    _UART_Rdy_Ptr
0xA000009C       [4]    _UART_Tx_Idle_Ptr
0xA00000A0       [4]    _ADC_Get_Sample_Ptr
0xA00000A4       [4]    _logger
0xA00000A8       [4]    _UART_Wr_Ptr
0xA00000AC       [4]    _UART_Rd_Ptr
//** Constants locations ** 
//ADDRESS    SIZE    CONSTANT
//----------------------------------------------
0x9D0011B8      [96]    __MIKROBUS1_GPIO
0x9D001218      [19]    ?ICS?lstr2_Click_Slider2_PIC32
0x9D00122B      [20]    ?ICS?lstr1_Click_Slider2_PIC32
0x9D00123F      [16]    __Lib_Conversions_Digits
