0	1	mikroCARM.exe -MSF -DBG -pTM4C129XNCZAD -RA -BIN -DL -SSA -O11111114 -fo120 -N"D:\Clicks_git\S\Slider_2_Click\SW\example\c\ARM\TIVA\Click_Slider2_TIVA.mcpar" -SP"C:\Users\Public\Documents\Mikroelektronika\mikroC PRO for ARM\Defs\" -SP"C:\Users\Public\Documents\Mikroelektronika\mikroC PRO for ARM\Uses\TI M4\" -SP"D:\Clicks_git\S\Slider_2_Click\SW\example\c\ARM\TIVA\" -SP"D:\Clicks_git\S\Slider_2_Click\SW\library\HAL\" -SP"D:\Clicks_git\S\Slider_2_Click\SW\library\" -SP"C:\Users\Public\Documents\Mikroelektronika\mikroC PRO for ARM\Packages\mikroBUS Board Definition API\Uses\" -IP"C:\Users\Public\Documents\Mikroelektronika\mikroC PRO for ARM\Uses\TI M4\" -IP"D:\Clicks_git\S\Slider_2_Click\SW\example\c\ARM\TIVA\" -IP"D:\Clicks_git\S\Slider_2_Click\SW\library\" -IP"D:\Clicks_git\S\Slider_2_Click\SW\library\HAL\" -IP"C:\Users\Public\Documents\Mikroelektronika\mikroC PRO for ARM\Packages\mikroBUS Board Definition API\Uses\" "Click_Slider2_TIVA.c" "__slider2_driver.c" "__Lib_Math.emcl" "__Lib_Delays.emcl" "__Lib_MathDouble.emcl" "__Lib_System_TIVA.emcl" "__Lib_GPIO_6_Defs.emcl" "__Lib_GPIO_6.emcl" "__Lib_CString.emcl" "__Lib_Conversions.emcl" "__Lib_ADC_24.emcl" "__Lib_UART_07.emcl" "easymx_v7_TM4C129XNCZAD.emcl" "Click_Slider2.pld"	 
diagnostics: 0	122	Compilation Started	TM4C129XNCZAD.c
diagnostics: 85903	123	Compiled Successfully	TM4C129XNCZAD.c
diagnostics: 0	122	Compilation Started	__Lib_Delays.c
diagnostics: 119	123	Compiled Successfully	__Lib_Delays.c
hint: 66	1164	Variable 'cycles_div_by_10' has been eliminated by optimizer	__Lib_Delays.c
hint: 88	1164	Variable 'NumberOfCyc' has been eliminated by optimizer	__Lib_Delays.c
hint: 105	1164	Variable 'NumberOfCyc' has been eliminated by optimizer	__Lib_Delays.c
diagnostics: 0	122	Compilation Started	__gpio.h
diagnostics: 763	123	Compiled Successfully	__Lib_GPIO_6_Defs.c
diagnostics: 0	122	Compilation Started	stdint.h
diagnostics: 349	123	Compiled Successfully	easymx_v7_TM4C129XNCZAD.c
diagnostics: 0	122	Compilation Started	stdint.h
diagnostics: 74	123	Compiled Successfully	Click_Slider2_TIVA.c
diagnostics: 0	122	Compilation Started	stdint.h
diagnostics: 85	123	Compiled Successfully	__slider2_driver.c
hint: 323	1164	Variable 'tmp' has been eliminated by optimizer	__slider2_driver.c
diagnostics: 0	127	All files Compiled in 125 ms	 
hint: 0	1144	Used RX: 16 (100%)   Free RX: 0 (0%)	Used RX: 16 (100%)   Free RX: 0 (0%)
hint: 0	1144	Static RAM (bytes): 179   Dynamic RAM (bytes): 261961	Static RAM (bytes): 179   Dynamic RAM (bytes): 261961
hint: 0	1144	Used ROM (bytes): 8067 (1%)  Free ROM (bytes): 1040509 (99%)	Used ROM (bytes): 8067 (1%)  Free ROM (bytes): 1040509 (99%)
diagnostics: 0	125	Project Linked Successfully	Click_Slider2_TIVA.mcpar
diagnostics: 0	128	Linked in 656 ms	 
diagnostics: 0	129	Project 'Click_Slider2_TIVA.mcpar' completed: 2672 ms	 
diagnostics: 0	103	Finished successfully: 24 okt 2018, 14:12:01	Click_Slider2_TIVA.mcpar
