0	1	mikroCARM.exe -MSF -DBG -pCEC1702 -RA -BIN -DL -SSA -O11111114 -fo48 -N"D:\Clicks_git\S\Slider_2_Click\SW\example\c\ARM\CEC\Click_Slider2_CEC.mcpar" -SP"C:\Users\Public\Documents\Mikroelektronika\mikroC PRO for ARM\Defs\" -SP"C:\Users\Public\Documents\Mikroelektronika\mikroC PRO for ARM\Uses\MCHP M4\" -SP"D:\Clicks_git\S\Slider_2_Click\SW\example\c\ARM\CEC\" -SP"D:\Clicks_git\S\Slider_2_Click\SW\library\HAL\" -SP"D:\Clicks_git\S\Slider_2_Click\SW\library\" -SP"C:\Users\Public\Documents\Mikroelektronika\mikroC PRO for ARM\Packages\mikroBUS Board Definition API\Uses\" -IP"C:\Users\Public\Documents\Mikroelektronika\mikroC PRO for ARM\Uses\MCHP M4\" -IP"D:\Clicks_git\S\Slider_2_Click\SW\example\c\ARM\CEC\" -IP"D:\Clicks_git\S\Slider_2_Click\SW\library\" -IP"D:\Clicks_git\S\Slider_2_Click\SW\library\HAL\" -IP"C:\Users\Public\Documents\Mikroelektronika\mikroC PRO for ARM\Packages\mikroBUS Board Definition API\Uses\" "Click_Slider2_CEC.c" "__slider2_driver.c" "__Lib_Math.emcl" "__Lib_MathDouble.emcl" "__Lib_Delays.emcl" "__Lib_System_CEC1702.emcl" "__Lib_GPIO_CEC1702.emcl" "__Lib_CString.emcl" "__Lib_Conversions.emcl" "__Lib_ADC_1702.emcl" "__Lib_UART_01.emcl" "clicker_2_CEC1702.emcl" "Click_Slider2.pld"	 
diagnostics: 0	122	Compilation Started	CEC1702.c
diagnostics: 25822	123	Compiled Successfully	CEC1702.c
diagnostics: 0	122	Compilation Started	__Lib_Delays.c
diagnostics: 119	123	Compiled Successfully	__Lib_Delays.c
hint: 66	1164	Variable 'cycles_div_by_10' has been eliminated by optimizer	__Lib_Delays.c
hint: 88	1164	Variable 'NumberOfCyc' has been eliminated by optimizer	__Lib_Delays.c
hint: 105	1164	Variable 'NumberOfCyc' has been eliminated by optimizer	__Lib_Delays.c
diagnostics: 0	122	Compilation Started	stdint.h
diagnostics: 348	123	Compiled Successfully	clicker_2_CEC1702.c
diagnostics: 0	122	Compilation Started	stdint.h
diagnostics: 74	123	Compiled Successfully	Click_Slider2_CEC.c
diagnostics: 0	122	Compilation Started	stdint.h
diagnostics: 85	123	Compiled Successfully	__slider2_driver.c
hint: 323	1164	Variable 'tmp' has been eliminated by optimizer	__slider2_driver.c
diagnostics: 0	127	All files Compiled in 78 ms	 
hint: 0	1144	Used RX: 16 (100%)   Free RX: 0 (0%)	Used RX: 16 (100%)   Free RX: 0 (0%)
hint: 0	1144	Static RAM (bytes): 183   Dynamic RAM (bytes): 65349	Static RAM (bytes): 183   Dynamic RAM (bytes): 65349
hint: 0	1144	Used ROM (bytes): 7045 (2%)  Free ROM (bytes): 418939 (98%)	Used ROM (bytes): 7045 (2%)  Free ROM (bytes): 418939 (98%)
diagnostics: 0	125	Project Linked Successfully	Click_Slider2_CEC.mcpar
diagnostics: 0	128	Linked in 219 ms	 
diagnostics: 0	129	Project 'Click_Slider2_CEC.mcpar' completed: 1110 ms	 
diagnostics: 0	103	Finished successfully: 24 okt 2018, 14:27:01	Click_Slider2_CEC.mcpar
